<?xml version="1.0" encoding="UTF-8"?>
<testExecutions version="1">
  <file path="/home/lucascardoso/Arco/HubDigitalFront/packages/apps/hub-web/src/__tests__/layouts/Iframe/components/Header/HeaderMobile.spec.tsx">
    <testCase name="Mobile Header`s layout should work properly Should render correct infos on screen when menu is open" duration="1586"/>
    <testCase name="Mobile Header`s layout should work properly Should call handlePush function when a card is clicked" duration="1111"/>
    <testCase name="Mobile Header`s layout should work properly Should call useDisclosure`s functions handlers when Drawer is triggered" duration="269"/>
    <testCase name="Mobile Header`s layout should work properly Should render without crashing even when cards were not provided" duration="1407"/>
    <testCase name="Mobile Header`s layout should work properly Should filter the cards correctly" duration="2740"/>
    <testCase name="Mobile Header`s layout should work properly Should close Drawer when `Escape` (Esc) key is down" duration="0"/>
  </file>
  <file path="/home/lucascardoso/Arco/HubDigitalFront/packages/apps/hub-web/src/__tests__/pages/Auth/ChangePassword.spec.tsx">
    <testCase name="Change Password page should work properly should change input type if view changes" duration="1239"/>
    <testCase name="Change Password page should work properly should redirect user if no token was provided" duration="452"/>
    <testCase name="Change Password page should work properly should return user to previous page when goBack is clicked" duration="334"/>
    <testCase name="Change Password page should work properly should display an error when validation fails" duration="551"/>
    <testCase name="Change Password page should work properly should display a generic error when validation throws it" duration="395"/>
    <testCase name="Change Password page should work properly Should dispatch actions with correct payloads" duration="374"/>
  </file>
  <file path="/home/lucascardoso/Arco/HubDigitalFront/packages/apps/hub-web/src/__tests__/components/Header/AlterPass.spec.tsx">
    <testCase name="get started Should throw a `validation` error if the form was submitted without any information" duration="945"/>
    <testCase name="get started Should throw a `generic` error if an error other than` validation` has been thrown" duration="464"/>
    <testCase name="get started Should call `onClose` function when `CANCELAR` is clicked" duration="286"/>
    <testCase name="get started Should dispatch an `@user/USER_PASSWORD_PANEL_REQUEST` action if the form has been submitted with correct data" duration="403"/>
    <testCase name="get started Should convert input`s type to text when viewPass and viewNewPass are true" duration="517"/>
  </file>
  <file path="/home/lucascardoso/Arco/HubDigitalFront/packages/apps/hub-web/src/__tests__/pages/Home/Home.spec.tsx">
    <testCase name="Testing that the Home page works correctly Should render the correct elements on the screen" duration="1351"/>
    <testCase name="Testing that the Home page works correctly Should not show any card when an unknown card is searched on filter" duration="521"/>
    <testCase name="Testing that the Home page works correctly Should dispatch `@auth/AUTH_PRODUCT_REQUEST` when a card is clicked" duration="414"/>
    <testCase name="Testing that the Home page works correctly Should not render any cards when the products are loading" duration="605"/>
    <testCase name="Testing that the Home page works correctly Should render a message when the products have already loaded, but they are empty []" duration="341"/>
    <testCase name="Testing that the Home page works correctly Should render with default Welcome titles" duration="461"/>
    <testCase name="Testing that the Home page works correctly Should render `userClass` and `Profile` when profile name is `Aluno`" duration="477"/>
  </file>
  <file path="/home/lucascardoso/Arco/HubDigitalFront/packages/apps/hub-web/src/__tests__/components/ModalNoClass.spec.tsx">
    <testCase name="ModalNoClass component should work properly should trigger the logout action by clicking the exit button" duration="3241"/>
    <testCase name="ModalNoClass component should work properly Must render the component on screen correctly" duration="1374"/>
    <testCase name="ModalNoClass component should work properly Render the component in the Desktop version" duration="1295"/>
    <testCase name="ModalNoClass component should work properly The component should not be on screen" duration="182"/>
  </file>
  <file path="/home/lucascardoso/Arco/HubDigitalFront/packages/apps/hub-web/src/__tests__/pages/Auth/ForgotFail.spec.tsx">
    <testCase name="Expired Token page should work properly Should redirect to `/login` when `sendViewToken` doesn`t exist or it`s false" duration="267"/>
    <testCase name="Expired Token page should work properly Should render the correcly elements on screen" duration="166"/>
    <testCase name="Expired Token page should work properly Should redirect to `/login` when `Voltar para o login` is clicked" duration="230"/>
    <testCase name="Expired Token page should work properly Should redirect to `/login` when `GoBack` is clicked" duration="164"/>
  </file>
  <file path="/home/lucascardoso/Arco/HubDigitalFront/packages/apps/hub-web/src/__tests__/components/Header/context.spec.tsx">
    <testCase name="Testing useHeader Should return define a Header Context" duration="15"/>
    <testCase name="Testing useHeader Should throw an error when context is not provided" duration="107"/>
    <testCase name="Testing HeaderContext Should change role infos when setRole is called" duration="8"/>
  </file>
  <file path="/home/lucascardoso/Arco/HubDigitalFront/packages/common/__tests__/components/Select.spec.tsx">
    <testCase name="Select renders without crashing Select normal variant render all options" duration="1233"/>
    <testCase name="Select renders without crashing Select blue-transparent variant render options" duration="735"/>
    <testCase name="Select renders without crashing Select displays error message when no options are provided" duration="419"/>
  </file>
  <file path="/home/lucascardoso/Arco/HubDigitalFront/packages/common/__tests__/components/Drawer.spec.tsx">
    <testCase name="Testing if Drawer component render correctly should render open, as well must render Drawer Header, Body and Footer" duration="1616"/>
    <testCase name="Testing if Drawer component render correctly Drawer matches snapshot" duration="1115"/>
    <testCase name="testing useDesclosure should returns the correct values" duration="5"/>
  </file>
  <file path="/home/lucascardoso/Arco/HubDigitalFront/packages/apps/hub-web/src/__tests__/components/ModalSupport.spec.tsx">
    <testCase name="ModalSupport component testing Should redirect to FAQ when `ACESSAR FAQ` button is clicked" duration="1553"/>
    <testCase name="ModalSupport component testing Context onClose when ModalSupport`s close button is triggered" duration="1588"/>
    <testCase name="ModalSupport component testing " duration="1452"/>
    <testCase name="ModalSupport component testing Should toMatchSnapShot" duration="143"/>
  </file>
  <file path="/home/lucascardoso/Arco/HubDigitalFront/packages/common/__tests__/components/Collapse.spec.tsx">
    <testCase name="Collapse component should work properly Collapse doesnt render collapse-box when disable is true" duration="254"/>
    <testCase name="Collapse component should work properly Collapse change its animation when isOpen is true" duration="191"/>
    <testCase name="Collapse component should work properly Collapse change its animation when isOpen is false" duration="207"/>
    <testCase name="Collapse component should work properly Collapse render name inside Heading" duration="155"/>
    <testCase name="Collapse component should work properly Collapse with false grid doesnt render SimpleGrid" duration="171"/>
    <testCase name="Collapse component should work properly Collapse uses SimpleGrid in large screens" duration="208"/>
  </file>
  <file path="/home/lucascardoso/Arco/HubDigitalFront/packages/common/__tests__/layout/styles.spec.tsx">
    <testCase name="Testing chacka`s styles hooks useTheme shouldn`t return void theme when encapsulated by a theme provider" duration="222"/>
    <testCase name="Testing chacka`s styles hooks useColorMode should  gives you access to the current color mode, and a function to toggle the color mode." duration="149"/>
    <testCase name="Testing chacka`s styles hooks useColorModeValue returns current color mode: by default return light mode color" duration="147"/>
    <testCase name="Testing chacka`s styles hooks useMediaQuery should returns an array of booleans, indicating whether the given query matches or queries match" duration="6"/>
  </file>
  <file path="/home/lucascardoso/Arco/HubDigitalFront/packages/common/__tests__/components/Form.spec.tsx">
    <testCase name="Form works properly input should render icons correctly and change style when focused" duration="384"/>
    <testCase name="Form works properly input should display an error if useField returns error as truthy" duration="272"/>
    <testCase name="Form works properly Form calls submit with correct values" duration="171"/>
  </file>
  <file path="/home/lucascardoso/Arco/HubDigitalFront/packages/apps/hub-web/src/__tests__/pages/Auth/SignIn.spec.tsx">
    <testCase name="Testing that the Login page works correctly should redirect the user to /esqueci-minha-senha when click on `Esqueci minha senha`" duration="440"/>
    <testCase name="Testing that the Login page works correctly should open help modal when click on `Precido de ajuda`" duration="192"/>
    <testCase name="Testing that the Login page works correctly should change password input type when view icon is clicked" duration="257"/>
    <testCase name="Testing that the Login page works correctly Should render the elements of the Login page" duration="299"/>
    <testCase name="Testing that the Login page works correctly should dispatch @auth/SIGN_IN REQUEST with the right payload if the user data format is correct" duration="271"/>
    <testCase name="Testing that the Login page works correctly should throw a validation error when username and password input are empty" duration="309"/>
    <testCase name="Testing that the Login page works correctly should throw new error when username or password input are incorrect" duration="313"/>
    <testCase name="Testing that the Login page works correctly should change the type of the submit button to button type when sign-in strike is true" duration="267"/>
  </file>
  <file path="/home/lucascardoso/Arco/HubDigitalFront/packages/apps/hub-web/src/__tests__/layouts/Iframe/components/Header/HeaderDesktop.spec.tsx">
    <testCase name="HeaderDesktop should work properly Products menu should should display all solutions when clicked" duration="926"/>
    <testCase name="HeaderDesktop should work properly shouldnt display any card when no cards are provided" duration="264"/>
    <testCase name="HeaderDesktop should work properly card should handle push and log amplitude event when clicked" duration="367"/>
  </file>
  <file path="/home/lucascardoso/Arco/HubDigitalFront/packages/apps/hub-web/src/__tests__/pages/Auth/Profile/Profile.spec.tsx">
    <testCase name="Profile page should work properly Should render the correct elements on the screen" duration="534"/>
    <testCase name="Profile page should work properly The component `Select` should work correctly when the user interacts with it" duration="573"/>
    <testCase name="Profile page should work properly The `Profile` component should dispatch `@auth/FIRST_ACCESS` when the user chooses an option" duration="671"/>
  </file>
  <file path="/home/lucascardoso/Arco/HubDigitalFront/packages/apps/hub-web/src/__tests__/pages/Home/Filter.spec.tsx">
    <testCase name="Filter Component (by Welcome) should work properly The component `Filter` shouldn`t render any level options when profile is not `professor`" duration="348"/>
    <testCase name="Filter Component (by Welcome) should work properly The component `Filter` should render level options when trigged" duration="679"/>
    <testCase name="Filter Component (by Welcome) should work properly The `Filter` component should show only the chosen option" duration="663"/>
  </file>
  <file path="/home/lucascardoso/Arco/HubDigitalFront/packages/apps/hub-web/src/__tests__/pages/Auth/ForgotPassword.spec.tsx">
    <testCase name="Forgot Password page should work properly should display instructions about password recovery" duration="401"/>
    <testCase name="Forgot Password page should work properly Should display an error toast if submit with empty input" duration="352"/>
    <testCase name="Forgot Password page should work properly Should display an error toast if validator throws a generic error" duration="371"/>
    <testCase name="Forgot Password page should work properly Should redirect client to login page if sendViewToken is true" duration="182"/>
    <testCase name="Forgot Password page should work properly should go back when GoBack is clicked" duration="204"/>
    <testCase name="Forgot Password page should work properly Should dispatch an action with correct payload" duration="355"/>
  </file>
  <file path="/home/lucascardoso/Arco/HubDigitalFront/packages/common/__tests__/components/Tour.spec.tsx">
    <testCase name="Testing Tour component and your functionalities Should render Tour component with first step" duration="21"/>
    <testCase name="Testing Tour component and your functionalities should close the tour when closeButton is clicked" duration="967"/>
  </file>
  <file path="/home/lucascardoso/Arco/HubDigitalFront/packages/common/__tests__/components/CardProduct.spec.tsx">
    <testCase name="CardProduct component should work properly Card redirects to the correct link" duration="296"/>
    <testCase name="CardProduct component should work properly Card shows correct notification" duration="221"/>
    <testCase name="CardProduct component should work properly Card has &quot;hub&quot; category when no category is received" duration="143"/>
    <testCase name="CardProduct component should work properly Card shows &quot;Em breve&quot; text when doesnt receive a link" duration="179"/>
  </file>
  <file path="/home/lucascardoso/Arco/HubDigitalFront/packages/apps/hub-web/src/__tests__/pages/Auth/ExpiredToken.spec.tsx">
    <testCase name="Expired Token page should work properly Should redirect to `/` when `validateViewPin` doesn`t exist or it`s false" duration="406"/>
    <testCase name="Expired Token page should work properly Should render the correcly elements on screen" duration="229"/>
    <testCase name="Expired Token page should work properly Should redirect to `/esqueci-minha-senha` when `Solicitar novo link` is clicked" duration="154"/>
    <testCase name="Expired Token page should work properly Should redirect to `/login` when `GoBack` is clicked" duration="192"/>
  </file>
  <file path="/home/lucascardoso/Arco/HubDigitalFront/packages/common/__tests__/components/Popover.spec.tsx">
    <testCase name="Popover component should work properly Should render with correctly content" duration="255"/>
    <testCase name="Popover component should work properly Should close visibility of the Popover when close button is clicked" duration="903"/>
  </file>
  <file path="/home/lucascardoso/Arco/HubDigitalFront/packages/apps/hub-web/src/__tests__/layouts/Auth/Auth.spec.tsx">
    <testCase name="Auth`s layout should render without crashing Auth`s layout should encapsulate correctly the children" duration="380"/>
  </file>
  <file path="/home/lucascardoso/Arco/HubDigitalFront/packages/common/__tests__/components/Modal.spec.tsx">
    <testCase name="Modal component should work properly Should render the children on screen with correctly props" duration="25"/>
    <testCase name="Modal component should work properly Shoudn`t render the component when prop open is false (closed Model)" duration="170"/>
  </file>
  <file path="/home/lucascardoso/Arco/HubDigitalFront/packages/common/__tests__/components/Welcome.spec.tsx">
    <testCase name="Welcome renders with correct props should render Welcome message correctly" duration="272"/>
    <testCase name="Welcome renders with correct props should render with welcome message despite undefined props" duration="207"/>
    <testCase name="Welcome renders with correct props should render user name as `Usuário` when option is `name` and prop name is undefined" duration="388"/>
  </file>
  <file path="/home/lucascardoso/Arco/HubDigitalFront/packages/apps/hub-web/src/__tests__/components/Header/Desktop.spec.tsx">
    <testCase name="Desktop Header component Should dispatch a `@tour/OPEN_TOUR` action when `Fazer tour` button is clicked" duration="511"/>
    <testCase name="Desktop Header component Should redirect to `/minhas-turmas`when `Minhas turmas` button is clicked" duration="876"/>
    <testCase name="Desktop Header component Popover should be visible when header`s avatar is clicked" duration="780"/>
    <testCase name="Desktop Header component Should have a button called `Estou com uma dúvida`" duration="257"/>
    <testCase name="Desktop Header component Should dispatch an `@auth/SIGN_OUT` action when `Sair` is clicked" duration="946"/>
    <testCase name="Desktop Header component Should close Popover when component is on blur or escape (ESC)" duration="1162"/>
    <testCase name="Desktop Header component Should change the `school` on selector when other `school` is triggered" duration="1372"/>
    <testCase name="Desktop Header component Should change the `role` on selector when other `role` is triggered" duration="1570"/>
  </file>
  <file path="/home/lucascardoso/Arco/HubDigitalFront/packages/apps/hub-web/src/__tests__/pages/Home/FakeCollapse.spec.tsx">
    <testCase name="FakeCollapse renders without crashing should have children" duration="223"/>
    <testCase name="FakeCollapse renders without crashing Collapse with false grid doesn&apos;t render SimpleGrid" duration="156"/>
    <testCase name="FakeCollapse renders without crashing renders without crashing on larger screens" duration="206"/>
  </file>
  <file path="/home/lucascardoso/Arco/HubDigitalFront/packages/apps/hub-web/src/__tests__/layouts/Iframe/components/Header/AnimateGoBack.spec.tsx">
    <testCase name="AnimateGoBack should work properly Shoud call onClick when arrow left is clicked" duration="357"/>
    <testCase name="AnimateGoBack should work properly Should render without crashing when width was not provided" duration="220"/>
  </file>
  <file path="/home/lucascardoso/Arco/HubDigitalFront/packages/apps/hub-web/src/__tests__/pages/Home/FakeLoading.spec.tsx">
    <testCase name="testing fakeLoading should render without  crashing" duration="448"/>
  </file>
  <file path="/home/lucascardoso/Arco/HubDigitalFront/packages/common/__tests__/components/Skeleton.spec.tsx">
    <testCase name="Skeleton renders without crashing Stack matches snapshot" duration="210"/>
    <testCase name="Skeleton renders without crashing Skeleton matches snapshot" duration="352"/>
    <testCase name="Skeleton renders without crashing SkeletonCircle matches snapshot" duration="142"/>
    <testCase name="Skeleton renders without crashing SkeletonText matches snapshot" duration="201"/>
  </file>
  <file path="/home/lucascardoso/Arco/HubDigitalFront/packages/apps/hub-web/src/__tests__/layouts/Iframe/components/Card.spec.tsx">
    <testCase name="Card`s layout should work properly Should render card`s elements on screen" duration="247"/>
    <testCase name="Card`s layout should work properly Should call onClick function when card box is clicked" duration="258"/>
  </file>
  <file path="/home/lucascardoso/Arco/HubDigitalFront/packages/apps/hub-web/src/__tests__/components/GoBack.spec.tsx">
    <testCase name="Goback component should render on screen and when clicking trigger an event" duration="205"/>
  </file>
  <file path="/home/lucascardoso/Arco/HubDigitalFront/packages/apps/hub-web/src/__tests__/layouts/Iframe/components/Header/Header.spec.tsx">
    <testCase name="Header`s layout should work properly Header should render Mobile Header when useMediaQuery returns [false]" duration="198"/>
    <testCase name="Header`s layout should work properly Header should render Desktop Header when useMediaQuery returns [true]" duration="134"/>
    <testCase name="Header`s layout should work properly Should call the go back handler when a GoBack is clicked" duration="248"/>
  </file>
  <file path="/home/lucascardoso/Arco/HubDigitalFront/packages/apps/hub-web/src/__tests__/layouts/Iframe/components/Search.spec.tsx">
    <testCase name="should work properly Should render an input on screen" duration="228"/>
    <testCase name="should work properly Should call onChange handler when a value is triggered on input" duration="195"/>
    <testCase name="should work properly Should render without crashing" duration="146"/>
  </file>
  <file path="/home/lucascardoso/Arco/HubDigitalFront/packages/common/__tests__/layout/provider.spec.tsx">
    <testCase name="Testing Theme Provider should change theme when profile changes" duration="329"/>
  </file>
  <file path="/home/lucascardoso/Arco/HubDigitalFront/packages/common/__tests__/components/Accordion.spec.tsx">
    <testCase name="Accordion an UnmountClosed components Accordion being rendered on canvas" duration="156"/>
    <testCase name="Accordion an UnmountClosed components UnmountClosed being rendered on canvas" duration="198"/>
  </file>
  <file path="/home/lucascardoso/Arco/HubDigitalFront/packages/apps/hub-web/src/__tests__/pages/Auth/Profile/CardBox.spec.tsx">
    <testCase name="CardBox Component should work properly Should render icon with correct titles" duration="250"/>
    <testCase name="CardBox Component should work properly Should call onClick when user choises an role" duration="150"/>
  </file>
  <file path="/home/lucascardoso/Arco/HubDigitalFront/packages/common/__tests__/components/SpinnerLoader.spec.tsx">
    <testCase name="SpinnerLoader renders without crashing SpinnerLoader matches snapshot" duration="271"/>
  </file>
  <file path="/home/lucascardoso/Arco/HubDigitalFront/packages/apps/hub-web/src/__tests__/store/modules/auth/sagas.spec.ts">
    <testCase name="Sagas of authentication history sign in Should the user authenticate with valid login and password and pass is redirected to choice" duration="12"/>
    <testCase name="Sagas of authentication history sign in If the Return of the API is flawed for some reason, the user is warned and the login will be rejected" duration="7"/>
    <testCase name="Sagas of authentication history sign in Should generate with a redirect query in the URL when passing the Redirect parameter in the login" duration="3"/>
  </file>
  <file path="/home/lucascardoso/Arco/HubDigitalFront/packages/common/__tests__/components/Heading.spec.tsx">
    <testCase name="Heading renders without crashing Heading has children" duration="9"/>
    <testCase name="Heading renders without crashing Heading matches snapshot" duration="64"/>
  </file>
  <file path="/home/lucascardoso/Arco/HubDigitalFront/packages/apps/hub-web/src/__tests__/components/Logo.spec.tsx">
    <testCase name="Logo component Must render the component on screen correctly" duration="126"/>
  </file>
  <file path="/home/lucascardoso/Arco/HubDigitalFront/packages/common/__tests__/components/Box.spec.tsx">
    <testCase name="Box renders without crashing Box has children" duration="9"/>
    <testCase name="Box renders without crashing Box matches snapshot" duration="5"/>
  </file>
  <file path="/home/lucascardoso/Arco/HubDigitalFront/packages/apps/hub-web/src/__tests__/layouts/Logged/Dashboard.spec.tsx">
    <testCase name="Logged`s layout should render without crashing Should call render children on screen" duration="258"/>
    <testCase name="Logged`s layout should render without crashing Shouldn`t call steps if `open` is false" duration="151"/>
    <testCase name="Logged`s layout should render without crashing Steps should work properly on Dashboard when `open` and `viewed` are true" duration="2078"/>
    <testCase name="Logged`s layout should render without crashing Steps should work properly on Dashboard when `open` is true and `viewed` is false" duration="2124"/>
    <testCase name="Logged`s layout should render without crashing Should call that hooks: useSentry, useSendGlobalInfo and useAmplitudeSetProperties" duration="195"/>
  </file>
  <file path="/home/lucascardoso/Arco/HubDigitalFront/packages/common/__tests__/components/BarLoader.spec.tsx">
    <testCase name="BarLoader renders without crashing BarLoader matches snapshot" duration="211"/>
  </file>
  <file path="/home/lucascardoso/Arco/HubDigitalFront/packages/common/__tests__/components/SimpleGrid.spec.tsx">
    <testCase name="SimpleGrid renders without crashing SimpleGrid matches snapshot" duration="219"/>
  </file>
  <file path="/home/lucascardoso/Arco/HubDigitalFront/packages/apps/hub-web/src/__tests__/components/LogoOn.spec.tsx">
    <testCase name="LogoOn component Must render the component on screen correctly" duration="126"/>
  </file>
  <file path="/home/lucascardoso/Arco/HubDigitalFront/packages/common/__tests__/components/Stack.spec.tsx">
    <testCase name="Stack renders without crashing Stack matches snapshot" duration="167"/>
  </file>
  <file path="/home/lucascardoso/Arco/HubDigitalFront/packages/common/__tests__/components/Input.spec.tsx">
    <testCase name="Input renders without crashing Input matches snapshot" duration="175"/>
  </file>
  <file path="/home/lucascardoso/Arco/HubDigitalFront/packages/common/__tests__/components/Flex.spec.tsx">
    <testCase name="Flex renders without crashing Flex has children" duration="15"/>
    <testCase name="Flex renders without crashing Flex matches snapshot" duration="4"/>
  </file>
  <file path="/home/lucascardoso/Arco/HubDigitalFront/packages/common/__tests__/components/Text.spec.tsx">
    <testCase name="Text renders without crashing Text matches snapshot" duration="127"/>
  </file>
  <file path="/home/lucascardoso/Arco/HubDigitalFront/packages/common/__tests__/components/Search.spec.tsx">
    <testCase name="Search component should work properly Input should call onChange with correct value" duration="267"/>
  </file>
  <file path="/home/lucascardoso/Arco/HubDigitalFront/packages/common/__tests__/components/Image.spec.tsx">
    <testCase name="Image renders without crashing Should render image with correct alt text" duration="34"/>
    <testCase name="Image renders without crashing Image matches snapshot" duration="24"/>
  </file>
  <file path="/home/lucascardoso/Arco/HubDigitalFront/packages/common/__tests__/components/Avatar.spec.tsx">
    <testCase name="Avatar renders without crashing Avatar matches snapshot" duration="305"/>
  </file>
  <file path="/home/lucascardoso/Arco/HubDigitalFront/packages/common/__tests__/components/CardBox.spec.tsx">
    <testCase name="CardBox renders without crashing CardBox has children" duration="78"/>
    <testCase name="CardBox renders without crashing CardBox matches snapshot" duration="4"/>
  </file>
  <file path="/home/lucascardoso/Arco/HubDigitalFront/packages/apps/hub-web/src/__tests__/middlewares/refreshToken.spec.tsx">
    <testCase name="RefreshToken should work properly should dispatch no action when token is expired" duration="3"/>
    <testCase name="RefreshToken should work properly should dispatch success action when api returns ok true" duration="79"/>
    <testCase name="RefreshToken should work properly should dispatch failure action when api returns ok false" duration="524"/>
  </file>
  <file path="/home/lucascardoso/Arco/HubDigitalFront/packages/common/__tests__/components/Badge.spec.tsx">
    <testCase name="Badge renders without crashing Badge matches snapshot" duration="153"/>
  </file>
  <file path="/home/lucascardoso/Arco/HubDigitalFront/packages/common/__tests__/components/Tooltip.spec.tsx">
    <testCase name="Tooltip renders without crashing Tooltip has children" duration="14"/>
    <testCase name="Tooltip renders without crashing Tooltip matches snapshot" duration="8"/>
  </file>
  <file path="/home/lucascardoso/Arco/HubDigitalFront/packages/common/__tests__/components/Button.spec.tsx">
    <testCase name="Button renders without crashing Button matches snapshot" duration="213"/>
  </file>
  <file path="/home/lucascardoso/Arco/HubDigitalFront/packages/common/__tests__/components/index.spec.tsx">
    <testCase name="Root import components I hope these components are called" duration="8"/>
  </file>
  <file path="/home/lucascardoso/Arco/HubDigitalFront/packages/apps/hub-web/src/__tests__/amplitude/useAmplitudeSetProperties.spec.tsx">
    <testCase name="testing if amplitude set properties functions work properly Should call setUserProperties with the correct informations" duration="14"/>
  </file>
  <file path="/home/lucascardoso/Arco/HubDigitalFront/packages/apps/hub-web/src/__tests__/services/eemIntegration.spec.ts">
    <testCase name="eemIntegration should work properly eemIntegration should use store data when no args are received" duration="5"/>
  </file>
  <file path="/home/lucascardoso/Arco/HubDigitalFront/packages/apps/hub-web/src/__tests__/hooks/useSentry.spec.ts">
    <testCase name="useSentry hook should work properly If environment is `production`, this hook should call its methods correctly" duration="12"/>
    <testCase name="useSentry hook should work properly If environment is not `production`, this hook shouldn`t call its methods" duration="9"/>
  </file>
  <file path="/home/lucascardoso/Arco/HubDigitalFront/packages/apps/hub-web/src/__tests__/components/Header/Header.spec.tsx">
    <testCase name="Header component Should render Desktop Header when min-width is 480px" duration="951"/>
    <testCase name="Header component Should render Mobile Header when min-width is 479px" duration="2915"/>
    <testCase name="Header component Should call handleClick when MenuButton is clicked" duration="2836"/>
    <testCase name="Header component Should redirect to `/` when hub logo is clicked" duration="2777"/>
    <testCase name="Header component should call openModalPass when `Alterar minha senha` is clicked" duration="40766"/>
  </file>
  <file path="/home/lucascardoso/Arco/HubDigitalFront/packages/apps/hub-web/src/__tests__/middlewares/postMessage.spec.tsx">
    <testCase name="postMessage should work properly shouldnt redirect when mounted URL is equal current pathname" duration="14"/>
    <testCase name="postMessage should work properly should call push on history-change event" duration="248"/>
    <testCase name="postMessage should work properly shouldnt redirect when receives non stringfied data" duration="5"/>
    <testCase name="postMessage should work properly shouldnt redirect when data hasnt json structure" duration="6"/>
    <testCase name="postMessage should work properly shouldnt redirect when event type isnt history-change" duration="5"/>
    <testCase name="postMessage should work properly shouldnt redirect when data isnt parseable" duration="6"/>
  </file>
  <file path="/home/lucascardoso/Arco/HubDigitalFront/packages/apps/hub-web/src/__tests__/validators/auth/createNewPassword.spec.ts">
    <testCase name="CreateNewPasswordSchema must check the format of the new password Should return a `min characters` error if password is smaller than 5 characters" duration="49"/>
    <testCase name="CreateNewPasswordSchema must check the format of the new password Should return error if password is different of confirm-password" duration="2"/>
    <testCase name="CreateNewPasswordSchema must check the format of the new password Should return a `missing confirm-password` error if confirm-password was not provided" duration="2"/>
    <testCase name="CreateNewPasswordSchema must check the format of the new password Should return the `shape` if `password` and `confirm-password` is correct" duration="1"/>
  </file>
  <file path="/home/lucascardoso/Arco/HubDigitalFront/packages/apps/hub-web/src/__tests__/hooks/useSendGlobalInfo.spec.ts">
    <testCase name="useSendGlobalInfo hook should work properly Global Variable `window.__HUB_USER_INFO__` should be undefined before initialization of useSendGlobalInfo hook" duration="2"/>
    <testCase name="useSendGlobalInfo hook should work properly Global Variable `window.__HUB_USER_INFO__` should be defined after initialization of useSendGlobalInfo hook" duration="7"/>
  </file>
  <file path="/home/lucascardoso/Arco/HubDigitalFront/packages/apps/hub-web/src/__tests__/services/eemConnect.spec.ts">
    <testCase name="EEMConnectPost should work properly EEMConnectPost should set headers then send a post request" duration="159"/>
    <testCase name="EEMConnectPost should work properly EEMConnectGET should send a get request" duration="11"/>
  </file>
  <file path="/home/lucascardoso/Arco/HubDigitalFront/packages/apps/hub-web/src/__tests__/utils/reCaptcha.spec.ts">
    <testCase name="Captcha for Login Should trigger the lib that removes the captcha cache" duration="2"/>
    <testCase name="Captcha for Login Must validate quantity of stored items and return a Bool" duration="2"/>
    <testCase name="Captcha for Login Save to set login attempts in cache" duration="4"/>
    <testCase name="Captcha for Login You must validate the captcha token and remove the cache if ok" duration="2"/>
  </file>
  <file path="/home/lucascardoso/Arco/HubDigitalFront/packages/apps/hub-web/src/__tests__/validators/validators.spec.ts">
    <testCase name="ValidationError should work properly ValidationError should return the correct error data" duration="2"/>
    <testCase name="getValidationErrors should work properly getValidationErrors should give errors triggered by ValidationError" duration="50"/>
    <testCase name="getValidationErrors should work properly getValidationErrors should give errors triggered by ValidationError even when field name is not provided, replacing the fild with ` `" duration="1"/>
  </file>
  <file path="/home/lucascardoso/Arco/HubDigitalFront/packages/apps/hub-web/src/__tests__/store/modules/auth/reducer.spec.ts">
    <testCase name="Reducer of authentication history hope at the shooting of Action Reducers steps are triggered by setting the default information" duration="3"/>
    <testCase name="Reducer of authentication history hope that in login failure, the information returns to the initial state" duration="2"/>
    <testCase name="Reducer of authentication history hope that in the success of the login, the token is received beyond the other infos for access to the platform" duration="2"/>
    <testCase name="Reducer of authentication history hope the loading is fired while the check action happens" duration="1"/>
    <testCase name="Reducer of authentication history hope that in the absence of an initial status defined, the default state is triggered" duration="1"/>
    <testCase name="Reducer of authentication history hope that being true all login treatives, the user is released for access to the system" duration="1"/>
    <testCase name="Reducer of authentication history hope that in the absence of education level, the user is blocked for access to platform" duration="1"/>
    <testCase name="Reducer of authentication history hope the reduced token is received and past for storage" duration="1"/>
    <testCase name="Reducer of authentication history hope in the success generation of a new token, a refresh token and an expiration date is received" duration="1"/>
    <testCase name="Reducer of authentication history hope that in the user&apos;s exit, all states are resetted" duration="55"/>
    <testCase name="Reducer of authentication history hope if an unexpected exception is received, the same will have no effect on the application states" duration="1"/>
  </file>
  <file path="/home/lucascardoso/Arco/HubDigitalFront/packages/apps/hub-web/src/__tests__/validators/user/alterPassword.spec.ts">
    <testCase name="alterPassword must check the format of the new password Should return a `min characters` error if new password is smaller than 5 characters" duration="3"/>
    <testCase name="alterPassword must check the format of the new password Should return an error if newPassword is different of confirmNewPassword" duration="2"/>
    <testCase name="alterPassword must check the format of the new password Should return a `missing confirmNewPassword` error if confirmNewPassword was not provided" duration="1"/>
    <testCase name="alterPassword must check the format of the new password Should return a `missing oldPassword` error if oldPassword was not provided" duration="2"/>
    <testCase name="alterPassword must check the format of the new password Should return the `shape` if `password`, `confirm-password` and `oldPassword` is correct" duration="1"/>
  </file>
  <file path="/home/lucascardoso/Arco/HubDigitalFront/packages/apps/hub-web/src/__tests__/store/modules/auth/actions.spec.ts">
    <testCase name="Action of authentication history hope the preparingUserData calls the correct action and receive the value within payload" duration="7"/>
    <testCase name="Action of authentication history hope the signInRequest calls the correct action and receive the value within payload" duration="2"/>
    <testCase name="Action of authentication history hope the signInSuccess calls the correct action and receive the value within payload" duration="1"/>
    <testCase name="Action of authentication history hope the refreshTokenSuccess calls the correct action and receive the value within payload" duration="2"/>
    <testCase name="Action of authentication history hope the reducedTokenEEM calls the correct action and receive the value within payload" duration="1"/>
    <testCase name="Action of authentication history I hope the signOut is called and the amplitude states are clean" duration="2"/>
    <testCase name="Action of authentication history hope refreshTokenRequest is called" duration="1"/>
    <testCase name="Action of authentication history hope signInRequestLoading is called" duration="1"/>
    <testCase name="Action of authentication history hope signInFailure is called" duration="3"/>
    <testCase name="Action of authentication history hope withoutAccess is called" duration="3"/>
    <testCase name="Action of authentication history hope setSigned is called" duration="2"/>
  </file>
  <file path="/home/lucascardoso/Arco/HubDigitalFront/packages/apps/hub-web/src/__tests__/amplitude/amplitudePageViewed.spec.ts">
    <testCase name="testing if amplitude page viewed functions work properly AmplitudePageView should dispatch Page Viewd event when aplication is loaded" duration="4"/>
    <testCase name="testing if amplitude page viewed functions work properly AmplitudePageView should dispatch Page Viewd event when history href is changed" duration="4"/>
    <testCase name="testing if amplitude page viewed functions work properly AmplitudePageView should not dispatch a Page Viewd event when oldTitle is the same that current title" duration="3"/>
  </file>
  <file path="/home/lucascardoso/Arco/HubDigitalFront/packages/apps/hub-web/src/__tests__/validators/auth/forgotPassword.spec.ts">
    <testCase name="forgotPasswordSchema must check if the format of `email` is correct Should return a `missing email` error if email was not provided" duration="3"/>
    <testCase name="forgotPasswordSchema must check if the format of `email` is correct Should return `shape` if email`s formart is correct" duration="2"/>
  </file>
  <file path="/home/lucascardoso/Arco/HubDigitalFront/packages/apps/hub-web/src/__tests__/amplitude/amplitudeInit.spec.ts">
    <testCase name="testing if `amplitude init` function work properly Amplitude should initialize on amplitudeInit" duration="1"/>
  </file>
  <file path="/home/lucascardoso/Arco/HubDigitalFront/packages/apps/hub-web/src/__tests__/hooks/useQuery.spec.ts">
    <testCase name="useQuery hook should work properly Should return the value of the query provided by the get method" duration="11"/>
  </file>
  <file path="/home/lucascardoso/Arco/HubDigitalFront/packages/apps/hub-web/src/__tests__/validators/auth/signIn.spec.ts">
    <testCase name="signInSchema must check if the format of `shape` is correctly Should return a `missing username` error if username was not provided" duration="2"/>
    <testCase name="signInSchema must check if the format of `shape` is correctly Should return a `missing password` error if password was not provided" duration="2"/>
    <testCase name="signInSchema must check if the format of `shape` is correctly Should return the `shape` if all data is correct" duration="1"/>
  </file>
  <file path="/home/lucascardoso/Arco/HubDigitalFront/packages/apps/hub-web/src/__tests__/amplitude/clearAll.spec.tsx">
    <testCase name="testing if `amplitude clear all` function work properly clearAll should clear all properties of amplitude`s session" duration="27"/>
  </file>
  <file path="/home/lucascardoso/Arco/HubDigitalFront/packages/apps/hub-web/src/__tests__/services/history.spec.ts">
    <testCase name="history service should work properly should be defined" duration="1"/>
  </file>
  <file path="/home/lucascardoso/Arco/HubDigitalFront/packages/apps/hub-web/src/__tests__/amplitude/amplitudeToolOpened.spec.ts">
    <testCase name="testing if `amplitude tool opened` function work properly amplitudeToolOpened send event with correct properties" duration="2"/>
  </file>
  <file path="/home/lucascardoso/Arco/HubDigitalFront/packages/apps/hub-web/src/__tests__/utils/transpileProfile.spec.ts">
    <testCase name="Profile structure Must return the correct structure following a pre-defined string" duration="2"/>
  </file>
  <file path="/home/lucascardoso/Arco/HubDigitalFront/packages/apps/hub-web/src/__tests__/utils/hasJsonStructure.spec.ts">
    <testCase name="json-type structure Should be check if string has a json structure" duration="2"/>
    <testCase name="json-type structure Must return that the structure sent is not of the JSON type" duration="4"/>
    <testCase name="json-type structure Should return false when receives non string data" duration="1"/>
  </file>
  <file path="/home/lucascardoso/Arco/HubDigitalFront/packages/apps/hub-web/src/__tests__/amplitude/identifyUser.spec.ts">
    <testCase name="testing if amplitude Set Id function work properly amplitudeSetId should send event with correct id" duration="2"/>
  </file>
  <file path="/home/lucascardoso/Arco/HubDigitalFront/packages/apps/hub-web/src/__tests__/utils/prepareEducationalStage.spec.ts">
    <testCase name="prepareEducationalStage should work properly should return object with correct keys and values" duration="2"/>
    <testCase name="prepareEducationalStage should work properly should return empty object if data.serie.ciclo is undefined" duration="2"/>
    <testCase name="prepareEducationalStage should work properly should return empty object if ativo is false" duration="1"/>
    <testCase name="prepareEducationalStage should work properly should return empty object if no data is received" duration="3"/>
  </file>
  <file path="/home/lucascardoso/Arco/HubDigitalFront/packages/apps/hub-web/src/__tests__/utils/cardFilter.spec.ts">
    <testCase name="testing cardFilter funcionalities Should return only the `product cards` that matches with text search" duration="2"/>
    <testCase name="testing cardFilter funcionalities Should return only the `classes cards` that matches with text search without crashing when findIndex returns -1" duration="2"/>
    <testCase name="testing cardFilter funcionalities Should return an empty array when search text wasn`t matches with any card" duration="56"/>
    <testCase name="testing cardFilter funcionalities Should return data without  changes when search text was not provided" duration="2"/>
  </file>
  <file path="/home/lucascardoso/Arco/HubDigitalFront/packages/common/__tests__/utils/capitalize.spec.ts">
    <testCase name="expect capitalize to work correctly should return capitalized string" duration="1"/>
  </file>
  <file path="/home/lucascardoso/Arco/HubDigitalFront/packages/apps/hub-web/src/__tests__/utils/isMobile.spec.ts">
    <testCase name="Check device origin Should return if the device is not mobile" duration="4"/>
    <testCase name="Check device origin Should return if the device is  mobile" duration="2"/>
  </file>
  <file path="/home/lucascardoso/Arco/HubDigitalFront/packages/apps/hub-web/src/__tests__/utils/prepareSchoolAndRoles.spec.ts">
    <testCase name="Adjust school structure and profiles Should return data structure of schools" duration="3"/>
    <testCase name="Adjust school structure and profiles Should return data structure of Roles" duration="2"/>
  </file>
  <file path="/home/lucascardoso/Arco/HubDigitalFront/packages/common/__tests__/utils/documentTitle.spec.ts">
    <testCase name="expect documentTitle to work correctly should return documentTitle styled string" duration="3"/>
    <testCase name="expect documentTitle to work correctly should return default string when theres no env title" duration="2"/>
  </file>
  <file path="/home/lucascardoso/Arco/HubDigitalFront/packages/common/__tests__/utils/createSlug.spec.ts">
    <testCase name="expect createSlug to work correctly should convert string into slug" duration="1"/>
  </file>
  <file path="/home/lucascardoso/Arco/HubDigitalFront/packages/common/__tests__/components/Icon.spec.tsx">
    <testCase name="Root import icons I hope these components are called" duration="171"/>
  </file>
  <file path="/home/lucascardoso/Arco/HubDigitalFront/packages/apps/hub-web/src/__tests__/components/Header/Mobile.spec.tsx">
    <testCase name="Mobile Header component Should have a button called `Estou com uma dúvida`" duration="3726"/>
    <testCase name="Mobile Header component openMenu should call onOpen when isOpen is false" duration="284"/>
    <testCase name="Mobile Header component openMenu should call onClose when isOpen is true" duration="2308"/>
    <testCase name="Mobile Header component Should redirect to `/` when `Sair` button is clicked" duration="2774"/>
    <testCase name="Mobile Header component Should open a Tour (dispatch a `@tour/OPEN_TOUR` action) when /Fazer tour/ button is clicked" duration="3384"/>
    <testCase name="Mobile Header component Should redirect to `/minhas-turmas`when `Minhas turmas` button is clicked" duration="3280"/>
    <testCase name="Mobile Header component Should call useDisclosure`s onClose function when ´Home` button is clicked" duration="3151"/>
    <testCase name="Mobile Header component Should call useDisclosure`s onClose function when key of escape is pressed (ESC)" duration="4044"/>
    <testCase name="Mobile Header component Should change the `school` on selector when other `school` is triggered" duration="39497"/>
    <testCase name="Mobile Header component Should change the `role` on selector when other `role` is triggered" duration="9582"/>
    <testCase name="Mobile Header component Should change `Home` button color when pathname is /minhas-turmas" duration="2685"/>
    <testCase name="Mobile Header component Should change `Minhas turmas` button color when pathname is `/`" duration="1550"/>
  </file>
</testExecutions>