<?xml version="1.0" encoding="UTF-8"?>
<testExecutions version="1">
  <file path="/home/gabryel/Documents/psd/HubDigitalFront/packages/apps/hub-web/src/__tests__/store/modules/solutions/actions.spec.ts">
    <testCase name="solutions action creators should work properly solutionPost actions should have correct types and payloads should create a request action with correct permissions on solutionPostRequest" duration="2"/>
    <testCase name="solutions action creators should work properly solutionPost actions should have correct types and payloads should create a success action with correct type on solutionPostSuccess" duration="0"/>
    <testCase name="solutions action creators should work properly solutionPost actions should have correct types and payloads should create a failure action with correct type on solutionPostFailure" duration="0"/>
    <testCase name="solutions action creators should work properly solutionPut actions should have correct types and payloads should create a request action with correct permissions on solutionPutRequest" duration="0"/>
    <testCase name="solutions action creators should work properly solutionPut actions should have correct types and payloads should create a success action with correct type on solutionPutSuccess" duration="0"/>
    <testCase name="solutions action creators should work properly solutionPut actions should have correct types and payloads should create a failure action with correct type on solutionPutFailure" duration="0"/>
    <testCase name="solutions action creators should work properly solutionsGet actions should have correct types and payloads should create a request action with correct permissions on solutionsGetRequest" duration="0"/>
    <testCase name="solutions action creators should work properly solutionsGet actions should have correct types and payloads should create a success action with correct type on solutionsGetSuccess" duration="0"/>
    <testCase name="solutions action creators should work properly solutionsGet actions should have correct types and payloads should create a failure action with correct type on solutionsGetFailure" duration="0"/>
    <testCase name="solutions action creators should work properly solutionDelete actions should have correct types and payloads should create a request action with correct permissions on solutionDeleteRequest" duration="1"/>
    <testCase name="solutions action creators should work properly solutionDelete actions should have correct types and payloads should create a success action with correct type on solutionDeleteSuccess" duration="0"/>
    <testCase name="solutions action creators should work properly solutionDelete actions should have correct types and payloads should create a failure action with correct type on solutionDeleteFailure" duration="0"/>
    <testCase name="solutions action creators should work properly restoreSolution actions should have correct types and payloads should create a request action with correct permissions on restoreSolutionRequest" duration="0"/>
    <testCase name="solutions action creators should work properly restoreSolution actions should have correct types and payloads should create a success action with correct type on restoreSolutionSuccess" duration="1"/>
    <testCase name="solutions action creators should work properly restoreSolution actions should have correct types and payloads should create a failure action with correct type on restoreSolutionFailure" duration="0"/>
    <testCase name="solutions action creators should work properly solutionGetExcluded actions should have correct types and payloads should create a request action with correct permissions on solutionGetExcludedRequest" duration="0"/>
    <testCase name="solutions action creators should work properly solutionGetExcluded actions should have correct types and payloads should create a success action with correct type on solutionGetExcludedSuccess" duration="0"/>
    <testCase name="solutions action creators should work properly solutionGetExcluded actions should have correct types and payloads should create a failure action with correct type on solutionGetExcludedFailure" duration="1"/>
    <testCase name="solutions action creators should work properly solutionPostReorder actions should have correct types and payloads should create a request action with correct permissions on solutionPostReorderRequest" duration="0"/>
    <testCase name="solutions action creators should work properly solutionPostReorder actions should have correct types and payloads should create a success action with correct type on solutionPostReorderSuccess" duration="0"/>
    <testCase name="solutions action creators should work properly solutionPostReorder actions should have correct types and payloads should create a failure action with correct type on solutionPostReorderFailure" duration="1"/>
  </file>
  <file path="/home/gabryel/Documents/psd/HubDigitalFront/packages/apps/hub-web/src/__tests__/store/modules/authProduct/sagas.spec.ts">
  </file>
  <file path="/home/gabryel/Documents/psd/HubDigitalFront/packages/apps/hub-web/src/__tests__/store/modules/permissions/actions.spec.ts">
    <testCase name="permissions action creators should work properly profilePermissions actions should have correct types and payloads should create an request action with correct permissions on profilePermissionsRequest" duration="0"/>
    <testCase name="permissions action creators should work properly profilePermissions actions should have correct types and payloads should create an success action with correct type on profilePermissionsSuccess" duration="0"/>
    <testCase name="permissions action creators should work properly profilePermissions actions should have correct types and payloads should create an failure action with correct type on profilePermissionsFailure" duration="1"/>
    <testCase name="permissions action creators should work properly schoolPermissions actions should have correct types and payloads should create an request action with correct permissions on schoolPermissionsRequest" duration="0"/>
    <testCase name="permissions action creators should work properly schoolPermissions actions should have correct types and payloads should create an success action with correct type on schoolPermissionsSuccess" duration="0"/>
    <testCase name="permissions action creators should work properly schoolPermissions actions should have correct types and payloads should create an failure action with correct type on schoolPermissionsFailure" duration="0"/>
    <testCase name="permissions action creators should work properly getAllProfilePermissions actions should have correct types and payloads should create an request action with correct type on getAllProfilePermissionsRequest" duration="1"/>
    <testCase name="permissions action creators should work properly getAllProfilePermissions actions should have correct types and payloads should create an success action with correct permissions on getAllProfilePermissionsSuccess" duration="0"/>
    <testCase name="permissions action creators should work properly getAllProfilePermissions actions should have correct types and payloads should create an failure action with correct type on getAllProfilePermissionsFailure" duration="0"/>
    <testCase name="permissions action creators should work properly profilePermissionsBySolution actions should have correct types and payloads should create an request action with correct type on profilePermissionsBySolutionRequest" duration="0"/>
    <testCase name="permissions action creators should work properly profilePermissionsBySolution actions should have correct types and payloads should create an success action with correct permissions on profilePermissionsBySolutionSuccess" duration="1"/>
    <testCase name="permissions action creators should work properly profilePermissionsBySolution actions should have correct types and payloads should create an failure action with correct type on profilePermissionsBySolutionFailure" duration="0"/>
    <testCase name="permissions action creators should work properly schoolRestrictionsBySolution actions should have correct types and payloads should create an request action with correct type on schoolRestrictionsBySolutionRequest" duration="0"/>
    <testCase name="permissions action creators should work properly schoolRestrictionsBySolution actions should have correct types and payloads should create an success action with correct permissions on schoolRestrictionsBySolutionSuccess" duration="0"/>
    <testCase name="permissions action creators should work properly schoolRestrictionsBySolution actions should have correct types and payloads should create an failure action with correct type on schoolRestrictionsBySolutionFailure" duration="1"/>
  </file>
  <file path="/home/gabryel/Documents/psd/HubDigitalFront/packages/apps/hub-web/src/__tests__/store/modules/tour/sagas.spec.ts">
    <testCase name="testing getProducts saga flow should dispatch tour request action, make get request do tour api and dispatch success action" duration="3"/>
    <testCase name="testing getProducts saga flow should not include educational level on tour request if user is not PROFESSOR or ALUNO" duration="0"/>
    <testCase name="testing getProducts saga flow should log error and dispatch failure action when api returns with an error" duration="1"/>
    <testCase name="testing getViewed saga flow should request for info on tour viewed and dispatch a success action" duration="1"/>
    <testCase name="testing getViewed saga flow should log error and dispatch failure action on api error" duration="0"/>
    <testCase name="testing getProducts saga flow should dispatch tour request action, make get request do tour api and dispatch success action" duration="1"/>
    <testCase name="testing getProducts saga flow should not include educational level on tour request if user is not PROFESSOR or ALUNO" duration="0"/>
    <testCase name="testing getProducts saga flow should log error and dispatch failure action when api returns with an error" duration="1"/>
    <testCase name="testing post tour saga flow should set open tour to false and post tour info" duration="1"/>
    <testCase name="testing post tour saga flow should log error and dispatch failure action on api error" duration="0"/>
  </file>
  <file path="/home/gabryel/Documents/psd/HubDigitalFront/packages/apps/hub-web/src/__tests__/store/modules/category/sagas.spec.ts">
  </file>
  <file path="/home/gabryel/Documents/psd/HubDigitalFront/packages/apps/hub-web/src/__tests__/store/modules/user/sagas.spec.ts">
    <testCase name="Sagas of user history Forgot Password Should shoot a message to the user and redirect it to login to API success" duration="506"/>
    <testCase name="Sagas of user history Forgot Password Should shoot an error message for user if the API returns some exception" duration="1"/>
    <testCase name="Sagas of user history Forgot Password Should return a custom error message if the password or PIN PASSE INVALIDS" duration="0"/>
    <testCase name="Sagas of user history Forgot Password Should return the default error message if the invalid password or password PIN and the API does not contain a response" duration="1"/>
    <testCase name="Sagas of user history Alter Password Should shoot a successful message for user in the return of API" duration="0"/>
    <testCase name="Sagas of user history Alter Password Should shoot an error message for user if the API returns some exception" duration="1"/>
    <testCase name="Sagas of user history Alter Password Should return a custom error message if the password or PIN PASSE INVALIDS" duration="0"/>
    <testCase name="Sagas of user history Alter Password Should return the default error message if the invalid password the API does not contain a response" duration="1"/>
  </file>
  <file path="/home/gabryel/Documents/psd/HubDigitalFront/packages/apps/hub-web/src/__tests__/store/modules/auth/sagas.spec.ts">
    <testCase name="Sagas of authentication history sign in Should the user authenticate with valid login and password and pass is redirected to choice" duration="9"/>
    <testCase name="Sagas of authentication history sign in If the Return of the API is flawed for some reason, the user is warned and the login will be rejected" duration="2"/>
    <testCase name="Sagas of authentication history sign in Should generate with a redirect query in the URL when passing the Redirect parameter in the login" duration="1"/>
    <testCase name="Sagas of authentication history prepare Access Should prepare all data for the first user access" duration="1"/>
    <testCase name="Sagas of authentication history prepare Access Should signOut the user if the ID from the reduced token is different from the user ID" duration="1"/>
    <testCase name="Sagas of authentication history prepare Access Should set the user as authenticated when receiving the redirect parameter" duration="1"/>
    <testCase name="Sagas of authentication history checking Expiring Token You should pause running if payload comes empty" duration="0"/>
    <testCase name="Sagas of authentication history checking Expiring Token Should not log the user if it does not have the active login flag" duration="8">
      <failure message="TypeError: Cannot destructure property &apos;info&apos; of &apos;((cov_24o33vujp0(...).s[74]++) , payload.user)&apos; as it is undefined."><![CDATA[TypeError: Cannot destructure property 'info' of '((cov_24o33vujp0(...).s[74]++) , payload.user)' as it is undefined.
    at checkingExpiringToken (/home/gabryel/Documents/psd/HubDigitalFront/packages/apps/hub-web/src/store/modules/auth/sagas.ts:193:17)
    at checkingExpiringToken.next (<anonymous>)
    at next (/home/gabryel/Documents/psd/HubDigitalFront/node_modules/@redux-saga/core/dist/redux-saga-core.dev.cjs.js:1161:27)
    at proc (/home/gabryel/Documents/psd/HubDigitalFront/node_modules/@redux-saga/core/dist/redux-saga-core.dev.cjs.js:1112:3)
    at /home/gabryel/Documents/psd/HubDigitalFront/node_modules/@redux-saga/core/dist/redux-saga-core.dev.cjs.js:1371:16
    at immediately (/home/gabryel/Documents/psd/HubDigitalFront/node_modules/@redux-saga/core/dist/redux-saga-core.dev.cjs.js:60:12)
    at Object.runSaga (/home/gabryel/Documents/psd/HubDigitalFront/node_modules/@redux-saga/core/dist/redux-saga-core.dev.cjs.js:1370:10)
    at Object.<anonymous> (/home/gabryel/Documents/psd/HubDigitalFront/packages/apps/hub-web/src/__tests__/store/modules/auth/sagas.spec.ts:242:13)
    at Object.asyncJestTest (/home/gabryel/Documents/psd/HubDigitalFront/node_modules/jest-jasmine2/build/jasmineAsyncInstall.js:106:37)
    at /home/gabryel/Documents/psd/HubDigitalFront/node_modules/jest-jasmine2/build/queueRunner.js:45:12
    at new Promise (<anonymous>)
    at mapper (/home/gabryel/Documents/psd/HubDigitalFront/node_modules/jest-jasmine2/build/queueRunner.js:28:19)
    at /home/gabryel/Documents/psd/HubDigitalFront/node_modules/jest-jasmine2/build/queueRunner.js:75:41
    at processTicksAndRejections (internal/process/task_queues.js:93:5)]]></failure>
    </testCase>
    <testCase name="Sagas of authentication history checking Expiring Token Should return if the expiration date is not defined" duration="1"/>
    <testCase name="Sagas of authentication history checking Expiring Token Should be set, in the reload of the application, the token in the Header of the API if the user is logged in" duration="1503"/>
    <testCase name="Sagas of authentication history checking Expiring Token should refresh the user if the Token expiration date is less than the current date" duration="0"/>
    <testCase name="Sagas of authentication history refresh Token Should generate a new user authentication token for the user" duration="2004"/>
    <testCase name="Sagas of authentication history refresh Token You should discharge the user if something fails in the return of API" duration="3"/>
  </file>
  <file path="/home/gabryel/Documents/psd/HubDigitalFront/packages/apps/hub-web/src/__tests__/components/Header/Mobile.spec.tsx">
  </file>
  <file path="/home/gabryel/Documents/psd/HubDigitalFront/packages/apps/hub-web/src/__tests__/pages/Auth/SignIn.spec.tsx">
  </file>
  <file path="/home/gabryel/Documents/psd/HubDigitalFront/packages/apps/hub-web/src/__tests__/store/modules/forgotPassword/sagas.spec.ts">
    <testCase name="Sagas of forgotPassword history pwd Token Should show a message to the user and redirect it to login to API success" duration="1"/>
    <testCase name="Sagas of forgotPassword history pwd Token Should send the user to the failure page if the return of the API is flawed" duration="1"/>
    <testCase name="Sagas of forgotPassword history pwd Token Show an error message for the user if the API returns an exception" duration="0"/>
    <testCase name="Sagas of forgotPassword history validate PIN Should Validate User PIN via API" duration="1"/>
    <testCase name="Sagas of forgotPassword history validate PIN Show for the user that the token is expired or invalid" duration="1"/>
    <testCase name="Sagas of forgotPassword history validate PIN Show an error message for the user if the API returns an exception" duration="0"/>
  </file>
  <file path="/home/gabryel/Documents/psd/HubDigitalFront/packages/apps/hub-web/src/__tests__/store/modules/auth/actions.spec.ts">
    <testCase name="Action of authentication history Should the preparingUserData calls the correct action and receive the value within payload" duration="1"/>
    <testCase name="Action of authentication history Should the signInRequest calls the correct action and receive the value within payload" duration="0"/>
    <testCase name="Action of authentication history Should the signInSuccess calls the correct action and receive the value within payload" duration="1"/>
    <testCase name="Action of authentication history Should the refreshTokenSuccess calls the correct action and receive the value within payload" duration="0"/>
    <testCase name="Action of authentication history Should the reducedTokenEEM calls the correct action and receive the value within payload" duration="0"/>
    <testCase name="Action of authentication history I Should the signOut is called" duration="1"/>
    <testCase name="Action of authentication history Should refreshTokenRequest is called" duration="0"/>
    <testCase name="Action of authentication history Should signInRequestLoading is called" duration="0"/>
    <testCase name="Action of authentication history Should signInFailure is called" duration="1"/>
    <testCase name="Action of authentication history Should withoutAccess is called" duration="1"/>
    <testCase name="Action of authentication history Should setSigned is called" duration="0"/>
  </file>
  <file path="/home/gabryel/Documents/psd/HubDigitalFront/packages/apps/hub-web/src/__tests__/components/Header/Desktop.spec.tsx">
  </file>
  <file path="/home/gabryel/Documents/psd/HubDigitalFront/packages/apps/hub-web/src/__tests__/pages/Home/Home.spec.tsx">
  </file>
  <file path="/home/gabryel/Documents/psd/HubDigitalFront/packages/apps/hub-web/src/__tests__/store/modules/accessControl/actions.spec.ts">
    <testCase name="accessControl action creators should work properly accessControlPost actions should have correct types and payloads should create a request action with correct permissions on accessControlPostRequest" duration="1"/>
    <testCase name="accessControl action creators should work properly accessControlPost actions should have correct types and payloads should create a success action with correct type on accessControlPostSuccess" duration="0"/>
    <testCase name="accessControl action creators should work properly accessControlPost actions should have correct types and payloads should create a failure action with correct type on accessControlPostFailure" duration="0"/>
    <testCase name="accessControl action creators should work properly  accessControlPut actions should have correct types and payloads should create a request action with correct permissions on accessControlPutRequest" duration="1"/>
    <testCase name="accessControl action creators should work properly  accessControlPut actions should have correct types and payloads should create a success action with correct type on accessControlPutSuccess" duration="0"/>
    <testCase name="accessControl action creators should work properly  accessControlPut actions should have correct types and payloads should create a failure action with correct type on accessControlPutFailure" duration="0"/>
  </file>
  <file path="/home/gabryel/Documents/psd/HubDigitalFront/packages/apps/hub-web/src/__tests__/store/modules/permissions/reducer.spec.ts">
    <testCase name="permissions reducer returns the initial state when an action type is not passed" duration="0"/>
    <testCase name="permissions reducer should change loading to true when permissions are requested" duration="1"/>
    <testCase name="permissions reducer loading is set to false on failure action" duration="0"/>
    <testCase name="permissions reducer loading is set to false, and profileOptions are set on get all permissions success action" duration="0"/>
    <testCase name="permissions reducer should change loading to true when profile permissions are requested" duration="1"/>
    <testCase name="permissions reducer loading is set to false on failure action" duration="0"/>
    <testCase name="permissions reducer loading is set to false and profilePermissions are set on success action" duration="0"/>
    <testCase name="permissions reducer should change loading to true when school permissions are requested" duration="1"/>
    <testCase name="permissions reducer loading is set to false on failure action" duration="0"/>
    <testCase name="permissions reducer loading is set to false and school permissions are set on success action" duration="0"/>
  </file>
  <file path="/home/gabryel/Documents/psd/HubDigitalFront/packages/apps/hub-web/src/__tests__/layouts/Iframe/components/Header/HeaderMobile.spec.tsx">
  </file>
  <file path="/home/gabryel/Documents/psd/HubDigitalFront/packages/apps/hub-web/src/__tests__/store/modules/educationalStage/sagas.spec.ts">
  </file>
  <file path="/home/gabryel/Documents/psd/HubDigitalFront/packages/apps/hub-web/src/__tests__/utils/cardFilter.spec.ts">
    <testCase name="testing cardFilter funcionalities Should return only the `product cards` that matches with text search" duration="1"/>
    <testCase name="testing cardFilter funcionalities Should return only the `classes cards` that matches with text search without crashing when findIndex returns -1" duration="1"/>
    <testCase name="testing cardFilter funcionalities Should return an empty array when search text wasn`t matches with any card" duration="0"/>
    <testCase name="testing cardFilter funcionalities Should return data without  changes when search text was not provided" duration="0"/>
  </file>
  <file path="/home/gabryel/Documents/psd/HubDigitalFront/packages/apps/hub-web/src/__tests__/store/modules/auth/reducer.spec.ts">
    <testCase name="Reducer of authentication history Should at the shooting of Action Reducers steps are triggered by setting the default information" duration="0"/>
    <testCase name="Reducer of authentication history Should that in login failure, the information returns to the initial state" duration="1"/>
    <testCase name="Reducer of authentication history Should that in the success of the login, the token is received beyond the other infos for access to the platform" duration="0"/>
    <testCase name="Reducer of authentication history Should the loading is fired while the check action happens" duration="1"/>
    <testCase name="Reducer of authentication history Should that in the absence of an initial status defined, the default state is triggered" duration="0"/>
    <testCase name="Reducer of authentication history Should that being true all login treatives, the user is released for access to the system" duration="0"/>
    <testCase name="Reducer of authentication history Should that in the absence of education level, the user is blocked for access to platform" duration="1"/>
    <testCase name="Reducer of authentication history Should the reduced token is received and past for storage" duration="0"/>
    <testCase name="Reducer of authentication history Should in the success generation of a new token, a refresh token and an expiration date is received" duration="0"/>
    <testCase name="Reducer of authentication history Should that in the user&apos;s exit, all states are resetted" duration="1"/>
    <testCase name="Reducer of authentication history Should if an unexpected exception is received, the same will have no effect on the application states" duration="0"/>
  </file>
  <file path="/home/gabryel/Documents/psd/HubDigitalFront/packages/apps/hub-web/src/__tests__/components/Header/Header.spec.tsx">
  </file>
  <file path="/home/gabryel/Documents/psd/HubDigitalFront/packages/apps/hub-web/src/__tests__/store/modules/user/actions.spec.ts">
    <testCase name="Action of user history Should shoot the action of UserRequest" duration="1"/>
    <testCase name="Action of user history Should shoot the action of UserSuccess" duration="0"/>
    <testCase name="Action of user history Should shoot the action of UserFailure" duration="0"/>
    <testCase name="Action of user history Should shoot setSchool action with payload containing the infos" duration="1"/>
    <testCase name="Action of user history Should shoot forgotPasswordRequest action with payload containing the infos" duration="0"/>
    <testCase name="Action of user history Should shoot the action of forgotPasswordSuccess" duration="0"/>
    <testCase name="Action of user history Should shoot the action of forgotPasswordFailure" duration="0"/>
    <testCase name="Action of user history Should shoot alterPasswordRequest action with payload containing the infos" duration="0"/>
    <testCase name="Action of user history Should shoot the action of alterPasswordSuccess" duration="1"/>
    <testCase name="Action of user history Should shoot the action of alterPasswordFailure" duration="0"/>
  </file>
  <file path="/home/gabryel/Documents/psd/HubDigitalFront/packages/apps/hub-web/src/__tests__/store/modules/products/sagas.spec.ts">
    <testCase name="testing getProducts saga flow should set loadings, call api, dispatch success action, call mhunArvoreIntegration, get tour and enable refresh token middleware" duration="2003"/>
    <testCase name="testing getProducts saga flow should call toast error when api returns with an error" duration="0"/>
    <testCase name="testing getProducts saga flow should dispatch a withoutAccess action and early return a user without the correct level" duration="1"/>
    <testCase name="testing getProducts saga flow should early return when theres no user or school info" duration="0"/>
  </file>
  <file path="/home/gabryel/Documents/psd/HubDigitalFront/packages/apps/hub-web/src/__tests__/services/mixpanel/setProperties.spec.tsx">
    <testCase name="Mixpanel Services Should return false if the user is not logged in" duration="6"/>
    <testCase name="Mixpanel Services Should prepare user information for sending MixPanel" duration="2"/>
    <testCase name="Mixpanel Services Show an error in the console if MixPanel is not instantiated" duration="2"/>
    <testCase name="Mixpanel Services should properly set gsc properties" duration="8">
      <failure message="Error: expect(jest.fn()).toBeCalledWith(...expected)"><![CDATA[Error: expect(jest.fn()).toBeCalledWith(...expected)

Expected: "params", {"$name": "John Doe", "educational_stage_EF1": true, "educational_stage_EF2": true, "educational_stage_EI": false, "educational_stage_EM": true, "is_admin": true, "is_coordinator": true, "is_ctpm": "false", "is_family": true, "is_student": false, "is_teacher": true, "roles_list": ["Administrador", "Coordenador", "Família", "Professor"], "schools_list": ["Escola Positivo"], "selected_class": "1º ano", "selected_educational_stage": "EF1", "selected_role": "Professor", "selected_school_id": "21694ec0-88be-4231-ac2a-392dbf845518", "selected_school_name": "Escola Positivo", "user_id": "6d45f4f8-3326-4856-a29d-36216b2e4e2c", "user_login": "john.doe", "user_mail": "johndoe@teste.com", "user_name": "John Doe"}

Number of calls: 0
    at Object.<anonymous> (/home/gabryel/Documents/psd/HubDigitalFront/packages/apps/hub-web/src/__tests__/services/mixpanel/setProperties.spec.tsx:135:20)
    at Object.asyncJestTest (/home/gabryel/Documents/psd/HubDigitalFront/node_modules/jest-jasmine2/build/jasmineAsyncInstall.js:106:37)
    at /home/gabryel/Documents/psd/HubDigitalFront/node_modules/jest-jasmine2/build/queueRunner.js:45:12
    at new Promise (<anonymous>)
    at mapper (/home/gabryel/Documents/psd/HubDigitalFront/node_modules/jest-jasmine2/build/queueRunner.js:28:19)
    at /home/gabryel/Documents/psd/HubDigitalFront/node_modules/jest-jasmine2/build/queueRunner.js:75:41
    at processTicksAndRejections (internal/process/task_queues.js:93:5)]]></failure>
    </testCase>
  </file>
  <file path="/home/gabryel/Documents/psd/HubDigitalFront/packages/apps/hub-web/src/__tests__/middlewares/refreshToken.spec.ts">
    <testCase name="RefreshToken should work properly should dispatch no action when token is expired" duration="2"/>
    <testCase name="RefreshToken should work properly should dispatch success action when api returns ok true" duration="51"/>
    <testCase name="RefreshToken should work properly should dispatch failure action when api returns ok false" duration="513"/>
  </file>
  <file path="/home/gabryel/Documents/psd/HubDigitalFront/packages/apps/hub-web/src/__tests__/pages/Auth/ChangePassword.spec.tsx">
  </file>
  <file path="/home/gabryel/Documents/psd/HubDigitalFront/packages/apps/hub-web/src/__tests__/pages/Iframe/useCardInformation.spec.ts">
  </file>
  <file path="/home/gabryel/Documents/psd/HubDigitalFront/packages/apps/hub-web/src/__tests__/hooks/usePostMessage.spec.ts">
  </file>
  <file path="/home/gabryel/Documents/psd/HubDigitalFront/packages/apps/hub-web/src/__tests__/components/Header/AlterPass.spec.tsx">
  </file>
  <file path="/home/gabryel/Documents/psd/HubDigitalFront/packages/apps/hub-web/src/__tests__/pages/Auth/ForgotPassword.spec.tsx">
  </file>
  <file path="/home/gabryel/Documents/psd/HubDigitalFront/packages/apps/hub-web/src/__tests__/components/Header/context.spec.tsx">
    <testCase name="Testing useHeader Should return define a Header Context" duration="4"/>
    <testCase name="Testing useHeader Should throw an error when context is not provided" duration="14"/>
    <testCase name="Testing HeaderContext Should dispatch an `@auth/FIRST_ACCESS` action when setRole is triggered" duration="9"/>
    <testCase name="Testing HeaderContext Should call useState`s handle function when setSchool is triggered" duration="2"/>
    <testCase name="Testing HeaderContext Should call useState`s handle function when resetInfo is triggered" duration="2"/>
  </file>
  <file path="/home/gabryel/Documents/psd/HubDigitalFront/packages/apps/hub-web/src/__tests__/store/modules/user/reducer.spec.ts">
    <testCase name="Reducer of user history Should Set Loading How True On The Action Shooting of AlterPasswordRequest" duration="0"/>
    <testCase name="Reducer of user history Should Set Loading How false On The Action Shooting of alterPasswordSuccess" duration="1"/>
    <testCase name="Reducer of user history Should Set Loading How false On The Action Shooting of alterPasswordFailure" duration="0"/>
    <testCase name="Reducer of user history Should reset the information in the user logout" duration="0"/>
    <testCase name="Reducer of user history Should Set Loading How false On The Action Shooting of alterPasswordSuccess" duration="1"/>
    <testCase name="Reducer of user history Should Set Loading How false On The Action Shooting of forgotPasswordSuccess" duration="0"/>
    <testCase name="Reducer of user history Should Set Loading How false On The Action Shooting of forgotPasswordFailure" duration="0"/>
    <testCase name="Reducer of user history Should set the state with the selected school" duration="0"/>
    <testCase name="Reducer of user history Should set all user information in the initial state" duration="1"/>
    <testCase name="Reducer of user history Should return the unchanged state if it does not contain any action" duration="0"/>
  </file>
  <file path="/home/gabryel/Documents/psd/HubDigitalFront/packages/apps/hub-web/src/__tests__/layouts/Logged/Dashboard.spec.tsx">
  </file>
  <file path="/home/gabryel/Documents/psd/HubDigitalFront/packages/apps/hub-web/src/__tests__/components/Select.spec.tsx">
    <testCase name="Select renders without crashing Select normal variant render all options" duration="412">
      <failure message="Error: expect(received).toHaveStyle()"><![CDATA[Error: expect(received).toHaveStyle()

received value must be an HTMLElement or an SVGElement.
Received has value: undefined
    at __EXTERNAL_MATCHER_TRAP__ (/home/gabryel/Documents/psd/HubDigitalFront/node_modules/expect/build/index.js:342:30)
    at Object.throwingMatcher [as toHaveStyle] (/home/gabryel/Documents/psd/HubDigitalFront/node_modules/expect/build/index.js:343:15)
    at Object.<anonymous> (/home/gabryel/Documents/psd/HubDigitalFront/packages/apps/hub-web/src/__tests__/components/Select.spec.tsx:62:28)]]></failure>
    </testCase>
    <testCase name="Select renders without crashing Select blue-transparent variant render options" duration="524">
      <failure message="Error: expect(element).toHaveStyle()"><![CDATA[Error: expect(element).toHaveStyle()

- Expected

- background-color: DeepSkyBlue;
+ background-color: rgb(21, 101, 192);
    at /home/gabryel/Documents/psd/HubDigitalFront/packages/apps/hub-web/src/__tests__/components/Select.spec.tsx:76:22
    at Array.forEach (<anonymous>)
    at Object.<anonymous> (/home/gabryel/Documents/psd/HubDigitalFront/packages/apps/hub-web/src/__tests__/components/Select.spec.tsx:75:13)
    at Object.asyncJestTest (/home/gabryel/Documents/psd/HubDigitalFront/node_modules/jest-jasmine2/build/jasmineAsyncInstall.js:106:37)
    at /home/gabryel/Documents/psd/HubDigitalFront/node_modules/jest-jasmine2/build/queueRunner.js:45:12
    at new Promise (<anonymous>)
    at mapper (/home/gabryel/Documents/psd/HubDigitalFront/node_modules/jest-jasmine2/build/queueRunner.js:28:19)
    at /home/gabryel/Documents/psd/HubDigitalFront/node_modules/jest-jasmine2/build/queueRunner.js:75:41]]></failure>
    </testCase>
    <testCase name="Select renders without crashing Select displays error message when no options are provided" duration="983"/>
  </file>
  <file path="/home/gabryel/Documents/psd/HubDigitalFront/packages/apps/hub-web/src/__tests__/store/modules/productIntegrations/sagas.spec.ts">
    <testCase name="Sagas of productIntegrations history Should return the MHUND and tree cards with the appropriate application links" duration="2"/>
    <testCase name="Sagas of productIntegrations history Should return undefined case if you do not have cards loaded" duration="0"/>
    <testCase name="Sagas of productIntegrations history Should return the MHUND card and not the arvore card" duration="0"/>
  </file>
  <file path="/home/gabryel/Documents/psd/HubDigitalFront/packages/apps/hub-web/src/__tests__/store/modules/tour/actions.spec.ts">
    <testCase name="tour module action creators should work properly should get tour request with correct action type" duration="1"/>
    <testCase name="tour module action creators should work properly should dispatch tour success action with correct type and payload" duration="0"/>
    <testCase name="tour module action creators should work properly should dispatch tour failure action with correct type" duration="0"/>
    <testCase name="tour module action creators should work properly should request if user has already seen the tour with correct action type" duration="1"/>
    <testCase name="tour module action creators should work properly should dispatch success action with correct payload on getTourViewedSuccess" duration="0"/>
    <testCase name="tour module action creators should work properly should dispatch failure action with correct payload on getTourViewedFailure" duration="0"/>
    <testCase name="tour module action creators should work properly should dispatch openTour action with correct payload and action type" duration="0"/>
    <testCase name="tour module action creators should work properly should dispatch postTour action with correct type" duration="1"/>
  </file>
  <file path="/home/gabryel/Documents/psd/HubDigitalFront/packages/apps/hub-web/src/__tests__/components/ModalAddCategory.spec.tsx">
  </file>
  <file path="/home/gabryel/Documents/psd/HubDigitalFront/packages/apps/hub-web/src/__tests__/store/modules/category/actions.spec.ts">
    <testCase name="solutions action creators should work properly categoryPost actions should have correct types and payloads should create a request action with correct permissions on categoryPostRequest" duration="1"/>
    <testCase name="solutions action creators should work properly categoryPost actions should have correct types and payloads should create a success action with correct type on categoryPostSuccess" duration="0"/>
    <testCase name="solutions action creators should work properly categoryPost actions should have correct types and payloads should create a failure action with correct type on categoryPostFailure" duration="0"/>
    <testCase name="solutions action creators should work properly categoryGetAll actions should have correct types and payloads should create a request action with correct permissions on categoryGetAllRequest" duration="0"/>
    <testCase name="solutions action creators should work properly categoryGetAll actions should have correct types and payloads should create a success action with correct type on categoryGetAllSuccess" duration="1"/>
    <testCase name="solutions action creators should work properly categoryGetAll actions should have correct types and payloads should create a failure action with correct type on categoryGetAllFailure" duration="0"/>
  </file>
  <file path="/home/gabryel/Documents/psd/HubDigitalFront/packages/apps/hub-web/src/__tests__/store/modules/products/reducers.spec.ts">
  </file>
  <file path="/home/gabryel/Documents/psd/HubDigitalFront/packages/apps/hub-web/src/__tests__/services/mixpanel/pageView.spec.ts">
    <testCase name="testing if mixpanel page viewed functions work properly MixpanelPageView should dispatch Page Viewed event when application is loaded" duration="0"/>
    <testCase name="testing if mixpanel page viewed functions work properly MixpanelPageView should dispatch Page Viewed event when history href is changed" duration="0"/>
    <testCase name="testing if mixpanel page viewed functions work properly Show an error in the console if MixPanel is not instantiated" duration="0"/>
  </file>
  <file path="/home/gabryel/Documents/psd/HubDigitalFront/packages/common/__tests__/components/Collapse.spec.tsx">
  </file>
  <file path="/home/gabryel/Documents/psd/HubDigitalFront/packages/apps/hub-web/src/__tests__/store/modules/forgotPassword/actions.spec.ts">
    <testCase name="Action of forgotPassword history Should the validatePinRequest calls the correct action and receive the value within payload" duration="1"/>
    <testCase name="Action of forgotPassword history Should the pwdTokenSuccess calls the correct action and receive the value within payload" duration="0"/>
    <testCase name="Action of forgotPassword history Should the validatePinFailure" duration="1"/>
    <testCase name="Action of forgotPassword history Should the pwdTokenRequest calls the correct action and receive the value within payload" duration="0"/>
    <testCase name="Action of forgotPassword history Should the pwdTokenSuccess calls the correct action" duration="1"/>
    <testCase name="Action of forgotPassword history Should the pwdTokenFailure calls the correct action" duration="0"/>
  </file>
  <file path="/home/gabryel/Documents/psd/HubDigitalFront/packages/apps/hub-web/src/__tests__/pages/Auth/ForgotFail.spec.tsx">
  </file>
  <file path="/home/gabryel/Documents/psd/HubDigitalFront/packages/apps/hub-web/src/__tests__/pages/Home/Filter.spec.tsx">
    <testCase name="Filter Component (by Welcome) should work properly The component `Filter` shouldn`t render any level options when profile is not `professor`" duration="265"/>
    <testCase name="Filter Component (by Welcome) should work properly The component `Filter` should render level options when trigged" duration="606"/>
    <testCase name="Filter Component (by Welcome) should work properly The `Filter` component should show only the chosen option" duration="1060"/>
  </file>
  <file path="/home/gabryel/Documents/psd/HubDigitalFront/packages/apps/hub-web/src/__tests__/pages/Auth/Profile/Profile.spec.tsx">
    <testCase name="Profile page should work properly Should render the correct elements on the screen" duration="236"/>
    <testCase name="Profile page should work properly The component `Select` should work correctly when the user interacts with it" duration="546"/>
    <testCase name="Profile page should work properly The `Profile` component should dispatch `@auth/FIRST_ACCESS` when the user chooses an option" duration="1194"/>
  </file>
  <file path="/home/gabryel/Documents/psd/HubDigitalFront/packages/apps/hub-web/src/__tests__/layouts/Iframe/components/Header/Header.spec.tsx">
  </file>
  <file path="/home/gabryel/Documents/psd/HubDigitalFront/packages/common/__tests__/components/Form.spec.tsx">
    <testCase name="Form works properly input should render icons correctly and change style when focused" duration="241"/>
    <testCase name="Form works properly input should display an error if useField returns error as truthy" duration="520"/>
    <testCase name="Form works properly Form calls submit with correct values" duration="940"/>
  </file>
  <file path="/home/gabryel/Documents/psd/HubDigitalFront/packages/apps/hub-web/src/__tests__/pages/Iframe/getCardBySlug.spec.tsx">
  </file>
  <file path="/home/gabryel/Documents/psd/HubDigitalFront/packages/apps/hub-web/src/__tests__/pages/MyClasses/MyClasses.spec.tsx">
    <testCase name="myClasses should work properly Should render /Nenhuma classe encontrada!/ when classes are not provided" duration="241"/>
    <testCase name="myClasses should work properly Should render FakeLoading when loading is true" duration="645"/>
    <testCase name="myClasses should work properly Should render when classes are provided" duration="1270"/>
    <testCase name="myClasses should work properly Should filter classes when input search is trigged" duration="1885"/>
  </file>
  <file path="/home/gabryel/Documents/psd/HubDigitalFront/packages/apps/hub-web/src/__tests__/store/modules/products/actions.spec.ts">
  </file>
  <file path="/home/gabryel/Documents/psd/HubDigitalFront/packages/apps/hub-web/src/__tests__/store/modules/profile/reducer.spec.ts">
    <testCase name="authProduct reducer returns the initial state when an action type is not passed" duration="0"/>
    <testCase name="authProduct reducer loading is set to false on failure action" duration="0"/>
    <testCase name="authProduct reducer loading is set to false on failure action" duration="1"/>
    <testCase name="authProduct reducer loading is set to false on failure action" duration="0"/>
  </file>
  <file path="/home/gabryel/Documents/psd/HubDigitalFront/packages/apps/hub-web/src/__tests__/components/ModalSupport.spec.tsx">
    <testCase name="ModalSupport component testing Should redirect to FAQ when `ACESSAR FAQ` button is clicked" duration="622"/>
    <testCase name="ModalSupport component testing Context onClose when ModalSupport`s close button is triggered" duration="915"/>
    <testCase name="ModalSupport component testing Context`s onClose and onOpen should call useDisclosure`s functions" duration="1449"/>
    <testCase name="ModalSupport component testing Should toMatchSnapShot" duration="1604"/>
  </file>
  <file path="/home/gabryel/Documents/psd/HubDigitalFront/packages/apps/hub-web/src/__tests__/pages/Auth/ExpiredToken.spec.tsx">
    <testCase name="Expired Token page should work properly Should redirect to `/` when `validateViewPin` doesn`t exist or it`s false" duration="202"/>
    <testCase name="Expired Token page should work properly Should render the correcly elements on screen" duration="491"/>
    <testCase name="Expired Token page should work properly Should redirect to `/esqueci-minha-senha` when `Solicitar novo link` is clicked" duration="964"/>
    <testCase name="Expired Token page should work properly Should redirect to `/login` when `GoBack` is clicked" duration="1678"/>
  </file>
  <file path="/home/gabryel/Documents/psd/HubDigitalFront/packages/apps/hub-web/src/__tests__/store/modules/tour/reducer.spec.ts">
    <testCase name="tour reducer should work properly returns the initial state when an action type is not passed" duration="1"/>
    <testCase name="tour reducer should work properly loading is set to true on get tour viewed action" duration="0"/>
    <testCase name="tour reducer should work properly should set loading and tour info on getTourViewedSuccess action" duration="0"/>
    <testCase name="tour reducer should work properly loading is set to false on getTourViewedFailure action" duration="1"/>
    <testCase name="tour reducer should work properly should set open to true on openTour action with truthy payload" duration="0"/>
    <testCase name="tour reducer should work properly should reset tour info on sign out" duration="0"/>
    <testCase name="tour reducer should work properly should set tour info on successful getTour action" duration="0"/>
  </file>
  <file path="/home/gabryel/Documents/psd/HubDigitalFront/packages/common/__tests__/layout/styles.spec.tsx">
    <testCase name="Testing chakra`s styles hooks useTheme shouldn`t return void theme when encapsulated by a theme provider" duration="173"/>
    <testCase name="Testing chakra`s styles hooks useColorMode should  gives you access to the current color mode, and a function to toggle the color mode." duration="462"/>
    <testCase name="Testing chakra`s styles hooks useColorModeValue returns current color mode: by default return light mode color" duration="933"/>
    <testCase name="Testing chakra`s styles hooks useMediaQuery should returns an array of booleans, indicating whether the given query matches or queries match" duration="1"/>
  </file>
  <file path="/home/gabryel/Documents/psd/HubDigitalFront/packages/apps/hub-web/src/__tests__/layouts/Iframe/components/Header/HeaderDesktop.spec.tsx">
  </file>
  <file path="/home/gabryel/Documents/psd/HubDigitalFront/packages/apps/hub-web/src/__tests__/store/modules/solutions/reducer.spec.ts">
    <testCase name="solutions reducer returns the initial state when an action type is not passed" duration="0"/>
    <testCase name="solutions reducer should change loading to true when solutions are requested" duration="1"/>
    <testCase name="solutions reducer loading is set to false and data undefined on failure action" duration="0"/>
    <testCase name="solutions reducer loading is set to false on success action" duration="0"/>
    <testCase name="solutions reducer should change loading to true and reset data when categories are requested" duration="1"/>
    <testCase name="solutions reducer loading is set to false and data reseted on failure action" duration="0"/>
    <testCase name="solutions reducer loading is set to false on success action" duration="0"/>
  </file>
  <file path="/home/gabryel/Documents/psd/HubDigitalFront/packages/apps/hub-web/src/__tests__/components/ModalNoClass.spec.tsx">
    <testCase name="ModalNoClass component should work properly should trigger the logout action by clicking the exit button" duration="531"/>
    <testCase name="ModalNoClass component should work properly Must render the component on screen correctly" duration="860"/>
    <testCase name="ModalNoClass component should work properly Render the component in the Desktop version" duration="1428"/>
    <testCase name="ModalNoClass component should work properly The component should not be on screen" duration="1627"/>
  </file>
  <file path="/home/gabryel/Documents/psd/HubDigitalFront/packages/common/__tests__/components/Drawer.spec.tsx">
    <testCase name="Testing if Drawer component render correctly should render open, as well must render Drawer Header, Body and Footer" duration="457"/>
    <testCase name="Testing if Drawer component render correctly Drawer matches snapshot" duration="760"/>
    <testCase name="testing useDesclosure should returns the correct values" duration="1"/>
  </file>
  <file path="/home/gabryel/Documents/psd/HubDigitalFront/packages/apps/hub-web/src/__tests__/store/modules/educationalStage/reducer.spec.ts">
    <testCase name="Reducer of authentication history Should set the Educational Stage for the chosen" duration="1"/>
    <testCase name="Reducer of authentication history Should set the Educational Stage Default with the array of that the user has access to" duration="0"/>
    <testCase name="Reducer of authentication history Should reset all states" duration="0"/>
    <testCase name="Reducer of authentication history Should set Loading as True and Clean User Infos" duration="0"/>
    <testCase name="Reducer of authentication history Should return the unchanged state if it does not contain any action" duration="0"/>
  </file>
  <file path="/home/gabryel/Documents/psd/HubDigitalFront/packages/apps/hub-web/src/__tests__/store/modules/myClasses/sagas.spec.ts">
    <testCase name="Sagas of myClasses history Should seek the list of students of a class and return only the assets" duration="1"/>
    <testCase name="Sagas of myClasses history Should show an error for the user if the search for the list of students returned an exception" duration="1"/>
  </file>
  <file path="/home/gabryel/Documents/psd/HubDigitalFront/packages/apps/hub-web/src/__tests__/validators/user/alterPassword.spec.ts">
    <testCase name="alterPassword must check the format of the new password Should return a `min characters` error if new password is smaller than 5 characters" duration="2"/>
    <testCase name="alterPassword must check the format of the new password Should return an error if newPassword is different of confirmNewPassword" duration="1"/>
    <testCase name="alterPassword must check the format of the new password Should return a `missing confirmNewPassword` error if confirmNewPassword was not provided" duration="0"/>
    <testCase name="alterPassword must check the format of the new password Should return a `missing oldPassword` error if oldPassword was not provided" duration="1"/>
    <testCase name="alterPassword must check the format of the new password Should return the `shape` if `password`, `confirm-password` and `oldPassword` is correct" duration="0"/>
  </file>
  <file path="/home/gabryel/Documents/psd/HubDigitalFront/packages/apps/hub-web/src/__tests__/store/modules/forgotPassword/reducer.spec.ts">
    <testCase name="Reducer of authentication history Should change the state of load in the firing of the request of Request" duration="1"/>
    <testCase name="Reducer of authentication history Should set the loading as false if the call fails" duration="0"/>
    <testCase name="Reducer of authentication history Should set the View Token to True in application success" duration="0"/>
    <testCase name="Reducer of authentication history Should Set Loading How to True Call for PIN Validation" duration="1"/>
    <testCase name="Reducer of authentication history Should Set Loading How to False Call for PIN Validation" duration="0"/>
    <testCase name="Reducer of authentication history Should Save the Pin Payload Case Success" duration="0"/>
    <testCase name="Reducer of authentication history Should return the unchanged state if it does not contain any action" duration="0"/>
  </file>
  <file path="/home/gabryel/Documents/psd/HubDigitalFront/packages/common/__tests__/components/Welcome.spec.tsx">
    <testCase name="Welcome renders with correct props should render Welcome message correctly" duration="183"/>
    <testCase name="Welcome renders with correct props should render with welcome message despite undefined props" duration="508"/>
    <testCase name="Welcome renders with correct props should render user name as `Usuário` when option is `name` and prop name is undefined" duration="953"/>
  </file>
  <file path="/home/gabryel/Documents/psd/HubDigitalFront/packages/apps/hub-web/src/__tests__/utils/reCaptcha.spec.ts">
    <testCase name="Captcha for Login Should trigger the lib that removes the captcha cache" duration="1"/>
    <testCase name="Captcha for Login Must validate quantity of stored items and return a Bool" duration="0"/>
    <testCase name="Captcha for Login Save to set login attempts in cache" duration="1"/>
    <testCase name="Captcha for Login You must validate the captcha token and remove the cache if ok" duration="1"/>
  </file>
  <file path="/home/gabryel/Documents/psd/HubDigitalFront/packages/apps/hub-web/src/__tests__/store/modules/authProduct/actions.spec.ts">
    <testCase name="authProduct action creators should work properly should create an request action on preAuth" duration="1"/>
    <testCase name="authProduct action creators should work properly should create an specific request action on authProductRequest" duration="0"/>
    <testCase name="authProduct action creators should work properly should create an success action on authProductSuccess" duration="1"/>
    <testCase name="authProduct action creators should work properly should create an failure action on authProductFailure" duration="0"/>
  </file>
  <file path="/home/gabryel/Documents/psd/HubDigitalFront/packages/apps/hub-web/src/__tests__/pages/AccessControl/Trash/utils/trashDataFormat.spec.tsx">
    <testCase name="trashDataFormat should work properly Should format correctly when /tipoRenderizacao/ is iframe" duration="0"/>
    <testCase name="trashDataFormat should work properly Should format correctly when /tipoRenderizacao/ is not iframe" duration="1"/>
  </file>
  <file path="/home/gabryel/Documents/psd/HubDigitalFront/packages/apps/hub-web/src/__tests__/utils/prepareEducationalStage.spec.ts">
  </file>
  <file path="/home/gabryel/Documents/psd/HubDigitalFront/packages/apps/hub-web/src/__tests__/services/eemConnect.spec.ts">
    <testCase name="EEMConnectPost should work properly EEMConnectPost should set headers then send a post request" duration="25"/>
    <testCase name="EEMConnectPost should work properly EEMConnectGET should send a get request" duration="4"/>
  </file>
  <file path="/home/gabryel/Documents/psd/HubDigitalFront/packages/apps/hub-web/src/__tests__/validators/auth/createNewPassword.spec.ts">
    <testCase name="CreateNewPasswordSchema must check the format of the new password Should return a `min characters` error if password is smaller than 5 characters" duration="6"/>
    <testCase name="CreateNewPasswordSchema must check the format of the new password Should return error if password is different of confirm-password" duration="0"/>
    <testCase name="CreateNewPasswordSchema must check the format of the new password Should return a `missing confirm-password` error if confirm-password was not provided" duration="1"/>
    <testCase name="CreateNewPasswordSchema must check the format of the new password Should return the `shape` if `password` and `confirm-password` is correct" duration="0"/>
  </file>
  <file path="/home/gabryel/Documents/psd/HubDigitalFront/packages/apps/hub-web/src/__tests__/store/modules/myClasses/actions.spec.ts">
    <testCase name="Action of global history Should call the classesRequest action correctly and receive the value within payload" duration="0"/>
    <testCase name="Action of global history Should call the classesSuccess action correctly and receive the value within payload" duration="1"/>
    <testCase name="Action of global history Should call the classesFailure action correctly and receive the value within payload" duration="0"/>
  </file>
  <file path="/home/gabryel/Documents/psd/HubDigitalFront/packages/apps/hub-web/src/__tests__/store/modules/educationalStage/actions.spec.ts">
    <testCase name="Action of educationalStage history Should the setEducationalStage calls the correct action and receive the value within payload" duration="0"/>
    <testCase name="Action of educationalStage history Should the setEducationalStage calls the correct action and receive the value within payload" duration="0"/>
    <testCase name="Action of educationalStage history Should the setEducationalStage calls the correct action and receive the value within payload" duration="1"/>
  </file>
  <file path="/home/gabryel/Documents/psd/HubDigitalFront/packages/common/__tests__/components/CardProduct.spec.tsx">
    <testCase name="CardProduct component should work properly Card redirects to the correct link" duration="222"/>
    <testCase name="CardProduct component should work properly Card shows correct notification" duration="487"/>
    <testCase name="CardProduct component should work properly Card has &quot;hub&quot; category when no category is received" duration="956"/>
    <testCase name="CardProduct component should work properly Card shows &apos;Em breve&apos; text when doesn&apos;t receive a link" duration="1598"/>
  </file>
  <file path="/home/gabryel/Documents/psd/HubDigitalFront/packages/apps/hub-web/src/__tests__/pages/AccessControl/components/Table/EditButton.spec.tsx">
    <testCase name="EditButton AccessControl component Should handle when user click on its name (editar)" duration="177"/>
  </file>
  <file path="/home/gabryel/Documents/psd/HubDigitalFront/packages/apps/hub-web/src/__tests__/utils/prepareSchoolAndRoles.spec.ts">
  </file>
  <file path="/home/gabryel/Documents/psd/HubDigitalFront/packages/apps/hub-web/src/__tests__/store/modules/myClasses/reducer.spec.ts">
    <testCase name="Reducer of authentication history Should set Loading to True When Request Action is Triggered" duration="1"/>
    <testCase name="Reducer of authentication history Should set Loading to false and classes to return api When Success Action is Triggered" duration="0"/>
    <testCase name="Reducer of authentication history Should set Loading to false and classes to undefined When Failure Action is Triggered" duration="0"/>
    <testCase name="Reducer of authentication history Should return the unchanged state if it does not contain any action" duration="1"/>
  </file>
  <file path="/home/gabryel/Documents/psd/HubDigitalFront/packages/apps/hub-web/src/__tests__/pages/Iframe/index.spec.tsx">
  </file>
  <file path="/home/gabryel/Documents/psd/HubDigitalFront/packages/apps/hub-web/src/__tests__/utils/enableRefreshToken.spec.tsx">
    <testCase name="enableRefreshToken util should return false when current date is smaller than expiration date" duration="0"/>
    <testCase name="enableRefreshToken util should return true when current date is greater than expiration date" duration="0"/>
    <testCase name="enableRefreshToken util should return true when current date is equal to expiration date" duration="1"/>
    <testCase name="enableRefreshToken util should return false when enableMiddlewareRefreshToken is false" duration="0"/>
  </file>
  <file path="/home/gabryel/Documents/psd/HubDigitalFront/packages/apps/hub-web/src/__tests__/services/eemIntegration.spec.ts">
    <testCase name="eemIntegration should work properly eemIntegration should use store data when no args are received" duration="1"/>
  </file>
  <file path="/home/gabryel/Documents/psd/HubDigitalFront/packages/apps/hub-web/src/__tests__/store/modules/category/reducer.spec.ts">
    <testCase name="category reducer returns the initial state when an action type is not passed" duration="1"/>
    <testCase name="category reducer should change loading to true and reset data when categories are requested" duration="0"/>
    <testCase name="category reducer loading is set to false and data reseted on failure action" duration="1"/>
    <testCase name="category reducer loading is set to false on success action" duration="0"/>
  </file>
  <file path="/home/gabryel/Documents/psd/HubDigitalFront/packages/apps/hub-web/src/__tests__/services/getSiteControl/trackWidgetSubmit.spec.ts">
  </file>
  <file path="/home/gabryel/Documents/psd/HubDigitalFront/packages/apps/hub-web/src/__tests__/validators/validators.spec.ts">
    <testCase name="ValidationError should work properly ValidationError should return the correct error data" duration="0"/>
    <testCase name="getValidationErrors should work properly getValidationErrors should give errors triggered by ValidationError" duration="1"/>
    <testCase name="getValidationErrors should work properly getValidationErrors should give errors triggered by ValidationError even when field name is not provided, replacing the fild with ` `" duration="0"/>
  </file>
  <file path="/home/gabryel/Documents/psd/HubDigitalFront/packages/apps/hub-web/src/__tests__/layouts/Iframe/components/Card.spec.tsx">
  </file>
  <file path="/home/gabryel/Documents/psd/HubDigitalFront/packages/common/__tests__/components/Tour.spec.tsx">
    <testCase name="Testing Tour component and your functionalities Should render Tour component with first step" duration="5"/>
    <testCase name="Testing Tour component and your functionalities should close the tour when closeButton is clicked" duration="694"/>
  </file>
  <file path="/home/gabryel/Documents/psd/HubDigitalFront/packages/common/__tests__/components/Popover.spec.tsx">
    <testCase name="Popover component should work properly Should render with correctly content" duration="298"/>
    <testCase name="Popover component should work properly Should close visibility of the Popover when close button is clicked" duration="639"/>
  </file>
  <file path="/home/gabryel/Documents/psd/HubDigitalFront/packages/common/__tests__/components/Skeleton.spec.tsx">
    <testCase name="Skeleton renders without crashing Stack matches snapshot" duration="178"/>
    <testCase name="Skeleton renders without crashing Skeleton matches snapshot" duration="482"/>
    <testCase name="Skeleton renders without crashing SkeletonCircle matches snapshot" duration="920"/>
    <testCase name="Skeleton renders without crashing SkeletonText matches snapshot" duration="1620"/>
  </file>
  <file path="/home/gabryel/Documents/psd/HubDigitalFront/packages/common/__tests__/components/Table.spec.tsx">
    <testCase name="Table renders without crashing Should render table`s headers" duration="173"/>
    <testCase name="Table renders without crashing Should render table`s data" duration="480"/>
    <testCase name="Table renders without crashing Should match snapshot" duration="924"/>
  </file>
  <file path="/home/gabryel/Documents/psd/HubDigitalFront/packages/common/__tests__/components/Modal.spec.tsx">
    <testCase name="Modal component should work properly Should render the children on screen with correctly props" duration="6"/>
    <testCase name="Modal component should work properly Shoudn`t render the component when prop open is false (closed Model)" duration="479"/>
  </file>
  <file path="/home/gabryel/Documents/psd/HubDigitalFront/packages/apps/hub-web/src/__tests__/pages/Home/FakeCollapse.spec.tsx">
    <testCase name="FakeCollapse renders without crashing should have children" duration="198"/>
    <testCase name="FakeCollapse renders without crashing Collapse with false grid doesn&apos;t render SimpleGrid" duration="525"/>
    <testCase name="FakeCollapse renders without crashing renders without crashing on larger screens" duration="978"/>
  </file>
  <file path="/home/gabryel/Documents/psd/HubDigitalFront/packages/apps/hub-web/src/__tests__/pages/AccessControl/utils/getSolutionBySlug.spec.ts">
    <testCase name="getSolutionBySlug should work properly Should returns the matched solution" duration="1"/>
    <testCase name="getSolutionBySlug should work properly Should returns undefined when there`s not matched solution" duration="0"/>
  </file>
  <file path="/home/gabryel/Documents/psd/HubDigitalFront/packages/apps/hub-web/src/__tests__/layouts/Iframe/components/Search.spec.tsx">
  </file>
  <file path="/home/gabryel/Documents/psd/HubDigitalFront/packages/apps/hub-web/src/__tests__/pages/AccessControl/components/Table/Switch.spec.tsx">
    <testCase name="Switch AccessControl component Should dispatch an action when its is clicked" duration="177"/>
  </file>
  <file path="/home/gabryel/Documents/psd/HubDigitalFront/packages/apps/hub-web/src/__tests__/store/modules/authProduct/reducer.spec.ts">
    <testCase name="authProduct reducer returns the initial state when an action type is not passed" duration="0"/>
    <testCase name="authProduct reducer should return change loading to true when a product is requested" duration="3">
      <failure message="Error: expect(received).toEqual(expected) // deep equality"><![CDATA[Error: expect(received).toEqual(expected) // deep equality

- Expected  - 0
+ Received  + 3

  Object {
    "loading": true,
+   "mcf": false,
+   "productData": null,
+   "productName": null,
  }
    at Object.<anonymous> (/home/gabryel/Documents/psd/HubDigitalFront/packages/apps/hub-web/src/__tests__/store/modules/authProduct/reducer.spec.ts:20:58)
    at Object.asyncJestTest (/home/gabryel/Documents/psd/HubDigitalFront/node_modules/jest-jasmine2/build/jasmineAsyncInstall.js:106:37)
    at /home/gabryel/Documents/psd/HubDigitalFront/node_modules/jest-jasmine2/build/queueRunner.js:45:12
    at new Promise (<anonymous>)
    at mapper (/home/gabryel/Documents/psd/HubDigitalFront/node_modules/jest-jasmine2/build/queueRunner.js:28:19)
    at /home/gabryel/Documents/psd/HubDigitalFront/node_modules/jest-jasmine2/build/queueRunner.js:75:41
    at processTicksAndRejections (internal/process/task_queues.js:93:5)]]></failure>
    </testCase>
    <testCase name="authProduct reducer loading is set to false on success action" duration="40">
      <failure message="TypeError: Cannot read property &apos;mcf&apos; of undefined"><![CDATA[TypeError: Cannot read property 'mcf' of undefined
    at recipe (/home/gabryel/Documents/psd/HubDigitalFront/packages/apps/hub-web/src/store/modules/authProduct/reducer.ts:28:36)
    at Immer.produce (/home/gabryel/Documents/psd/HubDigitalFront/node_modules/immer/src/core/immerClass.ts:96:14)
    at Object.authProduct [as default] (/home/gabryel/Documents/psd/HubDigitalFront/packages/apps/hub-web/src/store/modules/authProduct/reducer.ts:18:10)
    at Object.<anonymous> (/home/gabryel/Documents/psd/HubDigitalFront/packages/apps/hub-web/src/__tests__/store/modules/authProduct/reducer.spec.ts:26:31)
    at Object.asyncJestTest (/home/gabryel/Documents/psd/HubDigitalFront/node_modules/jest-jasmine2/build/jasmineAsyncInstall.js:106:37)
    at /home/gabryel/Documents/psd/HubDigitalFront/node_modules/jest-jasmine2/build/queueRunner.js:45:12
    at new Promise (<anonymous>)
    at mapper (/home/gabryel/Documents/psd/HubDigitalFront/node_modules/jest-jasmine2/build/queueRunner.js:28:19)
    at /home/gabryel/Documents/psd/HubDigitalFront/node_modules/jest-jasmine2/build/queueRunner.js:75:41
    at processTicksAndRejections (internal/process/task_queues.js:93:5)]]></failure>
    </testCase>
    <testCase name="authProduct reducer loading is set to false on failure action" duration="1">
      <failure message="Error: expect(received).toEqual(expected) // deep equality"><![CDATA[Error: expect(received).toEqual(expected) // deep equality

- Expected  - 0
+ Received  + 3

  Object {
    "loading": false,
+   "mcf": false,
+   "productData": null,
+   "productName": null,
  }
    at Object.<anonymous> (/home/gabryel/Documents/psd/HubDigitalFront/packages/apps/hub-web/src/__tests__/store/modules/authProduct/reducer.spec.ts:32:20)
    at Object.asyncJestTest (/home/gabryel/Documents/psd/HubDigitalFront/node_modules/jest-jasmine2/build/jasmineAsyncInstall.js:106:37)
    at /home/gabryel/Documents/psd/HubDigitalFront/node_modules/jest-jasmine2/build/queueRunner.js:45:12
    at new Promise (<anonymous>)
    at mapper (/home/gabryel/Documents/psd/HubDigitalFront/node_modules/jest-jasmine2/build/queueRunner.js:28:19)
    at /home/gabryel/Documents/psd/HubDigitalFront/node_modules/jest-jasmine2/build/queueRunner.js:75:41
    at processTicksAndRejections (internal/process/task_queues.js:93:5)]]></failure>
    </testCase>
  </file>
  <file path="/home/gabryel/Documents/psd/HubDigitalFront/packages/apps/hub-web/src/__tests__/services/mixpanel/toolOpened.spec.ts">
    <testCase name="testing if `mixpanel tool opened` function work properly mixpanelToolOpened send event with correct properties" duration="1"/>
    <testCase name="testing if `mixpanel tool opened` function work properly Show an error in the console if MixPanel is not instantiated" duration="0"/>
  </file>
  <file path="/home/gabryel/Documents/psd/HubDigitalFront/packages/apps/hub-web/src/__tests__/validators/auth/signIn.spec.ts">
    <testCase name="signInSchema must check if the format of `shape` is correctly Should return a `missing username` error if username was not provided" duration="1"/>
    <testCase name="signInSchema must check if the format of `shape` is correctly Should return a `missing password` error if password was not provided" duration="0"/>
    <testCase name="signInSchema must check if the format of `shape` is correctly Should return the `shape` if all data is correct" duration="0"/>
  </file>
  <file path="/home/gabryel/Documents/psd/HubDigitalFront/packages/apps/hub-web/src/__tests__/store/modules/global/actions.spec.ts">
    <testCase name="Action of global history Should call the loading action correctly and receive the value within payload" duration="0"/>
    <testCase name="Action of global history Should call the enableRefreshTokenMiddleware action correctly and receive the value within payload" duration="1"/>
  </file>
  <file path="/home/gabryel/Documents/psd/HubDigitalFront/packages/apps/hub-web/src/__tests__/services/mixpanel/sessionStarted.spec.ts">
    <testCase name="Mixpanel Services Should track Session Started on MixPanel" duration="1"/>
    <testCase name="Mixpanel Services Should display an error in the console if MixPanel could not track the event" duration="0"/>
  </file>
  <file path="/home/gabryel/Documents/psd/HubDigitalFront/packages/apps/hub-web/src/__tests__/layouts/Iframe/components/Header/AnimateGoBack.spec.tsx">
  </file>
  <file path="/home/gabryel/Documents/psd/HubDigitalFront/packages/apps/hub-web/src/__tests__/pages/Auth/Profile/CardBox.spec.tsx">
  </file>
  <file path="/home/gabryel/Documents/psd/HubDigitalFront/packages/common/__tests__/layout/provider.spec.tsx">
    <testCase name="Testing Theme Provider should change theme when profile changes" duration="1582"/>
  </file>
  <file path="/home/gabryel/Documents/psd/HubDigitalFront/packages/apps/hub-web/src/__tests__/services/mixpanel/init.spec.ts">
    <testCase name="Mixpanel Services Should properly boot MixPanel" duration="2">
      <failure message="Error: expect(jest.fn()).toBeCalledWith(...expected)"><![CDATA[Error: expect(jest.fn()).toBeCalledWith(...expected)

- Expected
+ Received

  "mix-panel-mock-key",
  Object {
    "batch_requests": true,
    "cookie_domain": "localhost",
+   "cross_subdomain_cookie": false,
  },

Number of calls: 1
    at Object.<anonymous> (/home/gabryel/Documents/psd/HubDigitalFront/packages/apps/hub-web/src/__tests__/services/mixpanel/init.spec.ts:15:26)
    at Object.asyncJestTest (/home/gabryel/Documents/psd/HubDigitalFront/node_modules/jest-jasmine2/build/jasmineAsyncInstall.js:106:37)
    at /home/gabryel/Documents/psd/HubDigitalFront/node_modules/jest-jasmine2/build/queueRunner.js:45:12
    at new Promise (<anonymous>)
    at mapper (/home/gabryel/Documents/psd/HubDigitalFront/node_modules/jest-jasmine2/build/queueRunner.js:28:19)
    at /home/gabryel/Documents/psd/HubDigitalFront/node_modules/jest-jasmine2/build/queueRunner.js:75:41
    at processTicksAndRejections (internal/process/task_queues.js:93:5)]]></failure>
    </testCase>
    <testCase name="Mixpanel Services Show an error in the console if MixPanel is not instantiated" duration="0"/>
  </file>
  <file path="/home/gabryel/Documents/psd/HubDigitalFront/packages/apps/hub-web/src/__tests__/services/mixpanel/identifyUser.spec.ts">
    <testCase name="Mixpanel Services Should shoot the MixPanel reset function" duration="0"/>
    <testCase name="Mixpanel Services Show an error in the console if MixPanel is not instantiated" duration="1"/>
  </file>
  <file path="/home/gabryel/Documents/psd/HubDigitalFront/packages/apps/hub-web/src/__tests__/store/modules/profile/actions.spec.ts">
    <testCase name="profile module action creators should work properly should set profile with the correct payload" duration="1"/>
    <testCase name="profile module action creators should work properly should set profiles with the correct payload" duration="0"/>
  </file>
  <file path="/home/gabryel/Documents/psd/HubDigitalFront/packages/apps/hub-web/src/__tests__/hooks/useSendGlobalInfo.spec.ts">
    <testCase name="useSendGlobalInfo hook should work properly Global Variable `window.__HUB_USER_INFO__` should be undefined before initialization of useSendGlobalInfo hook" duration="0"/>
    <testCase name="useSendGlobalInfo hook should work properly Global Variable `window.__HUB_USER_INFO__` should be defined after initialization of useSendGlobalInfo hook" duration="3"/>
  </file>
  <file path="/home/gabryel/Documents/psd/HubDigitalFront/packages/apps/hub-web/src/__tests__/utils/gscWidgetData.spec.ts">
    <testCase name="formatWidgetData should work properly should return formatted data" duration="1"/>
  </file>
  <file path="/home/gabryel/Documents/psd/HubDigitalFront/packages/apps/hub-web/src/__tests__/utils/hasJsonStructure.spec.ts">
  </file>
  <file path="/home/gabryel/Documents/psd/HubDigitalFront/packages/apps/hub-web/src/__tests__/hooks/useQuery.spec.ts">
    <testCase name="useQuery hook should work properly Should return the value of the query provided by the get method" duration="2"/>
  </file>
  <file path="/home/gabryel/Documents/psd/HubDigitalFront/packages/apps/hub-web/src/__tests__/services/mixpanel/clearAll.spec.ts">
    <testCase name="Mixpanel Services Should shoot the MixPanel reset function" duration="1"/>
    <testCase name="Mixpanel Services Show an error in the console if MixPanel is not instantiated" duration="0"/>
  </file>
  <file path="/home/gabryel/Documents/psd/HubDigitalFront/packages/apps/hub-web/src/__tests__/store/modules/global/reducer.spec.ts">
    <testCase name="Reducer of authentication history Should set the loading for the chosen" duration="0"/>
    <testCase name="Reducer of authentication history Should set the enableRefreshTokenMiddleware for the chosen" duration="1"/>
  </file>
  <file path="/home/gabryel/Documents/psd/HubDigitalFront/packages/common/__tests__/components/Search.spec.tsx">
    <testCase name="Search component should work properly Input should call onChange with correct value" duration="184"/>
  </file>
  <file path="/home/gabryel/Documents/psd/HubDigitalFront/packages/apps/hub-web/src/__tests__/validators/auth/forgotPassword.spec.ts">
    <testCase name="forgotPasswordSchema must check if the format of `email` is correct Should return a `missing email` error if email was not provided" duration="1"/>
    <testCase name="forgotPasswordSchema must check if the format of `email` is correct Should return `shape` if email`s formart is correct" duration="0"/>
  </file>
  <file path="/home/gabryel/Documents/psd/HubDigitalFront/packages/apps/hub-web/src/__tests__/components/GoBack.spec.tsx">
    <testCase name="Goback component should render on screen and when clicking trigger an event" duration="183"/>
  </file>
  <file path="/home/gabryel/Documents/psd/HubDigitalFront/packages/apps/hub-web/src/__tests__/pages/AccessControl/components/Table/Solution.spec.tsx">
  </file>
  <file path="/home/gabryel/Documents/psd/HubDigitalFront/packages/common/__tests__/utils/documentTitle.spec.ts">
    <testCase name="expect documentTitle to work correctly should return documentTitle styled string" duration="2"/>
    <testCase name="expect documentTitle to work correctly should return default string when theres no env title" duration="0"/>
  </file>
  <file path="/home/gabryel/Documents/psd/HubDigitalFront/packages/common/__tests__/components/Dropzone.spec.tsx">
    <testCase name="Dropzone should work properly " duration="339">
      <failure message="ContextError: useStyles: `styles` is undefined. Seems you forgot to wrap the components in `&lt;StylesProvider /&gt;` "><![CDATA[ContextError: useStyles: `styles` is undefined. Seems you forgot to wrap the components in `<StylesProvider />` 
    at FormHelperText (/home/gabryel/Documents/psd/HubDigitalFront/node_modules/@chakra-ui/form-control/src/form-control.tsx:260:18)
    at renderWithHooks (/home/gabryel/Documents/psd/HubDigitalFront/node_modules/react-dom/cjs/react-dom.development.js:14985:18)
    at updateForwardRef (/home/gabryel/Documents/psd/HubDigitalFront/node_modules/react-dom/cjs/react-dom.development.js:17044:20)
    at beginWork (/home/gabryel/Documents/psd/HubDigitalFront/node_modules/react-dom/cjs/react-dom.development.js:19098:16)
    at HTMLUnknownElement.callCallback (/home/gabryel/Documents/psd/HubDigitalFront/node_modules/react-dom/cjs/react-dom.development.js:3945:14)
    at HTMLUnknownElement.callTheUserObjectsOperation (/home/gabryel/Documents/psd/HubDigitalFront/node_modules/jest-environment-jsdom/node_modules/jsdom/lib/jsdom/living/generated/EventListener.js:26:30)
    at innerInvokeEventListeners (/home/gabryel/Documents/psd/HubDigitalFront/node_modules/jest-environment-jsdom/node_modules/jsdom/lib/jsdom/living/events/EventTarget-impl.js:338:25)
    at invokeEventListeners (/home/gabryel/Documents/psd/HubDigitalFront/node_modules/jest-environment-jsdom/node_modules/jsdom/lib/jsdom/living/events/EventTarget-impl.js:274:3)
    at HTMLUnknownElementImpl._dispatch (/home/gabryel/Documents/psd/HubDigitalFront/node_modules/jest-environment-jsdom/node_modules/jsdom/lib/jsdom/living/events/EventTarget-impl.js:221:9)
    at HTMLUnknownElementImpl.dispatchEvent (/home/gabryel/Documents/psd/HubDigitalFront/node_modules/jest-environment-jsdom/node_modules/jsdom/lib/jsdom/living/events/EventTarget-impl.js:94:17)
    at HTMLUnknownElement.dispatchEvent (/home/gabryel/Documents/psd/HubDigitalFront/node_modules/jest-environment-jsdom/node_modules/jsdom/lib/jsdom/living/generated/EventTarget.js:231:34)
    at Object.invokeGuardedCallbackDev (/home/gabryel/Documents/psd/HubDigitalFront/node_modules/react-dom/cjs/react-dom.development.js:3994:16)
    at invokeGuardedCallback (/home/gabryel/Documents/psd/HubDigitalFront/node_modules/react-dom/cjs/react-dom.development.js:4056:31)
    at beginWork$1 (/home/gabryel/Documents/psd/HubDigitalFront/node_modules/react-dom/cjs/react-dom.development.js:23964:7)
    at performUnitOfWork (/home/gabryel/Documents/psd/HubDigitalFront/node_modules/react-dom/cjs/react-dom.development.js:22779:12)
    at workLoopSync (/home/gabryel/Documents/psd/HubDigitalFront/node_modules/react-dom/cjs/react-dom.development.js:22707:5)
    at renderRootSync (/home/gabryel/Documents/psd/HubDigitalFront/node_modules/react-dom/cjs/react-dom.development.js:22670:7)
    at performSyncWorkOnRoot (/home/gabryel/Documents/psd/HubDigitalFront/node_modules/react-dom/cjs/react-dom.development.js:22293:18)
    at scheduleUpdateOnFiber (/home/gabryel/Documents/psd/HubDigitalFront/node_modules/react-dom/cjs/react-dom.development.js:21881:7)
    at updateContainer (/home/gabryel/Documents/psd/HubDigitalFront/node_modules/react-dom/cjs/react-dom.development.js:25482:3)
    at /home/gabryel/Documents/psd/HubDigitalFront/node_modules/react-dom/cjs/react-dom.development.js:26021:7
    at unbatchedUpdates (/home/gabryel/Documents/psd/HubDigitalFront/node_modules/react-dom/cjs/react-dom.development.js:22431:12)
    at legacyRenderSubtreeIntoContainer (/home/gabryel/Documents/psd/HubDigitalFront/node_modules/react-dom/cjs/react-dom.development.js:26020:5)
    at Object.render (/home/gabryel/Documents/psd/HubDigitalFront/node_modules/react-dom/cjs/react-dom.development.js:26103:10)
    at /home/gabryel/Documents/psd/HubDigitalFront/node_modules/@testing-library/react/dist/pure.js:101:25
    at batchedUpdates$1 (/home/gabryel/Documents/psd/HubDigitalFront/node_modules/react-dom/cjs/react-dom.development.js:22380:12)
    at act (/home/gabryel/Documents/psd/HubDigitalFront/node_modules/react-dom/cjs/react-dom-test-utils.development.js:1042:14)
    at Object.render (/home/gabryel/Documents/psd/HubDigitalFront/node_modules/@testing-library/react/dist/pure.js:97:26)
    at Object.customRender [as render] (/home/gabryel/Documents/psd/HubDigitalFront/packages/test-utils/index.tsx:84:8)
    at Object.<anonymous> (/home/gabryel/Documents/psd/HubDigitalFront/packages/common/__tests__/components/Dropzone.spec.tsx:15:21)
    at Object.asyncJestTest (/home/gabryel/Documents/psd/HubDigitalFront/node_modules/jest-jasmine2/build/jasmineAsyncInstall.js:106:37)
    at /home/gabryel/Documents/psd/HubDigitalFront/node_modules/jest-jasmine2/build/queueRunner.js:45:12
    at new Promise (<anonymous>)
    at mapper (/home/gabryel/Documents/psd/HubDigitalFront/node_modules/jest-jasmine2/build/queueRunner.js:28:19)
    at /home/gabryel/Documents/psd/HubDigitalFront/node_modules/jest-jasmine2/build/queueRunner.js:75:41
    at processTicksAndRejections (internal/process/task_queues.js:93:5)]]></failure>
    </testCase>
  </file>
  <file path="/home/gabryel/Documents/psd/HubDigitalFront/packages/apps/hub-web/src/__tests__/layouts/Auth/Auth.spec.tsx">
    <testCase name="Auth`s layout should render without crashing Auth`s layout should encapsulate correctly the children" duration="188"/>
  </file>
  <file path="/home/gabryel/Documents/psd/HubDigitalFront/packages/common/__tests__/components/Icon.spec.tsx">
    <testCase name="Root import icons I hope these components are called" duration="50"/>
  </file>
  <file path="/home/gabryel/Documents/psd/HubDigitalFront/packages/common/__tests__/components/index.spec.tsx">
    <testCase name="Root import components I hope these components are called" duration="3"/>
  </file>
  <file path="/home/gabryel/Documents/psd/HubDigitalFront/packages/apps/hub-web/src/__tests__/store/modules/productIntegrations/actions.spec.ts">
    <testCase name="Action of global history Should call the loading action correctly and receive the value within payload" duration="1"/>
  </file>
  <file path="/home/gabryel/Documents/psd/HubDigitalFront/packages/apps/hub-web/src/__tests__/services/getSiteControl/gscOnSubmit.spec.ts">
  </file>
  <file path="/home/gabryel/Documents/psd/HubDigitalFront/packages/common/__tests__/components/CardBox.spec.tsx">
    <testCase name="CardBox renders without crashing CardBox has children" duration="3"/>
    <testCase name="CardBox renders without crashing CardBox matches snapshot" duration="1"/>
  </file>
  <file path="/home/gabryel/Documents/psd/HubDigitalFront/packages/common/__tests__/components/Heading.spec.tsx">
    <testCase name="Heading renders without crashing Heading has children" duration="3"/>
    <testCase name="Heading renders without crashing Heading matches snapshot" duration="1"/>
  </file>
  <file path="/home/gabryel/Documents/psd/HubDigitalFront/packages/common/__tests__/components/Tooltip.spec.tsx">
    <testCase name="Tooltip renders without crashing Tooltip has children" duration="4"/>
    <testCase name="Tooltip renders without crashing Tooltip matches snapshot" duration="1"/>
  </file>
  <file path="/home/gabryel/Documents/psd/HubDigitalFront/packages/common/__tests__/components/Flex.spec.tsx">
    <testCase name="Flex renders without crashing Flex has children" duration="2"/>
    <testCase name="Flex renders without crashing Flex matches snapshot" duration="1"/>
  </file>
  <file path="/home/gabryel/Documents/psd/HubDigitalFront/packages/apps/hub-web/src/__tests__/pages/Iframe/Loading.spec.tsx">
  </file>
  <file path="/home/gabryel/Documents/psd/HubDigitalFront/packages/apps/hub-web/src/__tests__/utils/roundHours.spec.ts">
    <testCase name="roundHours util should round hour if it doesn`t exact" duration="0">
      <failure message="TypeError: roundHours_1.default(...).getTime is not a function"><![CDATA[TypeError: roundHours_1.default(...).getTime is not a function
    at Object.<anonymous> (/home/gabryel/Documents/psd/HubDigitalFront/packages/apps/hub-web/src/__tests__/utils/roundHours.spec.ts:17:47)
    at Object.asyncJestTest (/home/gabryel/Documents/psd/HubDigitalFront/node_modules/jest-jasmine2/build/jasmineAsyncInstall.js:106:37)
    at /home/gabryel/Documents/psd/HubDigitalFront/node_modules/jest-jasmine2/build/queueRunner.js:45:12
    at new Promise (<anonymous>)
    at mapper (/home/gabryel/Documents/psd/HubDigitalFront/node_modules/jest-jasmine2/build/queueRunner.js:28:19)
    at /home/gabryel/Documents/psd/HubDigitalFront/node_modules/jest-jasmine2/build/queueRunner.js:75:41
    at processTicksAndRejections (internal/process/task_queues.js:93:5)]]></failure>
    </testCase>
  </file>
  <file path="/home/gabryel/Documents/psd/HubDigitalFront/packages/common/__tests__/components/Box.spec.tsx">
    <testCase name="Box renders without crashing Box has children" duration="4"/>
    <testCase name="Box renders without crashing Box matches snapshot" duration="1"/>
  </file>
  <file path="/home/gabryel/Documents/psd/HubDigitalFront/packages/apps/hub-web/src/__tests__/pages/MyClasses/CardAlunos.spec.tsx">
    <testCase name="CardAlunos should work properly Should render username in lowercase" duration="178"/>
  </file>
  <file path="/home/gabryel/Documents/psd/HubDigitalFront/packages/common/__tests__/components/Image.spec.tsx">
    <testCase name="Image renders without crashing Should render image with correct alt text" duration="3"/>
    <testCase name="Image renders without crashing Image matches snapshot" duration="1"/>
  </file>
  <file path="/home/gabryel/Documents/psd/HubDigitalFront/packages/common/__tests__/components/Breadcrumbs.spec.tsx">
    <testCase name="Breadcrumbs should work properly Badge matches snapshot" duration="174"/>
  </file>
  <file path="/home/gabryel/Documents/psd/HubDigitalFront/packages/apps/hub-web/src/__tests__/utils/isMobile.spec.ts">
  </file>
  <file path="/home/gabryel/Documents/psd/HubDigitalFront/packages/apps/hub-web/src/__tests__/utils/transpileProfile.spec.ts">
  </file>
  <file path="/home/gabryel/Documents/psd/HubDigitalFront/packages/apps/hub-web/src/__tests__/utils/reorderList.spec.ts">
    <testCase name="Reorder List util should work properly Should reorder list correctly" duration="0"/>
  </file>
  <file path="/home/gabryel/Documents/psd/HubDigitalFront/packages/common/__tests__/utils/capitalize.spec.ts">
    <testCase name="expect capitalize to work correctly should return capitalized string" duration="0"/>
  </file>
  <file path="/home/gabryel/Documents/psd/HubDigitalFront/packages/common/__tests__/components/SpinnerLoader.spec.tsx">
    <testCase name="SpinnerLoader renders without crashing SpinnerLoader matches snapshot" duration="178"/>
  </file>
  <file path="/home/gabryel/Documents/psd/HubDigitalFront/packages/apps/hub-web/src/__tests__/services/hotjar/hotjarInit.spec.ts">
    <testCase name="Should start Hotjar correctly" duration="1"/>
  </file>
  <file path="/home/gabryel/Documents/psd/HubDigitalFront/packages/apps/hub-web/src/__tests__/pages/MyClasses/FakeLoading.spec.tsx">
    <testCase name="FakeLoading should render properly FakeLoading matches snapshot" duration="182"/>
  </file>
  <file path="/home/gabryel/Documents/psd/HubDigitalFront/packages/common/__tests__/components/SimpleGrid.spec.tsx">
    <testCase name="SimpleGrid renders without crashing SimpleGrid matches snapshot" duration="173"/>
  </file>
  <file path="/home/gabryel/Documents/psd/HubDigitalFront/packages/common/__tests__/components/BarLoader.spec.tsx">
  </file>
  <file path="/home/gabryel/Documents/psd/HubDigitalFront/packages/common/__tests__/utils/createSlug.spec.ts">
    <testCase name="expect createSlug to work correctly should convert string into slug" duration="0"/>
  </file>
  <file path="/home/gabryel/Documents/psd/HubDigitalFront/packages/apps/hub-web/src/__tests__/pages/Home/FakeLoading.spec.tsx">
    <testCase name="testing fakeLoading should render without  crashing" duration="295"/>
  </file>
  <file path="/home/gabryel/Documents/psd/HubDigitalFront/packages/common/__tests__/components/Divider.spec.tsx">
    <testCase name="Divider renders without crashing Divider matches snapshot" duration="162"/>
  </file>
  <file path="/home/gabryel/Documents/psd/HubDigitalFront/packages/common/__tests__/components/Switch.spec.tsx">
    <testCase name="Switch renders without crashing Should match snapshot" duration="195"/>
  </file>
  <file path="/home/gabryel/Documents/psd/HubDigitalFront/packages/apps/hub-web/src/__tests__/components/GrabIcon.spec.tsx">
    <testCase name="GrabIcon component Must render the component on screen correctly" duration="168"/>
  </file>
  <file path="/home/gabryel/Documents/psd/HubDigitalFront/packages/apps/hub-web/src/__tests__/components/LogoOn.spec.tsx">
    <testCase name="LogoOn component Must render the component on screen correctly" duration="164"/>
  </file>
  <file path="/home/gabryel/Documents/psd/HubDigitalFront/packages/common/__tests__/components/Avatar.spec.tsx">
    <testCase name="Avatar renders without crashing Avatar matches snapshot" duration="178"/>
  </file>
  <file path="/home/gabryel/Documents/psd/HubDigitalFront/packages/common/__tests__/components/Button.spec.tsx">
    <testCase name="Button renders without crashing Button matches snapshot" duration="176"/>
  </file>
  <file path="/home/gabryel/Documents/psd/HubDigitalFront/packages/common/__tests__/components/Input.spec.tsx">
    <testCase name="Input renders without crashing Input matches snapshot" duration="191"/>
  </file>
  <file path="/home/gabryel/Documents/psd/HubDigitalFront/packages/common/__tests__/components/Stack.spec.tsx">
    <testCase name="Stack renders without crashing Stack matches snapshot" duration="172"/>
  </file>
  <file path="/home/gabryel/Documents/psd/HubDigitalFront/packages/common/__tests__/components/Badge.spec.tsx">
    <testCase name="Badge renders without crashing Badge matches snapshot" duration="170"/>
  </file>
  <file path="/home/gabryel/Documents/psd/HubDigitalFront/packages/apps/hub-web/src/__tests__/components/Logo.spec.tsx">
    <testCase name="Logo component Must render the component on screen correctly" duration="172"/>
  </file>
  <file path="/home/gabryel/Documents/psd/HubDigitalFront/packages/apps/hub-web/src/__tests__/pages/Iframe/Iframe.spec.tsx">
  </file>
  <file path="/home/gabryel/Documents/psd/HubDigitalFront/packages/common/__tests__/components/Text.spec.tsx">
    <testCase name="Text renders without crashing Text matches snapshot" duration="170"/>
  </file>
  <file path="/home/gabryel/Documents/psd/HubDigitalFront/packages/apps/hub-web/src/__tests__/services/history.spec.ts">
    <testCase name="history service should work properly should be defined" duration="0"/>
  </file>
</testExecutions>