<?xml version="1.0" encoding="UTF-8"?>
<testExecutions version="1">
  <file path="/home/lucascardoso/Arco/HubDigitalFront/packages/apps/hub-web/src/__tests__/components/LogoOn.spec.tsx">
    <testCase name="LogoOn component Must render the component on screen correctly" duration="378"/>
  </file>
  <file path="/home/lucascardoso/Arco/HubDigitalFront/packages/apps/hub-web/src/__tests__/components/GoBack.spec.tsx">
    <testCase name="Goback component should render on screen and when clicking trigger an event" duration="418"/>
  </file>
  <file path="/home/lucascardoso/Arco/HubDigitalFront/packages/apps/hub-web/src/__tests__/components/Logo.spec.tsx">
    <testCase name="Logo component Must render the component on screen correctly" duration="427"/>
  </file>
  <file path="/home/lucascardoso/Arco/HubDigitalFront/packages/common/__tests__/components/Welcome.spec.tsx">
    <testCase name="Welcome renders with correct props should render Welcome message correctly" duration="343"/>
    <testCase name="Welcome renders with correct props should render with welcome message despite undefined props" duration="251"/>
    <testCase name="Welcome renders with correct props should render user name as `UsuÃ¡rio` when option is `name` and prop name is undefined" duration="231"/>
  </file>
  <file path="/home/lucascardoso/Arco/HubDigitalFront/packages/apps/hub-web/src/__tests__/pages/Auth/ExpiredToken.spec.tsx">
    <testCase name="Expired Token page should work properly Should redirect to `/` when `validateViewPin` doesn`t exist or it`s false" duration="563"/>
    <testCase name="Expired Token page should work properly Should render the correcly elements on screen" duration="368"/>
    <testCase name="Expired Token page should work properly Should redirect to `/esqueci-minha-senha` when `Solicitar novo link` is clicked" duration="303"/>
    <testCase name="Expired Token page should work properly Should redirect to `/login` when `GoBack` is clicked" duration="272"/>
  </file>
  <file path="/home/lucascardoso/Arco/HubDigitalFront/packages/apps/hub-web/src/__tests__/pages/Auth/Profile/Profile.spec.tsx">
    <testCase name="Profile page should work properly Should render the correct elements on the screen" duration="828"/>
    <testCase name="Profile page should work properly The component `Select` should work correctly when the user interacts with it" duration="686"/>
    <testCase name="Profile page should work properly The `Profile` component should dispatch `@auth/FIRST_ACCESS` when the user chooses an option" duration="868"/>
  </file>
  <file path="/home/lucascardoso/Arco/HubDigitalFront/packages/apps/hub-web/src/__tests__/pages/Home/Home.spec.tsx">
    <testCase name="Testing that the Home page works correctly Should render the correct elements on the screen" duration="840"/>
    <testCase name="Testing that the Home page works correctly Should not show any card when an unknown card is searched on filter" duration="448"/>
    <testCase name="Testing that the Home page works correctly Should dispatch `@auth/AUTH_PRODUCT_REQUEST` when a card is clicked" duration="362"/>
    <testCase name="Testing that the Home page works correctly Should not render any cards when the products are loading" duration="564"/>
    <testCase name="Testing that the Home page works correctly Should render a message when the products have already loaded, but they are empty []" duration="340"/>
    <testCase name="Testing that the Home page works correctly Should render with default Welcome titles" duration="297"/>
    <testCase name="Testing that the Home page works correctly Should render `userClass` and `Profile` when profile name is `Aluno`" duration="393"/>
  </file>
  <file path="/home/lucascardoso/Arco/HubDigitalFront/packages/apps/hub-web/src/__tests__/pages/Auth/ForgotPassword.spec.tsx">
    <testCase name="Forgot Password page should work properly should display instructions about password recovery" duration="676"/>
    <testCase name="Forgot Password page should work properly Should display an error toast if submit with empty input" duration="430"/>
    <testCase name="Forgot Password page should work properly Should display an error toast if validator throws a generic error" duration="307"/>
    <testCase name="Forgot Password page should work properly Should redirect client to login page if sendViewToken is true" duration="210"/>
    <testCase name="Forgot Password page should work properly should go back when GoBack is clicked" duration="227"/>
    <testCase name="Forgot Password page should work properly Should dispatch an action with correct payload" duration="345"/>
  </file>
  <file path="/home/lucascardoso/Arco/HubDigitalFront/packages/apps/hub-web/src/__tests__/components/ModalNoClass.spec.tsx">
    <testCase name="ModalNoClass component should trigger the logout action by clicking the exit button" duration="2967"/>
    <testCase name="ModalNoClass component Must render the component on screen correctly" duration="1363"/>
    <testCase name="ModalNoClass component Render the component in the Desktop version" duration="1378"/>
    <testCase name="ModalNoClass component The component should not be on screen" duration="205"/>
  </file>
  <file path="/home/lucascardoso/Arco/HubDigitalFront/packages/apps/hub-web/src/__tests__/pages/Auth/SignIn.spec.tsx">
    <testCase name="Testing that the Login page works correctly should redirect the user to /esqueci-minha-senha when click on `Esqueci minha senha`" duration="516"/>
    <testCase name="Testing that the Login page works correctly should open help modal when click on `Precido de ajuda`" duration="324"/>
    <testCase name="Testing that the Login page works correctly should change password input type when view icon is clicked" duration="281"/>
    <testCase name="Testing that the Login page works correctly Should render the elements of the Login page" duration="311"/>
    <testCase name="Testing that the Login page works correctly should dispatch @auth/SIGN_IN REQUEST with the right payload if the user data format is correct" duration="309"/>
    <testCase name="Testing that the Login page works correctly should throw a validation error when username and password input are empty" duration="350"/>
    <testCase name="Testing that the Login page works correctly should throw new error when username or password input are incorrect" duration="330"/>
    <testCase name="Testing that the Login page works correctly should change the type of the submit button to button type when sign-in strike is true" duration="318"/>
  </file>
  <file path="/home/lucascardoso/Arco/HubDigitalFront/packages/apps/hub-web/src/__tests__/pages/Auth/ChangePassword.spec.tsx">
    <testCase name="Change Password page should work properly should change input type if view changes" duration="622"/>
    <testCase name="Change Password page should work properly should redirect user if no token was provided" duration="265"/>
    <testCase name="Change Password page should work properly should return user to previous page when goBack is clicked" duration="316"/>
    <testCase name="Change Password page should work properly should display an error when validation fails" duration="498"/>
    <testCase name="Change Password page should work properly should display a generic error when validation throws it" duration="398"/>
    <testCase name="Change Password page should work properly Should dispatch actions with correct payloads" duration="300"/>
  </file>
  <file path="/home/lucascardoso/Arco/HubDigitalFront/packages/apps/hub-web/src/__tests__/pages/Home/FakeLoading.spec.tsx">
    <testCase name="testing fakeLoading should render without  crashing" duration="333"/>
  </file>
  <file path="/home/lucascardoso/Arco/HubDigitalFront/packages/apps/hub-web/src/__tests__/layouts/Auth/Auth.spec.tsx">
    <testCase name="Auth`s layout should render without crashing Auth`s layout should encapsulate correctly the children" duration="307"/>
  </file>
  <file path="/home/lucascardoso/Arco/HubDigitalFront/packages/apps/hub-web/src/__tests__/layouts/Iframe/components/Header/HeaderMobile.spec.tsx">
    <testCase name="getting started should work" duration="464"/>
  </file>
  <file path="/home/lucascardoso/Arco/HubDigitalFront/packages/common/__tests__/components/Select.spec.tsx">
    <testCase name="Select renders without crashing Select normal variant render all options" duration="1195"/>
    <testCase name="Select renders without crashing Select blue-transparent variant render options" duration="723"/>
    <testCase name="Select renders without crashing Select displays error message when no options are provided" duration="399"/>
  </file>
  <file path="/home/lucascardoso/Arco/HubDigitalFront/packages/common/__tests__/components/Drawer.spec.tsx">
    <testCase name="Testing if Drawer component render correctly should render open, as well must render Drawer Header, Body and Footer" duration="1343"/>
    <testCase name="Testing if Drawer component render correctly Drawer matches snapshot" duration="971"/>
    <testCase name="testing useDesclosure should returns the correct values" duration="2"/>
  </file>
  <file path="/home/lucascardoso/Arco/HubDigitalFront/packages/common/__tests__/components/Popover.spec.tsx">
    <testCase name="Popover component should work properly Should render with correctly content" duration="241"/>
    <testCase name="Popover component should work properly Should close visibility of the Popover when close button is clicked" duration="796"/>
  </file>
  <file path="/home/lucascardoso/Arco/HubDigitalFront/packages/common/__tests__/layout/styles.spec.tsx">
    <testCase name="Testing chacka`s styles hooks useTheme shouldn`t return void theme when encapsulated by a theme provider" duration="138"/>
    <testCase name="Testing chacka`s styles hooks useColorMode should  gives you access to the current color mode, and a function to toggle the color mode." duration="167"/>
    <testCase name="Testing chacka`s styles hooks useColorModeValue returns current color mode: by default return light mode color" duration="139"/>
    <testCase name="Testing chacka`s styles hooks useMediaQuery should returns an array of booleans, indicating whether the given query matches or queries match" duration="7"/>
  </file>
  <file path="/home/lucascardoso/Arco/HubDigitalFront/packages/apps/hub-web/src/__tests__/layouts/Iframe/components/Card.spec.tsx">
    <testCase name="Card`s layout should work properly Should render card`s elements on screen" duration="236"/>
    <testCase name="Card`s layout should work properly Should call onClick function when card box is clicked" duration="191"/>
  </file>
  <file path="/home/lucascardoso/Arco/HubDigitalFront/packages/common/__tests__/components/Box.spec.tsx">
    <testCase name="Box renders without crashing Box has children" duration="12"/>
    <testCase name="Box renders without crashing Box matches snapshot" duration="4"/>
  </file>
  <file path="/home/lucascardoso/Arco/HubDigitalFront/packages/apps/hub-web/src/__tests__/layouts/Logged/Dashboard.spec.tsx">
    <testCase name="Logged`s layout should render without crashing Should call render children on screen" duration="264"/>
    <testCase name="Logged`s layout should render without crashing Shouldn`t call steps if `open` is false" duration="208"/>
    <testCase name="Logged`s layout should render without crashing Steps should work properly on Dashboard when `open` and `viewed` are true" duration="2214"/>
    <testCase name="Logged`s layout should render without crashing Steps should work properly on Dashboard when `open` is true and `viewed` is false" duration="1687"/>
    <testCase name="Logged`s layout should render without crashing Should call that hooks: useSentry, useSendGlobalInfo and useAmplitudeSetProperties" duration="189"/>
  </file>
  <file path="/home/lucascardoso/Arco/HubDigitalFront/packages/apps/hub-web/src/__tests__/pages/Auth/ForgotFail.spec.tsx">
    <testCase name="Expired Token page should work properly Should redirect to `/login` when `sendViewToken` doesn`t exist or it`s false" duration="305"/>
    <testCase name="Expired Token page should work properly Should render the correcly elements on screen" duration="143"/>
    <testCase name="Expired Token page should work properly Should redirect to `/login` when `Voltar para o login` is clicked" duration="172"/>
    <testCase name="Expired Token page should work properly Should redirect to `/login` when `GoBack` is clicked" duration="161"/>
  </file>
  <file path="/home/lucascardoso/Arco/HubDigitalFront/packages/common/__tests__/components/Text.spec.tsx">
    <testCase name="Text renders without crashing Text matches snapshot" duration="176"/>
  </file>
  <file path="/home/lucascardoso/Arco/HubDigitalFront/packages/apps/hub-web/src/__tests__/pages/Home/Filter.spec.tsx">
    <testCase name="Filter Component (by Welcome) should work properly The component `Filter` shouldn`t render any level options when profile is not `professor`" duration="190"/>
    <testCase name="Filter Component (by Welcome) should work properly The component `Filter` should render level options when trigged" duration="563"/>
    <testCase name="Filter Component (by Welcome) should work properly The `Filter` component should show only the chosen option" duration="530"/>
  </file>
  <file path="/home/lucascardoso/Arco/HubDigitalFront/packages/apps/hub-web/src/__tests__/pages/Home/FakeCollapse.spec.tsx">
    <testCase name="FakeCollapse renders without crashing should have children" duration="208"/>
    <testCase name="FakeCollapse renders without crashing Collapse with false grid doesnt render SimpleGrid" duration="192"/>
    <testCase name="FakeCollapse renders without crashing renders without crashing on larger screens" duration="153"/>
  </file>
  <file path="/home/lucascardoso/Arco/HubDigitalFront/packages/common/__tests__/components/Tour.spec.tsx">
    <testCase name="Testing Tour component and your functionalities Should render Tour component with first step" duration="17"/>
    <testCase name="Testing Tour component and your functionalities should close the tour when closeButton is clicked" duration="1011"/>
  </file>
  <file path="/home/lucascardoso/Arco/HubDigitalFront/packages/apps/hub-web/src/__tests__/hooks/useSentry.spec.ts">
    <testCase name="useSentry hook should work properly If environment is `production`, this hook should call its methods correctly" duration="21"/>
    <testCase name="useSentry hook should work properly If environment is not `production`, this hook shouldn`t call its methods" duration="5"/>
  </file>
  <file path="/home/lucascardoso/Arco/HubDigitalFront/packages/common/__tests__/components/Collapse.spec.tsx">
    <testCase name="Collapse component should work properly Collapse doesnt render collapse-box when disable is true" duration="191"/>
    <testCase name="Collapse component should work properly Collapse change its animation when isOpen is true" duration="221"/>
    <testCase name="Collapse component should work properly Collapse change its animation when isOpen is false" duration="190"/>
    <testCase name="Collapse component should work properly Collapse render name inside Heading" duration="144"/>
    <testCase name="Collapse component should work properly Collapse with false grid doesnt render SimpleGrid" duration="137"/>
    <testCase name="Collapse component should work properly Collapse uses SimpleGrid in large screens" duration="164"/>
  </file>
  <file path="/home/lucascardoso/Arco/HubDigitalFront/packages/apps/hub-web/src/__tests__/services/eemIntegration.spec.ts">
    <testCase name="eemIntegration should work properly eemIntegration should use store data when no args are received" duration="5"/>
  </file>
  <file path="/home/lucascardoso/Arco/HubDigitalFront/packages/apps/hub-web/src/__tests__/middlewares/postMessage.spec.tsx">
    <testCase name="postMessage should work properly shouldnt redirect when mounted URL is equal current pathname" duration="8"/>
    <testCase name="postMessage should work properly should call push on history-change event" duration="16"/>
    <testCase name="postMessage should work properly shouldnt redirect when receives non stringfied data" duration="6"/>
    <testCase name="postMessage should work properly shouldnt redirect when data hasnt json structure" duration="5"/>
    <testCase name="postMessage should work properly shouldnt redirect when event type isnt history-change" duration="5"/>
    <testCase name="postMessage should work properly shouldnt redirect when data isnt parseable" duration="6"/>
  </file>
  <file path="/home/lucascardoso/Arco/HubDigitalFront/packages/apps/hub-web/src/__tests__/validators/auth/signIn.spec.ts">
    <testCase name="signInSchema must check if the format of `shape` is correctly Should return a `missing username` error if username was not provided" duration="3"/>
    <testCase name="signInSchema must check if the format of `shape` is correctly Should return a `missing password` error if password was not provided" duration="2"/>
    <testCase name="signInSchema must check if the format of `shape` is correctly Should return the `shape` if all data is correct" duration="2"/>
  </file>
  <file path="/home/lucascardoso/Arco/HubDigitalFront/packages/apps/hub-web/src/__tests__/validators/validators.spec.ts">
    <testCase name="ValidationError should work properly ValidationError should return the correct error data" duration="2"/>
    <testCase name="getValidationErrors should work properly getValidationErrors should give errors triggered by ValidationError" duration="1"/>
    <testCase name="getValidationErrors should work properly getValidationErrors should give errors triggered by ValidationError even when field name is not provided, replacing the fild with ` `" duration="0"/>
  </file>
  <file path="/home/lucascardoso/Arco/HubDigitalFront/packages/common/__tests__/components/Form.spec.tsx">
    <testCase name="Form works properly input should render icons correctly and change style when focused" duration="304"/>
    <testCase name="Form works properly input should display an error if useField returns error as truthy" duration="282"/>
    <testCase name="Form works properly Form calls submit with correct values" duration="214"/>
  </file>
  <file path="/home/lucascardoso/Arco/HubDigitalFront/packages/apps/hub-web/src/__tests__/validators/user/alterPassword.spec.ts">
    <testCase name="alterPassword must check the format of the new password Should return a `min characters` error if new password is smaller than 5 characters" duration="6"/>
    <testCase name="alterPassword must check the format of the new password Should return an error if newPassword is different of confirmNewPassword" duration="2"/>
    <testCase name="alterPassword must check the format of the new password Should return a `missing confirmNewPassword` error if confirmNewPassword was not provided" duration="1"/>
    <testCase name="alterPassword must check the format of the new password Should return a `missing oldPassword` error if oldPassword was not provided" duration="1"/>
    <testCase name="alterPassword must check the format of the new password Should return the `shape` if `password`, `confirm-password` and `oldPassword` is correct" duration="1"/>
  </file>
  <file path="/home/lucascardoso/Arco/HubDigitalFront/packages/common/__tests__/components/CardProduct.spec.tsx">
    <testCase name="CardProduct component should work properly Card redirects to the correct link" duration="229"/>
    <testCase name="CardProduct component should work properly Card shows correct notification" duration="158"/>
    <testCase name="CardProduct component should work properly Card has &quot;hub&quot; category when no category is received" duration="349"/>
    <testCase name="CardProduct component should work properly Card shows &quot;Em breve&quot; text when doesnt receive a link" duration="120"/>
  </file>
  <file path="/home/lucascardoso/Arco/HubDigitalFront/packages/apps/hub-web/src/__tests__/services/eemConnect.spec.ts">
    <testCase name="EEMConnectPost should work properly EEMConnectPost should set headers then send a post request" duration="239"/>
    <testCase name="EEMConnectPost should work properly EEMConnectGET should send a get request" duration="10"/>
  </file>
  <file path="/home/lucascardoso/Arco/HubDigitalFront/packages/common/__tests__/components/Modal.spec.tsx">
    <testCase name="Modal component should work properly Should render the children on screen with correctly props" duration="50"/>
    <testCase name="Modal component should work properly Shoudn`t render the component when prop open is false (closed Model)" duration="166"/>
  </file>
  <file path="/home/lucascardoso/Arco/HubDigitalFront/packages/common/__tests__/components/Skeleton.spec.tsx">
    <testCase name="Skeleton renders without crashing Stack matches snapshot" duration="217"/>
    <testCase name="Skeleton renders without crashing Skeleton matches snapshot" duration="218"/>
    <testCase name="Skeleton renders without crashing SkeletonCircle matches snapshot" duration="160"/>
    <testCase name="Skeleton renders without crashing SkeletonText matches snapshot" duration="154"/>
  </file>
  <file path="/home/lucascardoso/Arco/HubDigitalFront/packages/apps/hub-web/src/__tests__/hooks/useQuery.spec.ts">
    <testCase name="useQuery hook should work properly Should return the value of the query provided by the get method" duration="7"/>
  </file>
  <file path="/home/lucascardoso/Arco/HubDigitalFront/packages/apps/hub-web/src/__tests__/hooks/useSendGlobalInfo.spec.ts">
    <testCase name="useSendGlobalInfo hook should work properly Global Variable `window.__HUB_USER_INFO__` should be undefined before initialization of useSendGlobalInfo hook" duration="2"/>
    <testCase name="useSendGlobalInfo hook should work properly Global Variable `window.__HUB_USER_INFO__` should be defined after initialization of useSendGlobalInfo hook" duration="15"/>
  </file>
  <file path="/home/lucascardoso/Arco/HubDigitalFront/packages/common/__tests__/components/Accordion.spec.tsx">
    <testCase name="Accordion an UnmountClosed components Accordion being rendered on canvas" duration="139"/>
    <testCase name="Accordion an UnmountClosed components UnmountClosed being rendered on canvas" duration="158"/>
  </file>
  <file path="/home/lucascardoso/Arco/HubDigitalFront/packages/common/__tests__/components/CardBox.spec.tsx">
    <testCase name="CardBox renders without crashing CardBox has children" duration="11"/>
    <testCase name="CardBox renders without crashing CardBox matches snapshot" duration="3"/>
  </file>
  <file path="/home/lucascardoso/Arco/HubDigitalFront/packages/common/__tests__/components/Image.spec.tsx">
    <testCase name="Image renders without crashing Should render image with correct alt text" duration="17"/>
    <testCase name="Image renders without crashing Image matches snapshot" duration="13"/>
  </file>
  <file path="/home/lucascardoso/Arco/HubDigitalFront/packages/common/__tests__/components/BarLoader.spec.tsx">
    <testCase name="BarLoader renders without crashing BarLoader matches snapshot" duration="311"/>
  </file>
  <file path="/home/lucascardoso/Arco/HubDigitalFront/packages/apps/hub-web/src/__tests__/validators/auth/createNewPassword.spec.ts">
    <testCase name="CreateNewPasswordSchema must check the format of the new password Should return a `min characters` error if password is smaller than 5 characters" duration="3"/>
    <testCase name="CreateNewPasswordSchema must check the format of the new password Should return error if password is different of confirm-password" duration="2"/>
    <testCase name="CreateNewPasswordSchema must check the format of the new password Should return a `missing confirm-password` error if confirm-password was not provided" duration="2"/>
    <testCase name="CreateNewPasswordSchema must check the format of the new password Should return the `shape` if `password` and `confirm-password` is correct" duration="1"/>
  </file>
  <file path="/home/lucascardoso/Arco/HubDigitalFront/packages/apps/hub-web/src/__tests__/validators/auth/forgotPassword.spec.ts">
    <testCase name="forgotPasswordSchema must check if the format of `email` is correct Should return a `missing email` error if email was not provided" duration="3"/>
    <testCase name="forgotPasswordSchema must check if the format of `email` is correct Should return `shape` if email`s formart is correct" duration="1"/>
  </file>
  <file path="/home/lucascardoso/Arco/HubDigitalFront/packages/apps/hub-web/src/__tests__/pages/Auth/Profile/CardBox.spec.tsx">
    <testCase name="CardBox Component should work properly Should render icon with correct titles" duration="188"/>
    <testCase name="CardBox Component should work properly Should call onClick when user choises an role" duration="223"/>
  </file>
  <file path="/home/lucascardoso/Arco/HubDigitalFront/packages/common/__tests__/layout/provider.spec.tsx">
    <testCase name="Testing Theme Provider should change theme when profile changes" duration="441"/>
  </file>
  <file path="/home/lucascardoso/Arco/HubDigitalFront/packages/common/__tests__/components/SpinnerLoader.spec.tsx">
    <testCase name="SpinnerLoader renders without crashing SpinnerLoader matches snapshot" duration="178"/>
  </file>
  <file path="/home/lucascardoso/Arco/HubDigitalFront/packages/common/__tests__/components/Stack.spec.tsx">
    <testCase name="Stack renders without crashing Stack matches snapshot" duration="192"/>
  </file>
  <file path="/home/lucascardoso/Arco/HubDigitalFront/packages/common/__tests__/components/Badge.spec.tsx">
    <testCase name="Badge renders without crashing Badge matches snapshot" duration="202"/>
  </file>
  <file path="/home/lucascardoso/Arco/HubDigitalFront/packages/common/__tests__/components/Input.spec.tsx">
    <testCase name="Input renders without crashing Input matches snapshot" duration="140"/>
  </file>
  <file path="/home/lucascardoso/Arco/HubDigitalFront/packages/common/__tests__/components/Flex.spec.tsx">
    <testCase name="Flex renders without crashing Flex has children" duration="16"/>
    <testCase name="Flex renders without crashing Flex matches snapshot" duration="4"/>
  </file>
  <file path="/home/lucascardoso/Arco/HubDigitalFront/packages/common/__tests__/components/Search.spec.tsx">
    <testCase name="Search component should work properly Input should call onChange with correct value" duration="238"/>
  </file>
  <file path="/home/lucascardoso/Arco/HubDigitalFront/packages/common/__tests__/components/Tooltip.spec.tsx">
    <testCase name="Tooltip renders without crashing Tooltip has children" duration="10"/>
    <testCase name="Tooltip renders without crashing Tooltip matches snapshot" duration="6"/>
  </file>
  <file path="/home/lucascardoso/Arco/HubDigitalFront/packages/common/__tests__/components/SimpleGrid.spec.tsx">
    <testCase name="SimpleGrid renders without crashing SimpleGrid matches snapshot" duration="134"/>
  </file>
  <file path="/home/lucascardoso/Arco/HubDigitalFront/packages/common/__tests__/components/Avatar.spec.tsx">
    <testCase name="Avatar renders without crashing Avatar matches snapshot" duration="208"/>
  </file>
  <file path="/home/lucascardoso/Arco/HubDigitalFront/packages/common/__tests__/components/Heading.spec.tsx">
    <testCase name="Heading renders without crashing Heading has children" duration="10"/>
    <testCase name="Heading renders without crashing Heading matches snapshot" duration="3"/>
  </file>
  <file path="/home/lucascardoso/Arco/HubDigitalFront/packages/apps/hub-web/src/__tests__/utils/isMobile.spec.ts">
    <testCase name="Check device origin Should return if the device is not mobile" duration="2"/>
    <testCase name="Check device origin Should return if the device is  mobile" duration="2"/>
  </file>
  <file path="/home/lucascardoso/Arco/HubDigitalFront/packages/common/__tests__/components/Button.spec.tsx">
    <testCase name="Button renders without crashing Button matches snapshot" duration="153"/>
  </file>
  <file path="/home/lucascardoso/Arco/HubDigitalFront/packages/apps/hub-web/src/__tests__/amplitude/amplitude.spec.ts">
    <testCase name="testing amplitude functions Amplitude should initialize on amplitudeInit" duration="2"/>
    <testCase name="testing amplitude functions amplitudeToolOpened send event with correct properties" duration="1"/>
    <testCase name="testing amplitude functions useAmplitudePageView should log event" duration="0"/>
    <testCase name="testing amplitude functions useAmplitudePageView shouldn`t log event when signed is false" duration="0"/>
  </file>
  <file path="/home/lucascardoso/Arco/HubDigitalFront/packages/common/__tests__/components/Icon.spec.tsx">
    <testCase name="Root import icons I hope these components are called" duration="173"/>
  </file>
  <file path="/home/lucascardoso/Arco/HubDigitalFront/packages/apps/hub-web/src/__tests__/middlewares/refreshToken.spec.tsx">
    <testCase name="RefreshToken should work properly should dispatch no action when token is expired" duration="4"/>
    <testCase name="RefreshToken should work properly should dispatch success action when api returns ok true" duration="61"/>
    <testCase name="RefreshToken should work properly should dispatch failure action when api returns ok false" duration="529"/>
  </file>
  <file path="/home/lucascardoso/Arco/HubDigitalFront/packages/apps/hub-web/src/__tests__/utils/cardFilter.spec.ts">
    <testCase name="testing cardFilter funcionalities Should return only the `product cards` that matches with text search" duration="2"/>
    <testCase name="testing cardFilter funcionalities Should return only the `classes cards` that matches with text search without crashing when findIndex returns -1" duration="1"/>
    <testCase name="testing cardFilter funcionalities Should return an empty array when search text wasn`t matches with any card" duration="1"/>
    <testCase name="testing cardFilter funcionalities Should return data without  changes when search text was not provided" duration="1"/>
  </file>
  <file path="/home/lucascardoso/Arco/HubDigitalFront/packages/apps/hub-web/src/__tests__/utils/prepareEducationalStage.spec.ts">
    <testCase name="prepareEducationalStage should work properly should return object with correct keys and values" duration="2"/>
    <testCase name="prepareEducationalStage should work properly should return empty object if data.serie.ciclo is undefined" duration="0"/>
    <testCase name="prepareEducationalStage should work properly should return empty object if ativo is false" duration="1"/>
    <testCase name="prepareEducationalStage should work properly should return empty object if no data is received" duration="1"/>
  </file>
  <file path="/home/lucascardoso/Arco/HubDigitalFront/packages/apps/hub-web/src/__tests__/utils/hasJsonStructure.spec.ts">
    <testCase name="json-type structure Should be check if string has a json structure" duration="2"/>
    <testCase name="json-type structure Must return that the structure sent is not of the JSON type" duration="1"/>
    <testCase name="json-type structure Should return false when receives non string data" duration="0"/>
  </file>
  <file path="/home/lucascardoso/Arco/HubDigitalFront/packages/apps/hub-web/src/__tests__/utils/transpileProfile.spec.ts">
    <testCase name="Profile structure Must return the correct structure following a pre-defined string" duration="3"/>
  </file>
  <file path="/home/lucascardoso/Arco/HubDigitalFront/packages/apps/hub-web/src/__tests__/utils/prepareSchoolAndRoles.spec.ts">
    <testCase name="Adjust school structure and profiles Should return data structure of schools" duration="1"/>
    <testCase name="Adjust school structure and profiles Should return data structure of Roles" duration="2"/>
  </file>
  <file path="/home/lucascardoso/Arco/HubDigitalFront/packages/common/__tests__/utils/documentTitle.spec.ts">
    <testCase name="expect documentTitle to work correctly should return documentTitle styled string" duration="4"/>
    <testCase name="expect documentTitle to work correctly should return default string when theres no env title" duration="2"/>
  </file>
  <file path="/home/lucascardoso/Arco/HubDigitalFront/packages/common/__tests__/utils/createSlug.spec.ts">
    <testCase name="expect createSlug to work correctly should convert string into slug" duration="2"/>
  </file>
  <file path="/home/lucascardoso/Arco/HubDigitalFront/packages/common/__tests__/components/index.spec.tsx">
    <testCase name="Root import components I hope these components are called" duration="8"/>
  </file>
  <file path="/home/lucascardoso/Arco/HubDigitalFront/packages/apps/hub-web/src/__tests__/utils/reCaptcha.spec.ts">
    <testCase name="Captcha for Login Should trigger the lib that removes the captcha cache" duration="2"/>
    <testCase name="Captcha for Login Must validate quantity of stored items and return a Bool" duration="2"/>
    <testCase name="Captcha for Login Save to set login attempts in cache" duration="4"/>
    <testCase name="Captcha for Login You must validate the captcha token and remove the cache if ok" duration="2"/>
  </file>
  <file path="/home/lucascardoso/Arco/HubDigitalFront/packages/common/__tests__/utils/capitalize.spec.ts">
    <testCase name="expect capitalize to work correctly should return capitalized string" duration="1"/>
  </file>
</testExecutions>