<?xml version="1.0" encoding="UTF-8"?>
<testExecutions version="1">
  <file path="/home/matheuskindrazki/development/positivo/hub-digital/packages/apps/hub-web/src/__tests__/middlewares/refreshToken.spec.tsx">
    <testCase name="RefreshToken should work properly should dispatch no action when token is expired" duration="7"/>
    <testCase name="RefreshToken should work properly should dispatch success action when api returns ok true" duration="53"/>
    <testCase name="RefreshToken should work properly should dispatch failure action when api returns ok false" duration="511"/>
  </file>
  <file path="/home/matheuskindrazki/development/positivo/hub-digital/packages/apps/hub-web/src/__tests__/components/ModalNoClass.spec.tsx">
    <testCase name="ModalNoClass component should trigger the logout action by clicking the exit button" duration="1569"/>
    <testCase name="ModalNoClass component Must render the component on screen correctly" duration="865"/>
    <testCase name="ModalNoClass component Render the component in the Desktop version" duration="0"/>
  </file>
  <file path="/home/matheuskindrazki/development/positivo/hub-digital/packages/common/__tests__/components/Form.spec.tsx">
    <testCase name="Form works properly input should render icons correctly and change style when focused" duration="372"/>
    <testCase name="Form works properly input should display an error if useField returns error as truthy" duration="132"/>
    <testCase name="Form works properly Form calls submit with correct values" duration="171"/>
  </file>
  <file path="/home/matheuskindrazki/development/positivo/hub-digital/packages/common/__tests__/components/Tour.spec.tsx">
    <testCase name="Testing Tour component and your functionalities Should render Tour component with first step" duration="32"/>
    <testCase name="Testing Tour component and your functionalities should close the tour when closeButton is clicked" duration="792"/>
  </file>
  <file path="/home/matheuskindrazki/development/positivo/hub-digital/packages/common/__tests__/components/Select.spec.tsx">
    <testCase name="Select renders without crashing Select normal variant render all options" duration="1067"/>
    <testCase name="Select renders without crashing Select blue-transparent variant render options" duration="400"/>
    <testCase name="Select renders without crashing Select displays error message when no options are provided" duration="259"/>
  </file>
  <file path="/home/matheuskindrazki/development/positivo/hub-digital/packages/common/__tests__/components/Drawer.spec.tsx">
    <testCase name="Testing if Drawer component render correctly should render open, as well must render Drawer Header, Body and Footer" duration="1171"/>
    <testCase name="Testing if Drawer component render correctly Drawer matches snapshot" duration="721"/>
    <testCase name="testing useDesclosure should returns the correct values" duration="2"/>
  </file>
  <file path="/home/matheuskindrazki/development/positivo/hub-digital/packages/common/__tests__/components/Popover.spec.tsx">
    <testCase name="Popover component should work properly Should render with correctly content" duration="177"/>
    <testCase name="Popover component should work properly Should close visibility of the Popover when close button is clicked" duration="634"/>
  </file>
  <file path="/home/matheuskindrazki/development/positivo/hub-digital/packages/apps/hub-web/src/__tests__/pages/Home/Filter.tsx">
    <testCase name="Filter Component (by Welcome) should work properly The component `Filter` shouldn`t render any level options when profile is not `professor`" duration="304"/>
    <testCase name="Filter Component (by Welcome) should work properly The component `Filter` should render level options when trigged" duration="549"/>
    <testCase name="Filter Component (by Welcome) should work properly The `Filter` component should show only the chosen option" duration="317"/>
  </file>
  <file path="/home/matheuskindrazki/development/positivo/hub-digital/packages/common/__tests__/components/Collapse.spec.tsx">
    <testCase name="Collapse component should work properly Collapse doesnt render collapse-box when disable is true" duration="155"/>
    <testCase name="Collapse component should work properly Collapse change its animation when isOpen is true" duration="152"/>
    <testCase name="Collapse component should work properly Collapse change its animation when isOpen is false" duration="79"/>
    <testCase name="Collapse component should work properly Collapse render name inside Heading" duration="104"/>
    <testCase name="Collapse component should work properly Collapse with false grid doesnt render SimpleGrid" duration="128"/>
    <testCase name="Collapse component should work properly Collapse uses SimpleGrid in large screens" duration="108"/>
  </file>
  <file path="/home/matheuskindrazki/development/positivo/hub-digital/packages/common/__tests__/components/Skeleton.spec.tsx">
    <testCase name="Skeleton renders without crashing Stack matches snapshot" duration="146"/>
    <testCase name="Skeleton renders without crashing Skeleton matches snapshot" duration="160"/>
    <testCase name="Skeleton renders without crashing SkeletonCircle matches snapshot" duration="115"/>
    <testCase name="Skeleton renders without crashing SkeletonText matches snapshot" duration="129"/>
  </file>
  <file path="/home/matheuskindrazki/development/positivo/hub-digital/packages/common/__tests__/components/Welcome.spec.tsx">
    <testCase name="Welcome renders with correct props should render Welcome message correctly" duration="166"/>
    <testCase name="Welcome renders with correct props should render with welcome message despite undefined props" duration="202"/>
    <testCase name="Welcome renders with correct props should render user name as `UsuÃ¡rio` when option is `name` and prop name is undefined" duration="125"/>
  </file>
  <file path="/home/matheuskindrazki/development/positivo/hub-digital/packages/common/__tests__/components/CardProduct.spec.tsx">
    <testCase name="CardProduct component should work properly Card redirects to the correct link" duration="126"/>
    <testCase name="CardProduct component should work properly Card shows correct notification" duration="122"/>
    <testCase name="CardProduct component should work properly Card has &quot;hub&quot; category when no category is received" duration="127"/>
    <testCase name="CardProduct component should work properly Card shows &quot;Em breve&quot; text when doesnt receive a link" duration="97"/>
  </file>
  <file path="/home/matheuskindrazki/development/positivo/hub-digital/packages/common/__tests__/layout/provider.spec.tsx">
    <testCase name="Testing Theme Provider should change theme when profile changes" duration="279"/>
  </file>
  <file path="/home/matheuskindrazki/development/positivo/hub-digital/packages/common/__tests__/layout/styles.spec.tsx">
    <testCase name="Testing chacka`s styles hooks useTheme shouldn`t return void theme when encapsulated by a theme provider" duration="149"/>
    <testCase name="Testing chacka`s styles hooks useColorMode should  gives you access to the current color mode, and a function to toggle the color mode." duration="98"/>
    <testCase name="Testing chacka`s styles hooks useColorModeValue returns current color mode: by default return light mode color" duration="174"/>
    <testCase name="Testing chacka`s styles hooks useMediaQuery should returns an array of booleans, indicating whether the given query matches or queries match" duration="4"/>
  </file>
  <file path="/home/matheuskindrazki/development/positivo/hub-digital/packages/apps/hub-web/src/__tests__/pages/Auth/SignIn.spec.tsx">
    <testCase name="Testing that the Login page works correctly should redirect the user to /esqueci-minha-senha when click on `Esqueci minha senha`" duration="550"/>
    <testCase name="Testing that the Login page works correctly should open help modal when click on `Precido de ajuda`" duration="206"/>
    <testCase name="Testing that the Login page works correctly should change password input type when view icon is clicked" duration="197"/>
    <testCase name="Testing that the Login page works correctly Should render the elements of the Login page" duration="157"/>
    <testCase name="Testing that the Login page works correctly should dispatch @auth/SIGN_IN REQUEST with the right payload if the user data format is correct" duration="143"/>
    <testCase name="Testing that the Login page works correctly should throw a validation error when username and password input are empty" duration="167"/>
    <testCase name="Testing that the Login page works correctly should throw new error when username or password input are incorrect" duration="140"/>
    <testCase name="Testing that the Login page works correctly should change the type of the submit button to button type when sign-in strike is true" duration="113"/>
  </file>
  <file path="/home/matheuskindrazki/development/positivo/hub-digital/packages/apps/hub-web/src/__tests__/pages/Auth/Profile/Profile.spec.tsx">
    <testCase name="Profile page should work properly Should render the correct elements on the screen" duration="527"/>
    <testCase name="Profile page should work properly The component `Select` should work correctly when the user interacts with it" duration="374"/>
    <testCase name="Profile page should work properly The `Profile` component should dispatch `@auth/FIRST_ACCESS` when the user chooses an option" duration="351"/>
  </file>
  <file path="/home/matheuskindrazki/development/positivo/hub-digital/packages/apps/hub-web/src/__tests__/pages/Home/FakeCollapse.spec.tsx">
    <testCase name="FakeCollapse renders without crashing should have children" duration="159"/>
    <testCase name="FakeCollapse renders without crashing Collapse with false grid doesnt render SimpleGrid" duration="105"/>
    <testCase name="FakeCollapse renders without crashing renders without crashing on larger screens" duration="92"/>
  </file>
  <file path="/home/matheuskindrazki/development/positivo/hub-digital/packages/common/__tests__/components/Modal.spec.tsx">
    <testCase name="Modal component should work properly Should render the children on screen with correctly props" duration="24"/>
    <testCase name="Modal component should work properly Shoudn`t render the component when prop open is false (closed Model)" duration="118"/>
  </file>
  <file path="/home/matheuskindrazki/development/positivo/hub-digital/packages/apps/hub-web/src/__tests__/pages/Auth/Profile/CardBox.spec.tsx">
    <testCase name="CardBox Component should work properly Should render icon with correct titles" duration="115"/>
    <testCase name="CardBox Component should work properly Should call onClick when user choises an role" duration="109"/>
  </file>
  <file path="/home/matheuskindrazki/development/positivo/hub-digital/packages/common/__tests__/components/CardBox.spec.tsx">
    <testCase name="CardBox renders without crashing CardBox has children" duration="15"/>
    <testCase name="CardBox renders without crashing CardBox matches snapshot" duration="6"/>
  </file>
  <file path="/home/matheuskindrazki/development/positivo/hub-digital/packages/apps/hub-web/src/__tests__/pages/Home/FakeLoading.spec.tsx">
    <testCase name="testing fakeLoading should render without  crashing" duration="279"/>
  </file>
  <file path="/home/matheuskindrazki/development/positivo/hub-digital/packages/common/__tests__/components/Accordion.spec.tsx">
    <testCase name="Accordion an UnmountClosed components Accordion being rendered on canvas" duration="125"/>
    <testCase name="Accordion an UnmountClosed components UnmountClosed being rendered on canvas" duration="145"/>
  </file>
  <file path="/home/matheuskindrazki/development/positivo/hub-digital/packages/common/__tests__/components/BarLoader.spec.tsx">
    <testCase name="BarLoader renders without crashing BarLoader matches snapshot" duration="150"/>
  </file>
  <file path="/home/matheuskindrazki/development/positivo/hub-digital/packages/common/__tests__/components/SpinnerLoader.spec.tsx">
    <testCase name="SpinnerLoader renders without crashing SpinnerLoader matches snapshot" duration="219"/>
  </file>
  <file path="/home/matheuskindrazki/development/positivo/hub-digital/packages/common/__tests__/components/Flex.spec.tsx">
    <testCase name="Flex renders without crashing Flex has children" duration="7"/>
    <testCase name="Flex renders without crashing Flex matches snapshot" duration="2"/>
  </file>
  <file path="/home/matheuskindrazki/development/positivo/hub-digital/packages/apps/hub-web/src/__tests__/pages/Home/Home.spec.tsx">
    <testCase name="Testing that the Home page works correctly Should render the correct elements on the screen" duration="515"/>
    <testCase name="Testing that the Home page works correctly Should not show any card when an unknown card is searched on filter" duration="228"/>
    <testCase name="Testing that the Home page works correctly Should dispatch `@auth/AUTH_PRODUCT_REQUEST` when a card is clicked" duration="203"/>
    <testCase name="Testing that the Home page works correctly Should not render any cards when the products are loading" duration="299"/>
    <testCase name="Testing that the Home page works correctly Should render a message when the products have already loaded, but they are empty []" duration="240"/>
    <testCase name="Testing that the Home page works correctly Should render with default Welcome titles" duration="299"/>
    <testCase name="Testing that the Home page works correctly Should render `userClass` and `Profile` when profile name is `Aluno`" duration="255"/>
  </file>
  <file path="/home/matheuskindrazki/development/positivo/hub-digital/packages/common/__tests__/components/Button.spec.tsx">
    <testCase name="Button renders without crashing Button matches snapshot" duration="230"/>
  </file>
  <file path="/home/matheuskindrazki/development/positivo/hub-digital/packages/common/__tests__/components/Avatar.spec.tsx">
    <testCase name="Avatar renders without crashing Avatar matches snapshot" duration="105"/>
  </file>
  <file path="/home/matheuskindrazki/development/positivo/hub-digital/packages/common/__tests__/components/Tooltip.spec.tsx">
    <testCase name="Tooltip renders without crashing Tooltip has children" duration="7"/>
    <testCase name="Tooltip renders without crashing Tooltip matches snapshot" duration="2"/>
  </file>
  <file path="/home/matheuskindrazki/development/positivo/hub-digital/packages/common/__tests__/components/Stack.spec.tsx">
    <testCase name="Stack renders without crashing Stack matches snapshot" duration="218"/>
  </file>
  <file path="/home/matheuskindrazki/development/positivo/hub-digital/packages/apps/hub-web/src/__tests__/components/LogoOn.spec.tsx">
    <testCase name="LogoOn component Must render the component on screen correctly" duration="125"/>
  </file>
  <file path="/home/matheuskindrazki/development/positivo/hub-digital/packages/common/__tests__/components/Badge.spec.tsx">
    <testCase name="Badge renders without crashing Badge matches snapshot" duration="82"/>
  </file>
  <file path="/home/matheuskindrazki/development/positivo/hub-digital/packages/common/__tests__/components/Input.spec.tsx">
    <testCase name="Input renders without crashing Input matches snapshot" duration="143"/>
  </file>
  <file path="/home/matheuskindrazki/development/positivo/hub-digital/packages/common/__tests__/components/Box.spec.tsx">
    <testCase name="Box renders without crashing Box has children" duration="52"/>
    <testCase name="Box renders without crashing Box matches snapshot" duration="11"/>
  </file>
  <file path="/home/matheuskindrazki/development/positivo/hub-digital/packages/common/__tests__/components/Image.spec.tsx">
    <testCase name="Image renders without crashing Should render image with correct alt text" duration="8"/>
    <testCase name="Image renders without crashing Image matches snapshot" duration="3"/>
  </file>
  <file path="/home/matheuskindrazki/development/positivo/hub-digital/packages/common/__tests__/components/Search.spec.tsx">
    <testCase name="Search component should work properly Input should call onChange with correct value" duration="157"/>
  </file>
  <file path="/home/matheuskindrazki/development/positivo/hub-digital/packages/common/__tests__/components/SimpleGrid.spec.tsx">
    <testCase name="SimpleGrid renders without crashing SimpleGrid matches snapshot" duration="217"/>
  </file>
  <file path="/home/matheuskindrazki/development/positivo/hub-digital/packages/common/__tests__/components/Text.spec.tsx">
    <testCase name="Text renders without crashing Text matches snapshot" duration="114"/>
  </file>
  <file path="/home/matheuskindrazki/development/positivo/hub-digital/packages/common/__tests__/components/index.spec.tsx">
    <testCase name="Root import components I hope these components are called" duration="5"/>
  </file>
  <file path="/home/matheuskindrazki/development/positivo/hub-digital/packages/common/__tests__/components/Heading.spec.tsx">
    <testCase name="Heading renders without crashing Heading has children" duration="17"/>
    <testCase name="Heading renders without crashing Heading matches snapshot" duration="2"/>
  </file>
  <file path="/home/matheuskindrazki/development/positivo/hub-digital/packages/apps/hub-web/src/__tests__/utils/cardFilter.spec.ts">
    <testCase name="testing cardFilter funcionalities Should return only the `product cards` that matches with text search" duration="2"/>
    <testCase name="testing cardFilter funcionalities Should return only the `classes cards` that matches with text search without crashing when findIndex returns -1" duration="1"/>
    <testCase name="testing cardFilter funcionalities Should return an empty array when search text wasn`t matches with any card" duration="1"/>
    <testCase name="testing cardFilter funcionalities Should return data without  changes when search text was not provided" duration="1"/>
  </file>
  <file path="/home/matheuskindrazki/development/positivo/hub-digital/packages/apps/hub-web/src/__tests__/utils/reCaptcha.spec.ts">
    <testCase name="Captcha for Login Should trigger the lib that removes the captcha cache" duration="1"/>
    <testCase name="Captcha for Login Must validate quantity of stored items and return a Bool" duration="1"/>
    <testCase name="Captcha for Login Save to set login attempts in cache" duration="10"/>
    <testCase name="Captcha for Login You must validate the captcha token and remove the cache if ok" duration="1"/>
  </file>
  <file path="/home/matheuskindrazki/development/positivo/hub-digital/packages/apps/hub-web/src/__tests__/amplitude/amplitude.spec.ts">
    <testCase name="testing amplitude functions Amplitude should initialize on amplitudeInit" duration="0"/>
    <testCase name="testing amplitude functions amplitudeToolOpened send event with correct properties" duration="1"/>
    <testCase name="testing amplitude functions useAmplitudePageView should log event" duration="0"/>
    <testCase name="testing amplitude functions useAmplitudePageView shouldn`t log event when signed is false" duration="0"/>
  </file>
  <file path="/home/matheuskindrazki/development/positivo/hub-digital/packages/apps/hub-web/src/__tests__/middlewares/postMessage.spec.tsx">
    <testCase name="postMessage should work properly shouldnt redirect when mounted URL is equal current pathname" duration="10"/>
    <testCase name="postMessage should work properly should call push on history-change event" duration="4"/>
    <testCase name="postMessage should work properly shouldnt redirect when receives non stringfied data" duration="4"/>
    <testCase name="postMessage should work properly shouldnt redirect when data hasnt json structure" duration="3"/>
    <testCase name="postMessage should work properly shouldnt redirect when event type isnt history-change" duration="2"/>
    <testCase name="postMessage should work properly shouldnt redirect when data isnt parseable" duration="9"/>
  </file>
  <file path="/home/matheuskindrazki/development/positivo/hub-digital/packages/apps/hub-web/src/__tests__/pages/Auth/ChangePassword.spec.tsx">
    <testCase name="Change Password page should work properly should change input type if view changes" duration="304"/>
    <testCase name="Change Password page should work properly should redirect user if no token was provided" duration="121"/>
    <testCase name="Change Password page should work properly should return user to previous page when goBack is clicked" duration="105"/>
    <testCase name="Change Password page should work properly should display an error when validation fails" duration="168"/>
    <testCase name="Change Password page should work properly should display a generic error when validation throws it" duration="132"/>
    <testCase name="Change Password page should work properly Should dispatch actions with correct payloads" duration="102"/>
  </file>
  <file path="/home/matheuskindrazki/development/positivo/hub-digital/packages/apps/hub-web/src/__tests__/pages/Auth/ForgotPassword.spec.tsx">
    <testCase name="Forgot Password page should work properly should display instructions about password recovery" duration="209"/>
    <testCase name="Forgot Password page should work properly Should display an error toast if submit with empty input" duration="154"/>
    <testCase name="Forgot Password page should work properly Should display an error toast if validator throws a generic error" duration="114"/>
    <testCase name="Forgot Password page should work properly Should redirect client to login page if sendViewToken is true" duration="60"/>
    <testCase name="Forgot Password page should work properly should go back when GoBack is clicked" duration="81"/>
    <testCase name="Forgot Password page should work properly Should dispatch an action with correct payload" duration="164"/>
  </file>
  <file path="/home/matheuskindrazki/development/positivo/hub-digital/packages/apps/hub-web/src/__tests__/components/GoBack.spec.tsx">
    <testCase name="Goback component should render on screen and when clicking trigger an event" duration="67"/>
  </file>
  <file path="/home/matheuskindrazki/development/positivo/hub-digital/packages/common/__tests__/components/Icon.spec.tsx">
    <testCase name="Root import icons I hope these components are called" duration="162"/>
  </file>
  <file path="/home/matheuskindrazki/development/positivo/hub-digital/packages/apps/hub-web/src/__tests__/pages/Auth/ForgotFail.spec.tsx">
    <testCase name="Expired Token page should work properly Should redirect to `/login` when `sendViewToken` doesn`t exist or it`s false" duration="152"/>
    <testCase name="Expired Token page should work properly Should render the correcly elements on screen" duration="113"/>
    <testCase name="Expired Token page should work properly Should redirect to `/login` when `Voltar para o login` is clicked" duration="68"/>
    <testCase name="Expired Token page should work properly Should redirect to `/login` when `GoBack` is clicked" duration="68"/>
  </file>
  <file path="/home/matheuskindrazki/development/positivo/hub-digital/packages/apps/hub-web/src/__tests__/pages/Auth/ExpiredToken.spec.tsx">
    <testCase name="Expired Token page should work properly Should redirect to `/` when `validateViewPin` doesn`t exist or it`s false" duration="120"/>
    <testCase name="Expired Token page should work properly Should render the correcly elements on screen" duration="96"/>
    <testCase name="Expired Token page should work properly Should redirect to `/esqueci-minha-senha` when `Solicitar novo link` is clicked" duration="86"/>
    <testCase name="Expired Token page should work properly Should redirect to `/login` when `GoBack` is clicked" duration="81"/>
  </file>
  <file path="/home/matheuskindrazki/development/positivo/hub-digital/packages/apps/hub-web/src/__tests__/utils/prepareSchoolAndRoles.spec.ts">
    <testCase name="Adjust school structure and profiles Should return data structure of schools" duration="1"/>
    <testCase name="Adjust school structure and profiles Should return data structure of Roles" duration="2"/>
  </file>
  <file path="/home/matheuskindrazki/development/positivo/hub-digital/packages/common/__tests__/utils/createSlug.spec.ts">
    <testCase name="expect createSlug to work correctly should convert string into slug" duration="1"/>
  </file>
  <file path="/home/matheuskindrazki/development/positivo/hub-digital/packages/apps/hub-web/src/__tests__/utils/isMobile.spec.ts">
    <testCase name="Check device origin Should return if the device is not mobile" duration="1"/>
    <testCase name="Check device origin Should return if the device is  mobile" duration="1"/>
  </file>
  <file path="/home/matheuskindrazki/development/positivo/hub-digital/packages/apps/hub-web/src/__tests__/utils/prepareEducationalStage.spec.ts">
    <testCase name="prepareEducationalStage should work properly should return object with correct keys and values" duration="1"/>
    <testCase name="prepareEducationalStage should work properly should return empty object if data.serie.ciclo is undefined" duration="1"/>
    <testCase name="prepareEducationalStage should work properly should return empty object if ativo is false" duration="0"/>
    <testCase name="prepareEducationalStage should work properly should return empty object if no data is received" duration="0"/>
  </file>
  <file path="/home/matheuskindrazki/development/positivo/hub-digital/packages/apps/hub-web/src/__tests__/utils/hasJsonStructure.spec.ts">
    <testCase name="json-type structure Should be check if string has a json structure" duration="1"/>
    <testCase name="json-type structure Must return that the structure sent is not of the JSON type" duration="0"/>
    <testCase name="json-type structure Should return false when receives non string data" duration="1"/>
  </file>
  <file path="/home/matheuskindrazki/development/positivo/hub-digital/packages/common/__tests__/utils/capitalize.spec.ts">
    <testCase name="expect capitalize to work correctly should return capitalized string" duration="1"/>
  </file>
  <file path="/home/matheuskindrazki/development/positivo/hub-digital/packages/apps/hub-web/src/__tests__/utils/transpileProfile.spec.ts">
    <testCase name="Profile structure Must return the correct structure following a pre-defined string" duration="1"/>
  </file>
  <file path="/home/matheuskindrazki/development/positivo/hub-digital/packages/common/__tests__/utils/documentTitle.spec.ts">
    <testCase name="expect documentTitle to work correctly should return documentTitle styled string" duration="1"/>
    <testCase name="expect documentTitle to work correctly should return default string when theres no env title" duration="1"/>
  </file>
  <file path="/home/matheuskindrazki/development/positivo/hub-digital/packages/apps/hub-web/src/__tests__/components/Logo.spec.tsx">
    <testCase name="Logo component Must render the component on screen correctly" duration="69"/>
  </file>
</testExecutions>