<?xml version="1.0" encoding="UTF-8"?>
<testExecutions version="1">
  <file path="/home/lucascardoso/Arco/HubDigitalFront/packages/common/__tests__/components/Welcome.spec.tsx">
    <testCase name="Welcome renders with correct props should render Welcome message correctly" duration="509"/>
    <testCase name="Welcome renders with correct props should render with welcome message despite undefined props" duration="317"/>
    <testCase name="Welcome renders with correct props should render user name as `Usuário` when option is `name` and prop name is undefined" duration="293"/>
  </file>
  <file path="/home/lucascardoso/Arco/HubDigitalFront/packages/common/__tests__/components/CardProduct.spec.tsx">
    <testCase name="CardProduct component should work properly Card redirects to the correct link" duration="545"/>
    <testCase name="CardProduct component should work properly Card shows correct notification" duration="304"/>
    <testCase name="CardProduct component should work properly Card has &quot;hub&quot; category when no category is received" duration="305"/>
    <testCase name="CardProduct component should work properly Card shows &quot;Em breve&quot; text when doesnt receive a link" duration="256"/>
  </file>
  <file path="/home/lucascardoso/Arco/HubDigitalFront/packages/apps/hub-web/src/__tests__/pages/MyClasses/MyClasses.spec.tsx">
    <testCase name="myClasses should work properly Should render /Nenhuma classe encontrada!/ when classes are not provided" duration="672"/>
    <testCase name="myClasses should work properly Should render FakeLoading when loading is true" duration="452"/>
    <testCase name="myClasses should work properly Should render when classes are provided" duration="1089"/>
    <testCase name="myClasses should work properly Should filter classes when input search is trigged" duration="853"/>
  </file>
  <file path="/home/lucascardoso/Arco/HubDigitalFront/packages/apps/hub-web/src/__tests__/layouts/Iframe/components/Header/HeaderMobile.spec.tsx">
    <testCase name="Mobile Header`s layout should work properly Should render correct infos on screen when menu is open" duration="1815"/>
    <testCase name="Mobile Header`s layout should work properly Should call handlePush function when a card is clicked" duration="1341"/>
    <testCase name="Mobile Header`s layout should work properly Should call useDisclosure`s functions handlers when Drawer is triggered" duration="512"/>
    <testCase name="Mobile Header`s layout should work properly Should render without crashing even when cards were not provided" duration="1358"/>
    <testCase name="Mobile Header`s layout should work properly Should filter the cards correctly" duration="2207"/>
    <testCase name="Mobile Header`s layout should work properly Should call Drawer onOpen if show is false  or onClose if show is true when `Escape` (Esc) key is down" duration="1630"/>
  </file>
  <file path="/home/lucascardoso/Arco/HubDigitalFront/packages/apps/hub-web/src/__tests__/components/ModalSupport.spec.tsx">
    <testCase name="ModalSupport component testing Should redirect to FAQ when `ACESSAR FAQ` button is clicked" duration="1689"/>
    <testCase name="ModalSupport component testing Context onClose when ModalSupport`s close button is triggered" duration="1720"/>
    <testCase name="ModalSupport component testing Context`s onClose and onOpen should call useDisclosure`s functions" duration="1364"/>
    <testCase name="ModalSupport component testing Should toMatchSnapShot" duration="370"/>
  </file>
  <file path="/home/lucascardoso/Arco/HubDigitalFront/packages/apps/hub-web/src/__tests__/pages/Home/Filter.spec.tsx">
    <testCase name="Filter Component (by Welcome) should work properly The component `Filter` shouldn`t render any level options when profile is not `professor`" duration="497"/>
    <testCase name="Filter Component (by Welcome) should work properly The component `Filter` should render level options when trigged" duration="900"/>
    <testCase name="Filter Component (by Welcome) should work properly The `Filter` component should show only the chosen option" duration="685"/>
  </file>
  <file path="/home/lucascardoso/Arco/HubDigitalFront/packages/common/__tests__/components/index.spec.tsx">
    <testCase name="Root import components I hope these components are called" duration="7"/>
  </file>
  <file path="/home/lucascardoso/Arco/HubDigitalFront/packages/apps/hub-web/src/__tests__/components/ModalNoClass.spec.tsx">
    <testCase name="ModalNoClass component should work properly should trigger the logout action by clicking the exit button" duration="2167"/>
    <testCase name="ModalNoClass component should work properly Must render the component on screen correctly" duration="1504"/>
    <testCase name="ModalNoClass component should work properly Render the component in the Desktop version" duration="1276"/>
    <testCase name="ModalNoClass component should work properly The component should not be on screen" duration="310"/>
  </file>
  <file path="/home/lucascardoso/Arco/HubDigitalFront/packages/common/__tests__/components/Accordion.spec.tsx">
    <testCase name="Accordion an UnmountClosed components Accordion being rendered on canvas" duration="422"/>
    <testCase name="Accordion an UnmountClosed components UnmountClosed being rendered on canvas" duration="453"/>
  </file>
  <file path="/home/lucascardoso/Arco/HubDigitalFront/packages/apps/hub-web/src/__tests__/components/Header/Desktop.spec.tsx">
    <testCase name="Desktop Header component Should dispatch a `@tour/OPEN_TOUR` action when `Fazer tour` button is clicked" duration="1321"/>
    <testCase name="Desktop Header component Should redirect to `/minhas-turmas`when `Minhas turmas` button is clicked" duration="1434"/>
    <testCase name="Desktop Header component Popover should be visible when header`s avatar is clicked" duration="1534"/>
    <testCase name="Desktop Header component Should have a button called `Estou com uma dúvida`" duration="916"/>
    <testCase name="Desktop Header component Should dispatch an `@auth/SIGN_OUT` action when `Sair` is clicked" duration="1530"/>
    <testCase name="Desktop Header component Should close Popover when component is on blur or escape (ESC)" duration="2702"/>
    <testCase name="Desktop Header component Should change the `school` on selector when other `school` is triggered" duration="3146"/>
    <testCase name="Desktop Header component Should change the `role` on selector when other `role` is triggered" duration="3120"/>
  </file>
  <file path="/home/lucascardoso/Arco/HubDigitalFront/packages/apps/hub-web/src/__tests__/pages/Home/Home.spec.tsx">
    <testCase name="Testing that the Home page works correctly Should render the correct elements on the screen" duration="796"/>
    <testCase name="Testing that the Home page works correctly Should not show any card when an unknown card is searched on filter" duration="510"/>
    <testCase name="Testing that the Home page works correctly Should dispatch `@auth/AUTH_PRODUCT_REQUEST` when a card is clicked" duration="388"/>
    <testCase name="Testing that the Home page works correctly Should not render any cards when the products are loading" duration="575"/>
    <testCase name="Testing that the Home page works correctly Should render a message when the products have already loaded, but they are empty []" duration="387"/>
    <testCase name="Testing that the Home page works correctly Should render with default Welcome titles" duration="437"/>
    <testCase name="Testing that the Home page works correctly Should render `userClass` and `Profile` when profile name is `Aluno`" duration="454"/>
  </file>
  <file path="/home/lucascardoso/Arco/HubDigitalFront/packages/common/__tests__/components/Collapse.spec.tsx">
    <testCase name="Collapse component should work properly Collapse doesnt render collapse-box when disable is true" duration="501"/>
    <testCase name="Collapse component should work properly Collapse change its animation when isOpen is true" duration="328"/>
    <testCase name="Collapse component should work properly Collapse change its animation when isOpen is false" duration="288"/>
    <testCase name="Collapse component should work properly Collapse render name inside Heading" duration="272"/>
    <testCase name="Collapse component should work properly Collapse with false grid doesnt render SimpleGrid" duration="324"/>
    <testCase name="Collapse component should work properly Collapse uses SimpleGrid in large screens" duration="313"/>
  </file>
  <file path="/home/lucascardoso/Arco/HubDigitalFront/packages/apps/hub-web/src/__tests__/pages/Auth/ChangePassword.spec.tsx">
    <testCase name="Change Password page should work properly should change input type if view changes" duration="548"/>
    <testCase name="Change Password page should work properly should redirect user if no token was provided" duration="405"/>
    <testCase name="Change Password page should work properly should return user to previous page when goBack is clicked" duration="453"/>
    <testCase name="Change Password page should work properly should display an error when validation fails" duration="461"/>
    <testCase name="Change Password page should work properly should display a generic error when validation throws it" duration="374"/>
    <testCase name="Change Password page should work properly Should dispatch actions with correct payloads" duration="345"/>
  </file>
  <file path="/home/lucascardoso/Arco/HubDigitalFront/packages/apps/hub-web/src/__tests__/store/modules/auth/sagas.spec.ts">
    <testCase name="Sagas of authentication history sign in Should the user authenticate with valid login and password and pass is redirected to choice" duration="90"/>
    <testCase name="Sagas of authentication history sign in If the Return of the API is flawed for some reason, the user is warned and the login will be rejected" duration="239"/>
    <testCase name="Sagas of authentication history sign in Should generate with a redirect query in the URL when passing the Redirect parameter in the login" duration="115"/>
    <testCase name="Sagas of authentication history prepare Access Should prepare all data for the first user access" duration="100"/>
    <testCase name="Sagas of authentication history prepare Access Should signOut the user if the ID from the reduced token is different from the user ID" duration="101"/>
    <testCase name="Sagas of authentication history prepare Access Should set the user as authenticated when receiving the redirect parameter" duration="110"/>
    <testCase name="Sagas of authentication history checking Expiring Token You should pause running if payload comes empty" duration="80"/>
    <testCase name="Sagas of authentication history checking Expiring Token Should not log the user if it does not have the active login flag" duration="123"/>
    <testCase name="Sagas of authentication history checking Expiring Token Should return if the expiration date is not defined" duration="90"/>
    <testCase name="Sagas of authentication history checking Expiring Token Should be set, in the reload of the application, the token in the Header of the API if the user is logged in" duration="1592"/>
    <testCase name="Sagas of authentication history checking Expiring Token should refresh the user if the Token expiration date is less than the current date" duration="101"/>
    <testCase name="Sagas of authentication history refresh Token Should generate a new user authentication token for the user" duration="2095"/>
    <testCase name="Sagas of authentication history refresh Token You should discharge the user if something fails in the return of API" duration="96"/>
  </file>
  <file path="/home/lucascardoso/Arco/HubDigitalFront/packages/common/__tests__/components/Modal.spec.tsx">
    <testCase name="Modal component should work properly Should render the children on screen with correctly props" duration="164"/>
    <testCase name="Modal component should work properly Shoudn`t render the component when prop open is false (closed Model)" duration="409"/>
  </file>
  <file path="/home/lucascardoso/Arco/HubDigitalFront/packages/apps/hub-web/src/__tests__/layouts/Logged/Dashboard.spec.tsx">
    <testCase name="Logged`s layout should render without crashing Should call render children on screen" duration="483"/>
    <testCase name="Logged`s layout should render without crashing Shouldn`t call steps if `open` is false" duration="364"/>
    <testCase name="Logged`s layout should render without crashing Steps should work properly on Dashboard when `open` and `viewed` are true" duration="1035"/>
    <testCase name="Logged`s layout should render without crashing Steps should work properly on Dashboard when `open` is true and `viewed` is false" duration="1047"/>
    <testCase name="Logged`s layout should render without crashing Should call that hooks: useSentry, useSendGlobalInfo and useAmplitudeSetProperties" duration="408"/>
  </file>
  <file path="/home/lucascardoso/Arco/HubDigitalFront/packages/apps/hub-web/src/__tests__/components/Header/Header.spec.tsx">
    <testCase name="Header component  Should render Desktop Header when min-width is 480px" duration="4819"/>
    <testCase name="Header component  Should render Mobile Header when min-width is 479px" duration="4586"/>
    <testCase name="Header component  Should call handleClick when MenuButton is clicked" duration="4483"/>
    <testCase name="Header component  Should redirect to `/` when hub logo is clicked" duration="4323"/>
    <testCase name="Header component  Should call openModalPass when `Alterar minha senha` is clicked" duration="4542"/>
  </file>
  <file path="/home/lucascardoso/Arco/HubDigitalFront/packages/apps/hub-web/src/__tests__/pages/Auth/Profile/Profile.spec.tsx">
    <testCase name="Profile page should work properly Should render the correct elements on the screen" duration="916"/>
    <testCase name="Profile page should work properly The component `Select` should work correctly when the user interacts with it" duration="565"/>
    <testCase name="Profile page should work properly The `Profile` component should dispatch `@auth/FIRST_ACCESS` when the user chooses an option" duration="770"/>
  </file>
  <file path="/home/lucascardoso/Arco/HubDigitalFront/packages/common/__tests__/components/SpinnerLoader.spec.tsx">
    <testCase name="SpinnerLoader renders without crashing SpinnerLoader matches snapshot" duration="525"/>
  </file>
  <file path="/home/lucascardoso/Arco/HubDigitalFront/packages/apps/hub-web/src/__tests__/pages/Auth/ForgotFail.spec.tsx">
    <testCase name="Expired Token page should work properly Should redirect to `/login` when `sendViewToken` doesn`t exist or it`s false" duration="561"/>
    <testCase name="Expired Token page should work properly Should render the correcly elements on screen" duration="318"/>
    <testCase name="Expired Token page should work properly Should redirect to `/login` when `Voltar para o login` is clicked" duration="415"/>
    <testCase name="Expired Token page should work properly Should redirect to `/login` when `GoBack` is clicked" duration="396"/>
  </file>
  <file path="/home/lucascardoso/Arco/HubDigitalFront/packages/apps/hub-web/src/__tests__/pages/Auth/SignIn.spec.tsx">
    <testCase name="Testing that the Login page works correctly should redirect the user to /esqueci-minha-senha when click on `Esqueci minha senha`" duration="673"/>
    <testCase name="Testing that the Login page works correctly should open help modal when click on `Precido de ajuda`" duration="429"/>
    <testCase name="Testing that the Login page works correctly should change password input type when view icon is clicked" duration="482"/>
    <testCase name="Testing that the Login page works correctly Should render the elements of the Login page" duration="421"/>
    <testCase name="Testing that the Login page works correctly should dispatch @auth/SIGN_IN REQUEST with the right payload if the user data format is correct" duration="653"/>
    <testCase name="Testing that the Login page works correctly should throw a validation error when username and password input are empty" duration="586"/>
    <testCase name="Testing that the Login page works correctly should throw new error when username or password input are incorrect" duration="558"/>
    <testCase name="Testing that the Login page works correctly should change the type of the submit button to button type when sign-in strike is true" duration="571"/>
  </file>
  <file path="/home/lucascardoso/Arco/HubDigitalFront/packages/apps/hub-web/src/__tests__/store/modules/authProduct/sagas.spec.ts">
    <testCase name="Testing productSorting saga flow productSorting should call refresh token then dispatch a request action" duration="159"/>
    <testCase name="Testing productSorting saga flow productSorting should redirect user when tipoRenderizacao is `iframenoauth`" duration="218"/>
    <testCase name="Testing productSorting saga flow productSorting should open a new page when tipoRenderizacao is `targetblank`" duration="113"/>
    <testCase name="Testing productSorting saga flow productSorting should dispatch request action when tipoRenderizacao is `iframe`" duration="123"/>
    <testCase name="Testing productSorting saga flow productSorting should dispatch request action when tipoRenderizacao is `wordpress`" duration="114"/>
    <testCase name="Testing productSorting saga flow productSorting should early return when no auth, profile or user info is available" duration="164"/>
    <testCase name="testing authProductGUID saga flow should set loading, make a post request, redirect user, set iframe and dispatch success action" duration="155"/>
    <testCase name="testing authProductGUID saga flow should redirect user to correct path when payload has a subpath" duration="178"/>
    <testCase name="testing authProductGUID saga flow should send a tost and dispatch failure action when post response has a error" duration="103"/>
    <testCase name="testing authProductGUID saga flow productSorting should early return when no auth, profile or user info is available" duration="146"/>
    <testCase name="testing authProductEEM saga flow should set loading, set iframe url and then dispatch success action" duration="151"/>
    <testCase name="testing authProductEEM saga flow should open a new window when tipoRenderizacao is `iframeblank` and the device is IOS" duration="124"/>
  </file>
  <file path="/home/lucascardoso/Arco/HubDigitalFront/packages/apps/hub-web/src/__tests__/components/Header/AlterPass.spec.tsx">
    <testCase name="get started Should throw a `validation` error if the form was submitted without any information" duration="1155"/>
    <testCase name="get started Should throw a `generic` error if an error other than` validation` has been thrown" duration="614"/>
    <testCase name="get started Should call `onClose` function when `CANCELAR` is clicked" duration="627"/>
    <testCase name="get started Should dispatch an `@user/USER_PASSWORD_PANEL_REQUEST` action if the form has been submitted with correct data" duration="544"/>
    <testCase name="get started Should convert input`s type to text when viewPass and viewNewPass are true" duration="590"/>
  </file>
  <file path="/home/lucascardoso/Arco/HubDigitalFront/packages/apps/hub-web/src/__tests__/store/modules/user/sagas.spec.ts">
    <testCase name="Sagas of user history Forgot Password Should shoot a message to the user and redirect it to login to API success" duration="648"/>
    <testCase name="Sagas of user history Forgot Password Should shoot an error message for user if the API returns some exception" duration="136"/>
    <testCase name="Sagas of user history Forgot Password Should return a custom error message if the password or PIN PASSE INVALIDS" duration="169"/>
    <testCase name="Sagas of user history Forgot Password Should return the default error message if the invalid password or password PIN and the API does not contain a response" duration="125"/>
    <testCase name="Sagas of user history Alter Password Should shoot a successful message for user in the return of API" duration="135"/>
    <testCase name="Sagas of user history Alter Password Should shoot an error message for user if the API returns some exception" duration="128"/>
    <testCase name="Sagas of user history Alter Password Should return a custom error message if the password or PIN PASSE INVALIDS" duration="136"/>
    <testCase name="Sagas of user history Alter Password Should return the default error message if the invalid password the API does not contain a response" duration="104"/>
  </file>
  <file path="/home/lucascardoso/Arco/HubDigitalFront/packages/common/__tests__/components/Drawer.spec.tsx">
    <testCase name="Testing if Drawer component render correctly should render open, as well must render Drawer Header, Body and Footer" duration="1374"/>
    <testCase name="Testing if Drawer component render correctly Drawer matches snapshot" duration="1198"/>
    <testCase name="testing useDesclosure should returns the correct values" duration="90"/>
  </file>
  <file path="/home/lucascardoso/Arco/HubDigitalFront/packages/common/__tests__/components/Popover.spec.tsx">
    <testCase name="Popover component should work properly Should render with correctly content" duration="1114"/>
    <testCase name="Popover component should work properly Should close visibility of the Popover when close button is clicked" duration="1262"/>
  </file>
  <file path="/home/lucascardoso/Arco/HubDigitalFront/packages/apps/hub-web/src/__tests__/pages/Auth/ForgotPassword.spec.tsx">
    <testCase name="Forgot Password page should work properly should display instructions about password recovery" duration="581"/>
    <testCase name="Forgot Password page should work properly Should display an error toast if submit with empty input" duration="527"/>
    <testCase name="Forgot Password page should work properly Should display an error toast if validator throws a generic error" duration="508"/>
    <testCase name="Forgot Password page should work properly Should redirect client to login page if sendViewToken is true" duration="429"/>
    <testCase name="Forgot Password page should work properly should go back when GoBack is clicked" duration="555"/>
    <testCase name="Forgot Password page should work properly Should dispatch an action with correct payload" duration="591"/>
  </file>
  <file path="/home/lucascardoso/Arco/HubDigitalFront/packages/common/__tests__/components/Select.spec.tsx">
    <testCase name="Select renders without crashing Select normal variant render all options" duration="1242"/>
    <testCase name="Select renders without crashing Select blue-transparent variant render options" duration="1203"/>
    <testCase name="Select renders without crashing Select displays error message when no options are provided" duration="828"/>
  </file>
  <file path="/home/lucascardoso/Arco/HubDigitalFront/packages/apps/hub-web/src/__tests__/layouts/Iframe/components/Header/HeaderDesktop.spec.tsx">
    <testCase name="HeaderDesktop should work properly Products menu should should display all solutions when clicked" duration="1074"/>
    <testCase name="HeaderDesktop should work properly shouldnt display any card when no cards are provided" duration="553"/>
    <testCase name="HeaderDesktop should work properly card should handle push and log amplitude event when clicked" duration="858"/>
  </file>
  <file path="/home/lucascardoso/Arco/HubDigitalFront/packages/apps/hub-web/src/__tests__/components/Header/Mobile.spec.tsx">
    <testCase name="Mobile Header component  Should call OpenModalPass when `alterar minha senha` is clicked" duration="2946"/>
    <testCase name="Mobile Header component  Should have a button called `Estou com uma dúvida`" duration="1917"/>
    <testCase name="Mobile Header component  openMenu should call onOpen when isOpen is false" duration="470"/>
    <testCase name="Mobile Header component  openMenu should call onClose when isOpen is true" duration="2569"/>
    <testCase name="Mobile Header component  Should redirect to `/` when `Sair` button is clicked" duration="2439"/>
    <testCase name="Mobile Header component  Should open a Tour (dispatch a `@tour/OPEN_TOUR` action) when /Fazer tour/ button is clicked" duration="2693"/>
    <testCase name="Mobile Header component  Should redirect to `/minhas-turmas`when `Minhas turmas` button is clicked" duration="2554"/>
    <testCase name="Mobile Header component  Should call useDisclosure`s onClose function when ´Home` button is clicked" duration="2861"/>
    <testCase name="Mobile Header component  Should call useDisclosure`s onClose function when key of escape is pressed (ESC)" duration="2977"/>
    <testCase name="Mobile Header component  Should change the `school` on selector when other `school` is triggered" duration="6332"/>
    <testCase name="Mobile Header component  Should change the `role` on selector when other `role` is triggered" duration="6949"/>
    <testCase name="Mobile Header component  Should change `Home` color when pathname is `/`" duration="0"/>
    <testCase name="Mobile Header component  Should change `Minhas turmas` color when pathname is `/minhas-turmas`" duration="0"/>
  </file>
  <file path="/home/lucascardoso/Arco/HubDigitalFront/packages/apps/hub-web/src/__tests__/pages/Auth/ExpiredToken.spec.tsx">
    <testCase name="Expired Token page should work properly Should redirect to `/` when `validateViewPin` doesn`t exist or it`s false" duration="732"/>
    <testCase name="Expired Token page should work properly Should render the correcly elements on screen" duration="500"/>
    <testCase name="Expired Token page should work properly Should redirect to `/esqueci-minha-senha` when `Solicitar novo link` is clicked" duration="637"/>
    <testCase name="Expired Token page should work properly Should redirect to `/login` when `GoBack` is clicked" duration="373"/>
  </file>
  <file path="/home/lucascardoso/Arco/HubDigitalFront/packages/apps/hub-web/src/__tests__/pages/Home/FakeLoading.spec.tsx">
    <testCase name="testing fakeLoading should render without  crashing" duration="473"/>
  </file>
  <file path="/home/lucascardoso/Arco/HubDigitalFront/packages/common/__tests__/components/Skeleton.spec.tsx">
    <testCase name="Skeleton renders without crashing Stack matches snapshot" duration="335"/>
    <testCase name="Skeleton renders without crashing Skeleton matches snapshot" duration="348"/>
    <testCase name="Skeleton renders without crashing SkeletonCircle matches snapshot" duration="310"/>
    <testCase name="Skeleton renders without crashing SkeletonText matches snapshot" duration="373"/>
  </file>
  <file path="/home/lucascardoso/Arco/HubDigitalFront/packages/apps/hub-web/src/__tests__/layouts/Iframe/components/Search.spec.tsx">
    <testCase name="should work properly Should render an input on screen" duration="428"/>
    <testCase name="should work properly Should call onChange handler when a value is triggered on input" duration="339"/>
    <testCase name="should work properly Should render without crashing" duration="548"/>
  </file>
  <file path="/home/lucascardoso/Arco/HubDigitalFront/packages/apps/hub-web/src/__tests__/store/modules/products/sagas.spec.ts">
    <testCase name="testing getProducts saga flow should set loadings, call api, dispatch success action, call mhunArvoreIntegration, get tour and enable refresh token middleware" duration="2178"/>
    <testCase name="testing getProducts saga flow should call toast error when api returns with an error" duration="160"/>
    <testCase name="testing getProducts saga flow should dispatch a withoutAccess action and early return a user without the correct level" duration="119"/>
    <testCase name="testing getProducts saga flow should early return when theres no user or school info" duration="146"/>
  </file>
  <file path="/home/lucascardoso/Arco/HubDigitalFront/packages/apps/hub-web/src/__tests__/components/Header/context.spec.tsx">
    <testCase name="Testing useHeader Should return define a Header Context" duration="208"/>
    <testCase name="Testing useHeader Should throw an error when context is not provided" duration="343"/>
    <testCase name="Testing HeaderContext Should dispatch an `@auth/FIRST_ACCESS` action when setRole is triggered" duration="259"/>
    <testCase name="Testing HeaderContext Should call useState`s handle function when setSchool is triggered" duration="127"/>
    <testCase name="Testing HeaderContext Should call useState`s handle function when resetInfo is triggered" duration="132"/>
  </file>
  <file path="/home/lucascardoso/Arco/HubDigitalFront/packages/apps/hub-web/src/__tests__/layouts/Auth/Auth.spec.tsx">
    <testCase name="Auth`s layout should render without crashing Auth`s layout should encapsulate correctly the children" duration="680"/>
  </file>
  <file path="/home/lucascardoso/Arco/HubDigitalFront/packages/apps/hub-web/src/__tests__/layouts/Iframe/components/Header/AnimateGoBack.spec.tsx">
    <testCase name="AnimateGoBack should work properly Shoud call onClick when arrow left is clicked" duration="963"/>
    <testCase name="AnimateGoBack should work properly Should render without crashing when width was not provided" duration="483"/>
  </file>
  <file path="/home/lucascardoso/Arco/HubDigitalFront/packages/common/__tests__/components/Search.spec.tsx">
    <testCase name="Search component should work properly Input should call onChange with correct value" duration="536"/>
  </file>
  <file path="/home/lucascardoso/Arco/HubDigitalFront/packages/apps/hub-web/src/__tests__/components/GoBack.spec.tsx">
    <testCase name="Goback component should render on screen and when clicking trigger an event" duration="618"/>
  </file>
  <file path="/home/lucascardoso/Arco/HubDigitalFront/packages/apps/hub-web/src/__tests__/layouts/Iframe/components/Header/Header.spec.tsx">
    <testCase name="Header`s layout should work properly Header should render Mobile Header when useMediaQuery returns [false]" duration="457"/>
    <testCase name="Header`s layout should work properly Header should render Desktop Header when useMediaQuery returns [true]" duration="365"/>
    <testCase name="Header`s layout should work properly Should call the go back handler when a GoBack is clicked" duration="580"/>
  </file>
  <file path="/home/lucascardoso/Arco/HubDigitalFront/packages/apps/hub-web/src/__tests__/components/Logo.spec.tsx">
    <testCase name="Logo component Must render the component on screen correctly" duration="682"/>
  </file>
  <file path="/home/lucascardoso/Arco/HubDigitalFront/packages/common/__tests__/components/Tour.spec.tsx">
    <testCase name="Testing Tour component and your functionalities Should render Tour component with first step" duration="170"/>
    <testCase name="Testing Tour component and your functionalities should close the tour when closeButton is clicked" duration="1003"/>
  </file>
  <file path="/home/lucascardoso/Arco/HubDigitalFront/packages/common/__tests__/components/Form.spec.tsx">
    <testCase name="Form works properly input should render icons correctly and change style when focused" duration="723"/>
    <testCase name="Form works properly input should display an error if useField returns error as truthy" duration="451"/>
    <testCase name="Form works properly Form calls submit with correct values" duration="528"/>
  </file>
  <file path="/home/lucascardoso/Arco/HubDigitalFront/packages/apps/hub-web/src/__tests__/pages/Home/FakeCollapse.spec.tsx">
    <testCase name="FakeCollapse renders without crashing should have children" duration="526"/>
    <testCase name="FakeCollapse renders without crashing Collapse with false grid doesn&apos;t render SimpleGrid" duration="398"/>
    <testCase name="FakeCollapse renders without crashing renders without crashing on larger screens" duration="369"/>
  </file>
  <file path="/home/lucascardoso/Arco/HubDigitalFront/packages/apps/hub-web/src/__tests__/pages/Iframe/Iframe.spec.tsx">
    <testCase name="iframe should work as expected" duration="630"/>
  </file>
  <file path="/home/lucascardoso/Arco/HubDigitalFront/packages/apps/hub-web/src/__tests__/pages/Iframe/Loading.spec.tsx">
    <testCase name="iframe loading should work as expected loader should work when loading is true" duration="565"/>
    <testCase name="iframe loading should work as expected loader should work when loading is false" duration="376"/>
  </file>
  <file path="/home/lucascardoso/Arco/HubDigitalFront/packages/apps/hub-web/src/__tests__/pages/MyClasses/CardAlunos.spec.tsx">
    <testCase name="CardAlunos should work properly Should render username in lowercase" duration="692"/>
  </file>
  <file path="/home/lucascardoso/Arco/HubDigitalFront/packages/apps/hub-web/src/__tests__/pages/Iframe/getCardBySlug.spec.tsx">
    <testCase name="getCardBySlug should work as expected getCardBySlug should work as expected" duration="163"/>
    <testCase name="getCardBySlug should work as expected getCardBySlug should throw a toast error when api returns with ok false" duration="124"/>
    <testCase name="getCardBySlug should work as expected getCardBySlug should early return when no slug is received" duration="115"/>
  </file>
  <file path="/home/lucascardoso/Arco/HubDigitalFront/packages/common/__tests__/components/Image.spec.tsx">
    <testCase name="Image renders without crashing Should render image with correct alt text" duration="185"/>
    <testCase name="Image renders without crashing Image matches snapshot" duration="166"/>
  </file>
  <file path="/home/lucascardoso/Arco/HubDigitalFront/packages/apps/hub-web/src/__tests__/layouts/Iframe/components/Card.spec.tsx">
    <testCase name="Card`s layout should work properly Should render card`s elements on screen" duration="553"/>
    <testCase name="Card`s layout should work properly Should call onClick function when card box is clicked" duration="392"/>
  </file>
  <file path="/home/lucascardoso/Arco/HubDigitalFront/packages/common/__tests__/components/Box.spec.tsx">
    <testCase name="Box renders without crashing Box has children" duration="193"/>
    <testCase name="Box renders without crashing Box matches snapshot" duration="137"/>
  </file>
  <file path="/home/lucascardoso/Arco/HubDigitalFront/packages/common/__tests__/components/Tooltip.spec.tsx">
    <testCase name="Tooltip renders without crashing Tooltip has children" duration="190"/>
    <testCase name="Tooltip renders without crashing Tooltip matches snapshot" duration="168"/>
  </file>
  <file path="/home/lucascardoso/Arco/HubDigitalFront/packages/common/__tests__/components/Stack.spec.tsx">
    <testCase name="Stack renders without crashing Stack matches snapshot" duration="507"/>
  </file>
  <file path="/home/lucascardoso/Arco/HubDigitalFront/packages/common/__tests__/components/Badge.spec.tsx">
    <testCase name="Badge renders without crashing Badge matches snapshot" duration="707"/>
  </file>
  <file path="/home/lucascardoso/Arco/HubDigitalFront/packages/apps/hub-web/src/__tests__/store/modules/tour/sagas.spec.ts">
    <testCase name="testing getProducts saga flow should dispatch tour request action, make get request do tour api and dispatch success action" duration="150"/>
    <testCase name="testing getProducts saga flow should not include educational level on tour request if user is not PROFESSOR or ALUNO" duration="231"/>
    <testCase name="testing getProducts saga flow should log error and dispatch failure action when api returns with an error" duration="139"/>
    <testCase name="testing getViewed saga flow should request for info on tour viewed and dispatch a success action" duration="92"/>
    <testCase name="testing getViewed saga flow should log error and dispatch failure action on api error" duration="95"/>
    <testCase name="testing getProducts saga flow should dispatch tour request action, make get request do tour api and dispatch success action" duration="127"/>
    <testCase name="testing getProducts saga flow should not include educational level on tour request if user is not PROFESSOR or ALUNO" duration="135"/>
    <testCase name="testing getProducts saga flow should log error and dispatch failure action when api returns with an error" duration="150"/>
    <testCase name="testing post tour saga flow should set open tour to false and post tour info" duration="111"/>
    <testCase name="testing post tour saga flow should log error and dispatch failure action on api error" duration="206"/>
  </file>
  <file path="/home/lucascardoso/Arco/HubDigitalFront/packages/common/__tests__/components/Heading.spec.tsx">
    <testCase name="Heading renders without crashing Heading has children" duration="190"/>
    <testCase name="Heading renders without crashing Heading matches snapshot" duration="145"/>
  </file>
  <file path="/home/lucascardoso/Arco/HubDigitalFront/packages/common/__tests__/components/CardBox.spec.tsx">
    <testCase name="CardBox renders without crashing CardBox has children" duration="110"/>
    <testCase name="CardBox renders without crashing CardBox matches snapshot" duration="127"/>
  </file>
  <file path="/home/lucascardoso/Arco/HubDigitalFront/packages/apps/hub-web/src/__tests__/components/LogoOn.spec.tsx">
    <testCase name="LogoOn component Must render the component on screen correctly" duration="520"/>
  </file>
  <file path="/home/lucascardoso/Arco/HubDigitalFront/packages/apps/hub-web/src/__tests__/pages/Auth/Profile/CardBox.spec.tsx">
    <testCase name="CardBox Component should work properly Should render icon with correct titles" duration="532"/>
    <testCase name="CardBox Component should work properly Should call onClick when user choises an role" duration="376"/>
  </file>
  <file path="/home/lucascardoso/Arco/HubDigitalFront/packages/apps/hub-web/src/__tests__/amplitude/useAmplitudeSetProperties.spec.tsx">
    <testCase name="testing if amplitude set properties functions work properly Should call setUserProperties with the correct information" duration="166"/>
  </file>
  <file path="/home/lucascardoso/Arco/HubDigitalFront/packages/common/__tests__/components/Flex.spec.tsx">
    <testCase name="Flex renders without crashing Flex has children" duration="203"/>
    <testCase name="Flex renders without crashing Flex matches snapshot" duration="215"/>
  </file>
  <file path="/home/lucascardoso/Arco/HubDigitalFront/packages/common/__tests__/layout/styles.spec.ts">
    <testCase name="Testing chacka`s styles hooks useTheme shouldn`t return void theme when encapsulated by a theme provider" duration="495"/>
    <testCase name="Testing chacka`s styles hooks useColorMode should  gives you access to the current color mode, and a function to toggle the color mode." duration="392"/>
    <testCase name="Testing chacka`s styles hooks useColorModeValue returns current color mode: by default return light mode color" duration="471"/>
    <testCase name="Testing chacka`s styles hooks useMediaQuery should returns an array of booleans, indicating whether the given query matches or queries match" duration="170"/>
  </file>
  <file path="/home/lucascardoso/Arco/HubDigitalFront/packages/apps/hub-web/src/__tests__/store/modules/educationalStage/sagas.spec.ts">
    <testCase name="Sagas of educationalStage history get Education Stage Should generate a new user authentication token for the user" duration="133"/>
    <testCase name="Sagas of educationalStage history get Education Stage Should return empty if the API returns an error" duration="173"/>
    <testCase name="Sagas of educationalStage history get Educational By Person Should shoot the saga to seek the levels of teaching" duration="178"/>
    <testCase name="Sagas of educationalStage history get Educational By Person Should reset the profile selection if the selected profile is different from expected" duration="112"/>
  </file>
  <file path="/home/lucascardoso/Arco/HubDigitalFront/packages/common/__tests__/layout/provider.spec.tsx">
    <testCase name="Testing Theme Provider should change theme when profile changes" duration="1137"/>
  </file>
  <file path="/home/lucascardoso/Arco/HubDigitalFront/packages/apps/hub-web/src/__tests__/pages/MyClasses/FakeLoading.spec.tsx">
    <testCase name="FakeLoading should render properly FakeLoading matches snapshot" duration="590"/>
  </file>
  <file path="/home/lucascardoso/Arco/HubDigitalFront/packages/common/__tests__/components/BarLoader.spec.tsx">
    <testCase name="BarLoader renders without crashing BarLoader matches snapshot" duration="614"/>
  </file>
  <file path="/home/lucascardoso/Arco/HubDigitalFront/packages/common/__tests__/components/Button.spec.tsx">
    <testCase name="Button renders without crashing Button matches snapshot" duration="498"/>
  </file>
  <file path="/home/lucascardoso/Arco/HubDigitalFront/packages/apps/hub-web/src/__tests__/middlewares/refreshToken.spec.ts">
    <testCase name="RefreshToken should work properly should dispatch no action when token is expired" duration="116"/>
    <testCase name="RefreshToken should work properly should dispatch success action when api returns ok true" duration="205"/>
    <testCase name="RefreshToken should work properly should dispatch failure action when api returns ok false" duration="676"/>
  </file>
  <file path="/home/lucascardoso/Arco/HubDigitalFront/packages/common/__tests__/components/Avatar.spec.tsx">
    <testCase name="Avatar renders without crashing Avatar matches snapshot" duration="604"/>
  </file>
  <file path="/home/lucascardoso/Arco/HubDigitalFront/packages/common/__tests__/components/SimpleGrid.spec.tsx">
    <testCase name="SimpleGrid renders without crashing SimpleGrid matches snapshot" duration="591"/>
  </file>
  <file path="/home/lucascardoso/Arco/HubDigitalFront/packages/common/__tests__/components/Input.spec.tsx">
    <testCase name="Input renders without crashing Input matches snapshot" duration="572"/>
  </file>
  <file path="/home/lucascardoso/Arco/HubDigitalFront/packages/common/__tests__/components/Text.spec.tsx">
    <testCase name="Text renders without crashing Text matches snapshot" duration="613"/>
  </file>
  <file path="/home/lucascardoso/Arco/HubDigitalFront/packages/apps/hub-web/src/__tests__/store/modules/productIntegrations/sagas.spec.ts">
    <testCase name="Sagas of productIntegrations history Should return the MHUND and tree cards with the appropriate application links" duration="145"/>
    <testCase name="Sagas of productIntegrations history Should return undefined case if you do not have cards loaded" duration="158"/>
    <testCase name="Sagas of productIntegrations history Should return the MHUND card and not the arvore card" duration="138"/>
  </file>
  <file path="/home/lucascardoso/Arco/HubDigitalFront/packages/apps/hub-web/src/__tests__/services/eemIntegration.spec.ts">
    <testCase name="eemIntegration should work properly eemIntegration should use store data when no args are received" duration="301"/>
  </file>
  <file path="/home/lucascardoso/Arco/HubDigitalFront/packages/apps/hub-web/src/__tests__/store/modules/user/reducer.spec.ts">
    <testCase name="Reducer of user history Should Set Loading How True On The Action Shooting of AlterPasswordRequest" duration="135"/>
    <testCase name="Reducer of user history Should Set Loading How false On The Action Shooting of alterPasswordSuccess" duration="169"/>
    <testCase name="Reducer of user history Should Set Loading How false On The Action Shooting of alterPasswordFailure" duration="206"/>
    <testCase name="Reducer of user history Should reset the information in the user logout" duration="166"/>
    <testCase name="Reducer of user history Should Set Loading How false On The Action Shooting of alterPasswordSuccess" duration="111"/>
    <testCase name="Reducer of user history Should Set Loading How false On The Action Shooting of forgotPasswordSuccess" duration="125"/>
    <testCase name="Reducer of user history Should Set Loading How false On The Action Shooting of forgotPasswordFailure" duration="112"/>
    <testCase name="Reducer of user history Should set the state with the selected school" duration="185"/>
    <testCase name="Reducer of user history Should set all user information in the initial state" duration="268"/>
    <testCase name="Reducer of user history Should return the unchanged state if it does not contain any action" duration="130"/>
  </file>
  <file path="/home/lucascardoso/Arco/HubDigitalFront/packages/apps/hub-web/src/__tests__/services/mixpanel/setProperties.spec.tsx">
    <testCase name="Mixpanel Services Should return false if the user is not logged in" duration="183"/>
    <testCase name="Mixpanel Services Should prepare user information for sending MixPanel" duration="227"/>
    <testCase name="Mixpanel Services Show an error in the console if MixPanel is not instantiated" duration="169"/>
  </file>
  <file path="/home/lucascardoso/Arco/HubDigitalFront/packages/apps/hub-web/src/__tests__/store/modules/auth/reducer.spec.ts">
    <testCase name="Reducer of authentication history Should at the shooting of Action Reducers steps are triggered by setting the default information" duration="178"/>
    <testCase name="Reducer of authentication history Should that in login failure, the information returns to the initial state" duration="142"/>
    <testCase name="Reducer of authentication history Should that in the success of the login, the token is received beyond the other infos for access to the platform" duration="240"/>
    <testCase name="Reducer of authentication history Should the loading is fired while the check action happens" duration="154"/>
    <testCase name="Reducer of authentication history Should that in the absence of an initial status defined, the default state is triggered" duration="153"/>
    <testCase name="Reducer of authentication history Should that being true all login treatives, the user is released for access to the system" duration="89"/>
    <testCase name="Reducer of authentication history Should that in the absence of education level, the user is blocked for access to platform" duration="161"/>
    <testCase name="Reducer of authentication history Should the reduced token is received and past for storage" duration="156"/>
    <testCase name="Reducer of authentication history Should in the success generation of a new token, a refresh token and an expiration date is received" duration="152"/>
    <testCase name="Reducer of authentication history Should that in the user&apos;s exit, all states are resetted" duration="199"/>
    <testCase name="Reducer of authentication history Should if an unexpected exception is received, the same will have no effect on the application states" duration="182"/>
  </file>
  <file path="/home/lucascardoso/Arco/HubDigitalFront/packages/apps/hub-web/src/__tests__/store/modules/forgotPassword/sagas.spec.ts">
    <testCase name="Sagas of forgotPassword history pwd Token Should show a message to the user and redirect it to login to API success" duration="175"/>
    <testCase name="Sagas of forgotPassword history pwd Token Should send the user to the failure page if the return of the API is flawed" duration="178"/>
    <testCase name="Sagas of forgotPassword history pwd Token Show an error message for the user if the API returns an exception" duration="171"/>
    <testCase name="Sagas of forgotPassword history validate PIN Should Validate User PIN via API" duration="133"/>
    <testCase name="Sagas of forgotPassword history validate PIN Show for the user that the token is expired or invalid" duration="118"/>
    <testCase name="Sagas of forgotPassword history validate PIN Show an error message for the user if the API returns an exception" duration="154"/>
  </file>
  <file path="/home/lucascardoso/Arco/HubDigitalFront/packages/apps/hub-web/src/__tests__/hooks/useSentry.spec.ts">
    <testCase name="useSentry hook should work properly If environment is `production`, this hook should call its methods correctly" duration="218"/>
    <testCase name="useSentry hook should work properly If environment is not `production`, this hook shouldn`t call its methods" duration="169"/>
  </file>
  <file path="/home/lucascardoso/Arco/HubDigitalFront/packages/apps/hub-web/src/__tests__/validators/user/alterPassword.spec.ts">
    <testCase name="alterPassword must check the format of the new password Should return a `min characters` error if new password is smaller than 5 characters" duration="193"/>
    <testCase name="alterPassword must check the format of the new password Should return an error if newPassword is different of confirmNewPassword" duration="148"/>
    <testCase name="alterPassword must check the format of the new password Should return a `missing confirmNewPassword` error if confirmNewPassword was not provided" duration="131"/>
    <testCase name="alterPassword must check the format of the new password Should return a `missing oldPassword` error if oldPassword was not provided" duration="118"/>
    <testCase name="alterPassword must check the format of the new password Should return the `shape` if `password`, `confirm-password` and `oldPassword` is correct" duration="115"/>
  </file>
  <file path="/home/lucascardoso/Arco/HubDigitalFront/packages/apps/hub-web/src/__tests__/validators/auth/forgotPassword.spec.ts">
    <testCase name="forgotPasswordSchema must check if the format of `email` is correct Should return a `missing email` error if email was not provided" duration="147"/>
    <testCase name="forgotPasswordSchema must check if the format of `email` is correct Should return `shape` if email`s formart is correct" duration="102"/>
  </file>
  <file path="/home/lucascardoso/Arco/HubDigitalFront/packages/apps/hub-web/src/__tests__/validators/auth/signIn.spec.ts">
    <testCase name="signInSchema must check if the format of `shape` is correctly Should return a `missing username` error if username was not provided" duration="242"/>
    <testCase name="signInSchema must check if the format of `shape` is correctly Should return a `missing password` error if password was not provided" duration="250"/>
    <testCase name="signInSchema must check if the format of `shape` is correctly Should return the `shape` if all data is correct" duration="126"/>
  </file>
  <file path="/home/lucascardoso/Arco/HubDigitalFront/packages/apps/hub-web/src/__tests__/store/modules/user/actions.spec.ts">
    <testCase name="Action of user history Should shoot the action of UserRequest" duration="208"/>
    <testCase name="Action of user history Should shoot the action of UserSuccess" duration="212"/>
    <testCase name="Action of user history Should shoot the action of UserFailure" duration="124"/>
    <testCase name="Action of user history Should shoot setSchool action with payload containing the infos" duration="153"/>
    <testCase name="Action of user history Should shoot forgotPasswordRequest action with payload containing the infos" duration="127"/>
    <testCase name="Action of user history Should shoot the action of forgotPasswordSuccess" duration="89"/>
    <testCase name="Action of user history Should shoot the action of forgotPasswordFailure" duration="206"/>
    <testCase name="Action of user history Should shoot alterPasswordRequest action with payload containing the infos" duration="109"/>
    <testCase name="Action of user history Should shoot the action of alterPasswordSuccess" duration="154"/>
    <testCase name="Action of user history Should shoot the action of alterPasswordFailure" duration="112"/>
  </file>
  <file path="/home/lucascardoso/Arco/HubDigitalFront/packages/apps/hub-web/src/__tests__/services/eemConnect.spec.ts">
    <testCase name="EEMConnectPost should work properly EEMConnectPost should set headers then send a post request" duration="510"/>
    <testCase name="EEMConnectPost should work properly EEMConnectGET should send a get request" duration="238"/>
  </file>
  <file path="/home/lucascardoso/Arco/HubDigitalFront/packages/apps/hub-web/src/__tests__/store/modules/authProduct/actions.spec.ts">
    <testCase name="authProduct action creators should work properly should create an request action on preAuth" duration="234"/>
    <testCase name="authProduct action creators should work properly should create an specific request action on authProductRequest" duration="286"/>
    <testCase name="authProduct action creators should work properly should create an success action on authProductSuccess" duration="223"/>
    <testCase name="authProduct action creators should work properly should create an failure action on authProductFailure" duration="246"/>
  </file>
  <file path="/home/lucascardoso/Arco/HubDigitalFront/packages/apps/hub-web/src/__tests__/store/modules/products/reducers.spec.ts">
    <testCase name="authProduct reducer returns the initial state when an action type is not passed" duration="202"/>
    <testCase name="authProduct reducer should change loading to true when a product is requested" duration="132"/>
    <testCase name="authProduct reducer loading is set to false on success action" duration="185"/>
    <testCase name="authProduct reducer should set data on product integration action" duration="146"/>
    <testCase name="authProduct reducer should set loading to false and reset data on product failure action" duration="174"/>
    <testCase name="authProduct reducer should set loading to true and reset data on without access action" duration="233"/>
    <testCase name="authProduct reducer should set frameURL and frame name on frame URL action" duration="163"/>
    <testCase name="authProduct reducer should set loading to true and reset data on sign out action" duration="261"/>
  </file>
  <file path="/home/lucascardoso/Arco/HubDigitalFront/packages/apps/hub-web/src/__tests__/hooks/usePostMessage.spec.ts">
    <testCase name="postMessage should work properly shouldnt redirect when mounted URL is equal current pathname" duration="249"/>
    <testCase name="postMessage should work properly should call push on history-change event" duration="318"/>
    <testCase name="postMessage should work properly shouldnt redirect when receives non stringfied data" duration="172"/>
    <testCase name="postMessage should work properly shouldnt redirect when data hasnt json structure" duration="233"/>
    <testCase name="postMessage should work properly shouldnt redirect when event type isnt history-change" duration="227"/>
    <testCase name="postMessage should work properly shouldnt redirect when data isnt parseable" duration="196"/>
  </file>
  <file path="/home/lucascardoso/Arco/HubDigitalFront/packages/apps/hub-web/src/__tests__/store/modules/auth/actions.spec.ts">
    <testCase name="Action of authentication history Should the preparingUserData calls the correct action and receive the value within payload" duration="188"/>
    <testCase name="Action of authentication history Should the signInRequest calls the correct action and receive the value within payload" duration="166"/>
    <testCase name="Action of authentication history Should the signInSuccess calls the correct action and receive the value within payload" duration="140"/>
    <testCase name="Action of authentication history Should the refreshTokenSuccess calls the correct action and receive the value within payload" duration="165"/>
    <testCase name="Action of authentication history Should the reducedTokenEEM calls the correct action and receive the value within payload" duration="158"/>
    <testCase name="Action of authentication history I Should the signOut is called and the amplitude states are clean" duration="149"/>
    <testCase name="Action of authentication history Should refreshTokenRequest is called" duration="219"/>
    <testCase name="Action of authentication history Should signInRequestLoading is called" duration="169"/>
    <testCase name="Action of authentication history Should signInFailure is called" duration="244"/>
    <testCase name="Action of authentication history Should withoutAccess is called" duration="208"/>
    <testCase name="Action of authentication history Should setSigned is called" duration="171"/>
  </file>
  <file path="/home/lucascardoso/Arco/HubDigitalFront/packages/apps/hub-web/src/__tests__/utils/hasJsonStructure.spec.ts">
    <testCase name="json-type structure Should be check if string has a json structure" duration="410"/>
    <testCase name="json-type structure Must return that the structure sent is not of the JSON type" duration="128"/>
    <testCase name="json-type structure Should return false when receives non string data" duration="139"/>
  </file>
  <file path="/home/lucascardoso/Arco/HubDigitalFront/packages/apps/hub-web/src/__tests__/store/modules/myClasses/reducer.spec.ts">
    <testCase name="Reducer of authentication history Should set Loading to True When Request Action is Triggered" duration="200"/>
    <testCase name="Reducer of authentication history Should set Loading to false and classes to return api When Success Action is Triggered" duration="177"/>
    <testCase name="Reducer of authentication history Should set Loading to false and classes to undefined When Failure Action is Triggered" duration="106"/>
    <testCase name="Reducer of authentication history Should return the unchanged state if it does not contain any action" duration="189"/>
  </file>
  <file path="/home/lucascardoso/Arco/HubDigitalFront/packages/apps/hub-web/src/__tests__/store/modules/global/actions.spec.ts">
    <testCase name="Action of global history Should call the loading action correctly and receive the value within payload" duration="234"/>
    <testCase name="Action of global history Should call the enableRefreshTokenMiddleware action correctly and receive the value within payload" duration="188"/>
  </file>
  <file path="/home/lucascardoso/Arco/HubDigitalFront/packages/apps/hub-web/src/__tests__/utils/isMobile.spec.ts">
    <testCase name="Check device origin Should return if the device is not mobile" duration="220"/>
    <testCase name="Check device origin Should return if the device is  mobile" duration="180"/>
  </file>
  <file path="/home/lucascardoso/Arco/HubDigitalFront/packages/apps/hub-web/src/__tests__/store/modules/tour/reducer.spec.ts">
    <testCase name="tour reducer should work properly returns the initial state when an action type is not passed" duration="101"/>
    <testCase name="tour reducer should work properly loading is set to true on get tour viewed action" duration="124"/>
    <testCase name="tour reducer should work properly should set loading and tour info on getTourViewedSuccess action" duration="128"/>
    <testCase name="tour reducer should work properly loading is set to false on getTourViewedFailure action" duration="155"/>
    <testCase name="tour reducer should work properly should set open to true on openTour action with truthy payload" duration="282"/>
    <testCase name="tour reducer should work properly should reset tour info on sign out" duration="165"/>
    <testCase name="tour reducer should work properly should set tour info on successful getTour action" duration="288"/>
  </file>
  <file path="/home/lucascardoso/Arco/HubDigitalFront/packages/apps/hub-web/src/__tests__/utils/reCaptcha.spec.ts">
    <testCase name="Captcha for Login Should trigger the lib that removes the captcha cache" duration="223"/>
    <testCase name="Captcha for Login Must validate quantity of stored items and return a Bool" duration="175"/>
    <testCase name="Captcha for Login Save to set login attempts in cache" duration="212"/>
    <testCase name="Captcha for Login You must validate the captcha token and remove the cache if ok" duration="155"/>
  </file>
  <file path="/home/lucascardoso/Arco/HubDigitalFront/packages/apps/hub-web/src/__tests__/store/modules/tour/actions.spec.ts">
    <testCase name="tour module action creators should work properly should get tour request with correct action type" duration="336"/>
    <testCase name="tour module action creators should work properly should dispatch tour success action with correct type and payload" duration="158"/>
    <testCase name="tour module action creators should work properly should dispatch tour failure action with correct type" duration="150"/>
    <testCase name="tour module action creators should work properly should request if user has already seen the tour with correct action type" duration="137"/>
    <testCase name="tour module action creators should work properly should dispatch success action with correct payload on getTourViewedSuccess" duration="203"/>
    <testCase name="tour module action creators should work properly should dispatch failure action with correct payload on getTourViewedFailure" duration="103"/>
    <testCase name="tour module action creators should work properly should dispatch openTour action with correct payload and action type" duration="132"/>
    <testCase name="tour module action creators should work properly should dispatch postTour action with correct type" duration="165"/>
  </file>
  <file path="/home/lucascardoso/Arco/HubDigitalFront/packages/apps/hub-web/src/__tests__/services/mixpanel/pageView.spec.ts">
    <testCase name="testing if mixpanel page viewed functions work properly AmplitudePageView should dispatch Page Viewed event when application is loaded" duration="333"/>
    <testCase name="testing if mixpanel page viewed functions work properly AmplitudePageView should dispatch Page Viewed event when history href is changed" duration="228"/>
    <testCase name="testing if mixpanel page viewed functions work properly AmplitudePageView should not dispatch a Page Viewed event when oldTitle is the same that current title" duration="132"/>
    <testCase name="testing if mixpanel page viewed functions work properly Show an error in the console if MixPanel is not instantiated" duration="188"/>
  </file>
  <file path="/home/lucascardoso/Arco/HubDigitalFront/packages/apps/hub-web/src/__tests__/store/modules/myClasses/sagas.spec.ts">
    <testCase name="Sagas of myClasses history Should seek the list of students of a class and return only the assets" duration="213"/>
    <testCase name="Sagas of myClasses history Should show an error for the user if the search for the list of students returned an exception" duration="143"/>
  </file>
  <file path="/home/lucascardoso/Arco/HubDigitalFront/packages/apps/hub-web/src/__tests__/utils/prepareEducationalStage.spec.ts">
    <testCase name="prepareEducationalStage should work properly should return object with correct keys and values" duration="155"/>
    <testCase name="prepareEducationalStage should work properly should return empty object if data.serie.ciclo is undefined" duration="174"/>
    <testCase name="prepareEducationalStage should work properly should return empty object if ativo is false" duration="187"/>
    <testCase name="prepareEducationalStage should work properly should return empty object if no data is received" duration="186"/>
  </file>
  <file path="/home/lucascardoso/Arco/HubDigitalFront/packages/apps/hub-web/src/__tests__/store/modules/global/reducer.spec.ts">
    <testCase name="Reducer of authentication history Should set the loading for the chosen" duration="174"/>
    <testCase name="Reducer of authentication history Should set the enableRefreshTokenMiddleware for the chosen" duration="181"/>
  </file>
  <file path="/home/lucascardoso/Arco/HubDigitalFront/packages/apps/hub-web/src/__tests__/store/modules/forgotPassword/reducer.spec.ts">
    <testCase name="Reducer of authentication history Should change the state of load in the firing of the request of Request" duration="131"/>
    <testCase name="Reducer of authentication history Should set the loading as false if the call fails" duration="172"/>
    <testCase name="Reducer of authentication history Should set the View Token to True in application success" duration="149"/>
    <testCase name="Reducer of authentication history Should Set Loading How to True Call for PIN Validation" duration="189"/>
    <testCase name="Reducer of authentication history Should Set Loading How to False Call for PIN Validation" duration="187"/>
    <testCase name="Reducer of authentication history Should Save the Pin Payload Case Success" duration="131"/>
    <testCase name="Reducer of authentication history Should return the unchanged state if it does not contain any action" duration="130"/>
  </file>
  <file path="/home/lucascardoso/Arco/HubDigitalFront/packages/apps/hub-web/src/__tests__/hooks/useQuery.spec.ts">
    <testCase name="useQuery hook should work properly Should return the value of the query provided by the get method" duration="143"/>
  </file>
  <file path="/home/lucascardoso/Arco/HubDigitalFront/packages/apps/hub-web/src/__tests__/store/modules/forgotPassword/actions.spec.ts">
    <testCase name="Action of forgotPassword history Should the validatePinRequest calls the correct action and receive the value within payload" duration="191"/>
    <testCase name="Action of forgotPassword history Should the pwdTokenSuccess calls the correct action and receive the value within payload" duration="150"/>
    <testCase name="Action of forgotPassword history Should the validatePinFailure" duration="115"/>
    <testCase name="Action of forgotPassword history Should the pwdTokenRequest calls the correct action and receive the value within payload" duration="151"/>
    <testCase name="Action of forgotPassword history Should the pwdTokenSuccess calls the correct action" duration="122"/>
    <testCase name="Action of forgotPassword history Should the pwdTokenFailure calls the correct action" duration="174"/>
  </file>
  <file path="/home/lucascardoso/Arco/HubDigitalFront/packages/apps/hub-web/src/__tests__/store/modules/products/actions.spec.ts">
    <testCase name="products action creators should work properly should create an request action with productRequest" duration="205"/>
    <testCase name="products action creators should work properly should create an success action with productSuccess" duration="145"/>
    <testCase name="products action creators should work properly should create a productIntegration action on productIntegration" duration="173"/>
    <testCase name="products action creators should work properly should create an failure action on productFailure" duration="138"/>
    <testCase name="products action creators should work properly should create an frame url action on setFrameURL" duration="142"/>
  </file>
  <file path="/home/lucascardoso/Arco/HubDigitalFront/packages/apps/hub-web/src/__tests__/utils/cardFilter.spec.ts">
    <testCase name="testing cardFilter funcionalities Should return only the `product cards` that matches with text search" duration="305"/>
    <testCase name="testing cardFilter funcionalities Should return only the `classes cards` that matches with text search without crashing when findIndex returns -1" duration="162"/>
    <testCase name="testing cardFilter funcionalities Should return an empty array when search text wasn`t matches with any card" duration="151"/>
    <testCase name="testing cardFilter funcionalities Should return data without  changes when search text was not provided" duration="142"/>
  </file>
  <file path="/home/lucascardoso/Arco/HubDigitalFront/packages/apps/hub-web/src/__tests__/services/mixpanel/clearAll.spec.ts">
    <testCase name="Mixpanel Services Should shoot the MixPanel reset function" duration="130"/>
    <testCase name="Mixpanel Services Show an error in the console if MixPanel is not instantiated" duration="180"/>
  </file>
  <file path="/home/lucascardoso/Arco/HubDigitalFront/packages/apps/hub-web/src/__tests__/store/modules/educationalStage/actions.spec.ts">
    <testCase name="Action of educationalStage history Should the setEducationalStage calls the correct action and receive the value within payload" duration="218"/>
    <testCase name="Action of educationalStage history Should the setEducationalStage calls the correct action and receive the value within payload" duration="147"/>
    <testCase name="Action of educationalStage history Should the setEducationalStage calls the correct action and receive the value within payload" duration="199"/>
  </file>
  <file path="/home/lucascardoso/Arco/HubDigitalFront/packages/apps/hub-web/src/__tests__/store/modules/educationalStage/reducer.spec.ts">
    <testCase name="Reducer of authentication history Should set the Educational Stage for the chosen" duration="159"/>
    <testCase name="Reducer of authentication history Should set the Educational Stage Default with the array of that the user has access to" duration="126"/>
    <testCase name="Reducer of authentication history Should reset all states" duration="234"/>
    <testCase name="Reducer of authentication history Should set Loading as True and Clean User Infos" duration="150"/>
    <testCase name="Reducer of authentication history Should return the unchanged state if it does not contain any action" duration="115"/>
  </file>
  <file path="/home/lucascardoso/Arco/HubDigitalFront/packages/apps/hub-web/src/__tests__/services/mixpanel/identifyUser.spec.ts">
    <testCase name="Mixpanel Services Should shoot the MixPanel reset function" duration="273"/>
    <testCase name="Mixpanel Services Show an error in the console if MixPanel is not instantiated" duration="190"/>
  </file>
  <file path="/home/lucascardoso/Arco/HubDigitalFront/packages/apps/hub-web/src/__tests__/services/mixpanel/toolOpened.spec.ts">
    <testCase name="testing if `mixpanel tool opened` function work properly mixpanelToolOpened send event with correct properties" duration="170"/>
    <testCase name="testing if `mixpanel tool opened` function work properly Show an error in the console if MixPanel is not instantiated" duration="205"/>
  </file>
  <file path="/home/lucascardoso/Arco/HubDigitalFront/packages/apps/hub-web/src/__tests__/store/modules/authProduct/reducer.spec.ts">
    <testCase name="authProduct reducer returns the initial state when an action type is not passed" duration="176"/>
    <testCase name="authProduct reducer should return change loading to true when a product is requested" duration="200"/>
    <testCase name="authProduct reducer loading is set to false on success action" duration="130"/>
    <testCase name="authProduct reducer loading is set to false on failure action" duration="146"/>
  </file>
  <file path="/home/lucascardoso/Arco/HubDigitalFront/packages/apps/hub-web/src/__tests__/store/modules/profile/reducer.spec.ts">
    <testCase name="authProduct reducer returns the initial state when an action type is not passed" duration="221"/>
    <testCase name="authProduct reducer loading is set to false on failure action" duration="120"/>
    <testCase name="authProduct reducer loading is set to false on failure action" duration="118"/>
    <testCase name="authProduct reducer loading is set to false on failure action" duration="83"/>
  </file>
  <file path="/home/lucascardoso/Arco/HubDigitalFront/packages/apps/hub-web/src/__tests__/validators/validators.spec.ts">
    <testCase name="ValidationError should work properly ValidationError should return the correct error data" duration="219"/>
    <testCase name="getValidationErrors should work properly getValidationErrors should give errors triggered by ValidationError" duration="102"/>
    <testCase name="getValidationErrors should work properly getValidationErrors should give errors triggered by ValidationError even when field name is not provided, replacing the fild with ` `" duration="117"/>
  </file>
  <file path="/home/lucascardoso/Arco/HubDigitalFront/packages/apps/hub-web/src/__tests__/hooks/useSendGlobalInfo.spec.ts">
    <testCase name="useSendGlobalInfo hook should work properly Global Variable `window.__HUB_USER_INFO__` should be undefined before initialization of useSendGlobalInfo hook" duration="131"/>
    <testCase name="useSendGlobalInfo hook should work properly Global Variable `window.__HUB_USER_INFO__` should be defined after initialization of useSendGlobalInfo hook" duration="202"/>
  </file>
  <file path="/home/lucascardoso/Arco/HubDigitalFront/packages/apps/hub-web/src/__tests__/utils/prepareSchoolAndRoles.spec.ts">
    <testCase name="Adjust school structure and profiles Should return data structure of schools" duration="211"/>
    <testCase name="Adjust school structure and profiles Should return data structure of Roles" duration="155"/>
  </file>
  <file path="/home/lucascardoso/Arco/HubDigitalFront/packages/apps/hub-web/src/__tests__/store/modules/myClasses/actions.spec.ts">
    <testCase name="Action of global history Should call the classesRequest action correctly and receive the value within payload" duration="163"/>
    <testCase name="Action of global history Should call the classesSuccess action correctly and receive the value within payload" duration="94"/>
    <testCase name="Action of global history Should call the classesFailure action correctly and receive the value within payload" duration="139"/>
  </file>
  <file path="/home/lucascardoso/Arco/HubDigitalFront/packages/apps/hub-web/src/__tests__/services/mixpanel/init.spec.ts">
    <testCase name="Mixpanel Services Should properly boot MixPanel" duration="183"/>
    <testCase name="Mixpanel Services Show an error in the console if MixPanel is not instantiated" duration="111"/>
  </file>
  <file path="/home/lucascardoso/Arco/HubDigitalFront/packages/apps/hub-web/src/__tests__/validators/auth/createNewPassword.spec.ts">
    <testCase name="CreateNewPasswordSchema must check the format of the new password Should return a `min characters` error if password is smaller than 5 characters" duration="174"/>
    <testCase name="CreateNewPasswordSchema must check the format of the new password Should return error if password is different of confirm-password" duration="147"/>
    <testCase name="CreateNewPasswordSchema must check the format of the new password Should return a `missing confirm-password` error if confirm-password was not provided" duration="148"/>
    <testCase name="CreateNewPasswordSchema must check the format of the new password Should return the `shape` if `password` and `confirm-password` is correct" duration="172"/>
  </file>
  <file path="/home/lucascardoso/Arco/HubDigitalFront/packages/apps/hub-web/src/__tests__/utils/transpileProfile.spec.ts">
    <testCase name="Profile structure Must return the correct structure following a pre-defined string" duration="147"/>
  </file>
  <file path="/home/lucascardoso/Arco/HubDigitalFront/packages/apps/hub-web/src/__tests__/amplitude/amplitudeToolOpened.spec.ts">
    <testCase name="testing if `amplitude tool opened` function work properly amplitudeToolOpened send event with correct properties" duration="158"/>
  </file>
  <file path="/home/lucascardoso/Arco/HubDigitalFront/packages/apps/hub-web/src/__tests__/services/history.spec.ts">
    <testCase name="history service should work properly should be defined" duration="134"/>
  </file>
  <file path="/home/lucascardoso/Arco/HubDigitalFront/packages/apps/hub-web/src/__tests__/pages/Iframe/useCardInformation.spec.ts">
    <testCase name="" duration="189"/>
  </file>
  <file path="/home/lucascardoso/Arco/HubDigitalFront/packages/apps/hub-web/src/__tests__/store/modules/profile/actions.spec.ts">
    <testCase name="profile module action creators should work properly should set profile with the correct payload" duration="97"/>
    <testCase name="profile module action creators should work properly should set profiles with the correct payload" duration="139"/>
  </file>
  <file path="/home/lucascardoso/Arco/HubDigitalFront/packages/apps/hub-web/src/__tests__/amplitude/amplitudeInit.spec.ts">
    <testCase name="testing if `amplitude init` function work properly Amplitude should initialize on amplitudeInit" duration="119"/>
  </file>
  <file path="/home/lucascardoso/Arco/HubDigitalFront/packages/apps/hub-web/src/__tests__/store/modules/productIntegrations/actions.spec.ts">
    <testCase name="Action of global history Should call the loading action correctly and receive the value within payload" duration="210"/>
  </file>
  <file path="/home/lucascardoso/Arco/HubDigitalFront/packages/common/__tests__/utils/documentTitle.spec.ts">
    <testCase name="expect documentTitle to work correctly should return documentTitle styled string" duration="3"/>
    <testCase name="expect documentTitle to work correctly should return default string when theres no env title" duration="1"/>
  </file>
  <file path="/home/lucascardoso/Arco/HubDigitalFront/packages/apps/hub-web/src/__tests__/amplitude/clearAll.spec.tsx">
    <testCase name="testing if `amplitude clear all` function work properly clearAll should clear all properties of amplitude`s session" duration="320"/>
  </file>
  <file path="/home/lucascardoso/Arco/HubDigitalFront/packages/apps/hub-web/src/__tests__/services/hotjar/hotjarInit.spec.ts">
    <testCase name="Should start Hotjar correctly" duration="108"/>
  </file>
  <file path="/home/lucascardoso/Arco/HubDigitalFront/packages/common/__tests__/utils/capitalize.spec.ts">
    <testCase name="expect capitalize to work correctly should return capitalized string" duration="1"/>
  </file>
  <file path="/home/lucascardoso/Arco/HubDigitalFront/packages/common/__tests__/components/Icon.spec.tsx">
    <testCase name="Root import icons I hope these components are called" duration="584"/>
  </file>
  <file path="/home/lucascardoso/Arco/HubDigitalFront/packages/apps/hub-web/src/__tests__/amplitude/identifyUser.spec.ts">
    <testCase name="testing if amplitude Set Id function work properly amplitudeSetId should send event with correct id" duration="209"/>
  </file>
  <file path="/home/lucascardoso/Arco/HubDigitalFront/packages/common/__tests__/utils/createSlug.spec.ts">
    <testCase name="expect createSlug to work correctly should convert string into slug" duration="2"/>
  </file>
</testExecutions>